ARM GAS  C:\Users\CHONGY~1\AppData\Local\Temp\ccmFdSCF.s 			page 1


   1              		.syntax unified
   2              		.cpu cortex-m3
   3              		.fpu softvfp
   4              		.eabi_attribute 20, 1
   5              		.eabi_attribute 21, 1
   6              		.eabi_attribute 23, 3
   7              		.eabi_attribute 24, 1
   8              		.eabi_attribute 25, 1
   9              		.eabi_attribute 26, 1
  10              		.eabi_attribute 30, 1
  11              		.eabi_attribute 34, 1
  12              		.eabi_attribute 18, 4
  13              		.thumb
  14              		.syntax unified
  15              		.file	"cymetadata.c"
  16              		.text
  17              	.Ltext0:
  18              		.cfi_sections	.debug_frame
  19              		.global	cy_metadata
  20              		.global	cy_meta_flashprotect
  21              		.global	cy_meta_wonvl
  22              		.global	cy_meta_custnvl
  23              		.global	cy_meta_configecc
  24              		.section	.cyconfigecc,"a",%progbits
  25              		.align	2
  26              		.type	cy_meta_configecc, %object
  27              		.size	cy_meta_configecc, 2472
  28              	cy_meta_configecc:
  29 0000 01       		.byte	1
  30 0001 4F       		.byte	79
  31 0002 00       		.byte	0
  32 0003 40       		.byte	64
  33 0004 03       		.byte	3
  34 0005 52       		.byte	82
  35 0006 00       		.byte	0
  36 0007 40       		.byte	64
  37 0008 06       		.byte	6
  38 0009 64       		.byte	100
  39 000a 00       		.byte	0
  40 000b 40       		.byte	64
  41 000c 01       		.byte	1
  42 000d 65       		.byte	101
  43 000e 00       		.byte	0
  44 000f 40       		.byte	64
  45 0010 01       		.byte	1
  46 0011 03       		.byte	3
  47 0012 01       		.byte	1
  48 0013 40       		.byte	64
  49 0014 06       		.byte	6
  50 0015 05       		.byte	5
  51 0016 01       		.byte	1
  52 0017 40       		.byte	64
  53 0018 59       		.byte	89
  54 0019 06       		.byte	6
  55 001a 01       		.byte	1
  56 001b 40       		.byte	64
  57 001c 39       		.byte	57
ARM GAS  C:\Users\CHONGY~1\AppData\Local\Temp\ccmFdSCF.s 			page 2


  58 001d 07       		.byte	7
  59 001e 01       		.byte	1
  60 001f 40       		.byte	64
  61 0020 68       		.byte	104
  62 0021 08       		.byte	8
  63 0022 01       		.byte	1
  64 0023 40       		.byte	64
  65 0024 47       		.byte	71
  66 0025 09       		.byte	9
  67 0026 01       		.byte	1
  68 0027 40       		.byte	64
  69 0028 54       		.byte	84
  70 0029 0A       		.byte	10
  71 002a 01       		.byte	1
  72 002b 40       		.byte	64
  73 002c 4C       		.byte	76
  74 002d 0B       		.byte	11
  75 002e 01       		.byte	1
  76 002f 40       		.byte	64
  77 0030 50       		.byte	80
  78 0031 0C       		.byte	12
  79 0032 01       		.byte	1
  80 0033 40       		.byte	64
  81 0034 43       		.byte	67
  82 0035 0D       		.byte	13
  83 0036 01       		.byte	1
  84 0037 40       		.byte	64
  85 0038 52       		.byte	82
  86 0039 0E       		.byte	14
  87 003a 01       		.byte	1
  88 003b 40       		.byte	64
  89 003c 39       		.byte	57
  90 003d 0F       		.byte	15
  91 003e 01       		.byte	1
  92 003f 40       		.byte	64
  93 0040 02       		.byte	2
  94 0041 15       		.byte	21
  95 0042 01       		.byte	1
  96 0043 40       		.byte	64
  97 0044 07       		.byte	7
  98 0045 17       		.byte	23
  99 0046 01       		.byte	1
 100 0047 40       		.byte	64
 101 0048 5E       		.byte	94
 102 0049 18       		.byte	24
 103 004a 01       		.byte	1
 104 004b 40       		.byte	64
 105 004c 51       		.byte	81
 106 004d 19       		.byte	25
 107 004e 01       		.byte	1
 108 004f 40       		.byte	64
 109 0050 48       		.byte	72
 110 0051 1A       		.byte	26
 111 0052 01       		.byte	1
 112 0053 40       		.byte	64
 113 0054 49       		.byte	73
 114 0055 1B       		.byte	27
ARM GAS  C:\Users\CHONGY~1\AppData\Local\Temp\ccmFdSCF.s 			page 3


 115 0056 01       		.byte	1
 116 0057 40       		.byte	64
 117 0058 02       		.byte	2
 118 0059 41       		.byte	65
 119 005a 01       		.byte	1
 120 005b 40       		.byte	64
 121 005c 03       		.byte	3
 122 005d 42       		.byte	66
 123 005e 01       		.byte	1
 124 005f 40       		.byte	64
 125 0060 02       		.byte	2
 126 0061 43       		.byte	67
 127 0062 01       		.byte	1
 128 0063 40       		.byte	64
 129 0064 02       		.byte	2
 130 0065 44       		.byte	68
 131 0066 01       		.byte	1
 132 0067 40       		.byte	64
 133 0068 05       		.byte	5
 134 0069 45       		.byte	69
 135 006a 01       		.byte	1
 136 006b 40       		.byte	64
 137 006c 03       		.byte	3
 138 006d 46       		.byte	70
 139 006e 01       		.byte	1
 140 006f 40       		.byte	64
 141 0070 01       		.byte	1
 142 0071 48       		.byte	72
 143 0072 01       		.byte	1
 144 0073 40       		.byte	64
 145 0074 03       		.byte	3
 146 0075 49       		.byte	73
 147 0076 01       		.byte	1
 148 0077 40       		.byte	64
 149 0078 03       		.byte	3
 150 0079 4C       		.byte	76
 151 007a 01       		.byte	1
 152 007b 40       		.byte	64
 153 007c 07       		.byte	7
 154 007d 4D       		.byte	77
 155 007e 01       		.byte	1
 156 007f 40       		.byte	64
 157 0080 06       		.byte	6
 158 0081 50       		.byte	80
 159 0082 01       		.byte	1
 160 0083 40       		.byte	64
 161 0084 0A       		.byte	10
 162 0085 4B       		.byte	75
 163 0086 18       		.byte	24
 164 0087 01       		.byte	1
 165 0088 19       		.byte	25
 166 0089 01       		.byte	1
 167 008a 64       		.byte	100
 168 008b 40       		.byte	64
 169 008c 86       		.byte	-122
 170 008d 0F       		.byte	15
 171 008e 87       		.byte	-121
ARM GAS  C:\Users\CHONGY~1\AppData\Local\Temp\ccmFdSCF.s 			page 4


 172 008f 6F       		.byte	111
 173 0090 89       		.byte	-119
 174 0091 72       		.byte	114
 175 0092 8A       		.byte	-118
 176 0093 0F       		.byte	15
 177 0094 8D       		.byte	-115
 178 0095 38       		.byte	56
 179 0096 8E       		.byte	-114
 180 0097 6F       		.byte	111
 181 0098 8B       		.byte	-117
 182 0099 0F       		.byte	15
 183 009a EA       		.byte	-22
 184 009b 80       		.byte	-128
 185 009c 06       		.byte	6
 186 009d 08       		.byte	8
 187 009e 07       		.byte	7
 188 009f 08       		.byte	8
 189 00a0 8D       		.byte	-115
 190 00a1 40       		.byte	64
 191 00a2 98       		.byte	-104
 192 00a3 01       		.byte	1
 193 00a4 AC       		.byte	-84
 194 00a5 01       		.byte	1
 195 00a6 EA       		.byte	-22
 196 00a7 02       		.byte	2
 197 00a8 09       		.byte	9
 198 00a9 03       		.byte	3
 199 00aa 10       		.byte	16
 200 00ab 08       		.byte	8
 201 00ac 13       		.byte	19
 202 00ad 0C       		.byte	12
 203 00ae 18       		.byte	24
 204 00af 03       		.byte	3
 205 00b0 1A       		.byte	26
 206 00b1 0C       		.byte	12
 207 00b2 1C       		.byte	28
 208 00b3 03       		.byte	3
 209 00b4 1D       		.byte	29
 210 00b5 04       		.byte	4
 211 00b6 20       		.byte	32
 212 00b7 01       		.byte	1
 213 00b8 23       		.byte	35
 214 00b9 03       		.byte	3
 215 00ba 2D       		.byte	45
 216 00bb 02       		.byte	2
 217 00bc 2F       		.byte	47
 218 00bd 01       		.byte	1
 219 00be 30       		.byte	48
 220 00bf 04       		.byte	4
 221 00c0 31       		.byte	49
 222 00c1 08       		.byte	8
 223 00c2 32       		.byte	50
 224 00c3 01       		.byte	1
 225 00c4 33       		.byte	51
 226 00c5 02       		.byte	2
 227 00c6 34       		.byte	52
 228 00c7 08       		.byte	8
ARM GAS  C:\Users\CHONGY~1\AppData\Local\Temp\ccmFdSCF.s 			page 5


 229 00c8 35       		.byte	53
 230 00c9 01       		.byte	1
 231 00ca 36       		.byte	54
 232 00cb 02       		.byte	2
 233 00cc 37       		.byte	55
 234 00cd 04       		.byte	4
 235 00ce 38       		.byte	56
 236 00cf 88       		.byte	-120
 237 00d0 3E       		.byte	62
 238 00d1 14       		.byte	20
 239 00d2 3F       		.byte	63
 240 00d3 54       		.byte	84
 241 00d4 40       		.byte	64
 242 00d5 43       		.byte	67
 243 00d6 41       		.byte	65
 244 00d7 05       		.byte	5
 245 00d8 49       		.byte	73
 246 00d9 FF       		.byte	-1
 247 00da 4A       		.byte	74
 248 00db FF       		.byte	-1
 249 00dc 4B       		.byte	75
 250 00dd FF       		.byte	-1
 251 00de 4D       		.byte	77
 252 00df A0       		.byte	-96
 253 00e0 4F       		.byte	79
 254 00e1 01       		.byte	1
 255 00e2 50       		.byte	80
 256 00e3 18       		.byte	24
 257 00e4 54       		.byte	84
 258 00e5 0F       		.byte	15
 259 00e6 58       		.byte	88
 260 00e7 04       		.byte	4
 261 00e8 59       		.byte	89
 262 00e9 04       		.byte	4
 263 00ea 5A       		.byte	90
 264 00eb 04       		.byte	4
 265 00ec 5B       		.byte	91
 266 00ed 04       		.byte	4
 267 00ee 5F       		.byte	95
 268 00ef 01       		.byte	1
 269 00f0 60       		.byte	96
 270 00f1 40       		.byte	64
 271 00f2 62       		.byte	98
 272 00f3 80       		.byte	-128
 273 00f4 64       		.byte	100
 274 00f5 40       		.byte	64
 275 00f6 65       		.byte	101
 276 00f7 40       		.byte	64
 277 00f8 66       		.byte	102
 278 00f9 80       		.byte	-128
 279 00fa 68       		.byte	104
 280 00fb 40       		.byte	64
 281 00fc 6A       		.byte	106
 282 00fd 80       		.byte	-128
 283 00fe 6C       		.byte	108
 284 00ff 40       		.byte	64
 285 0100 6D       		.byte	109
ARM GAS  C:\Users\CHONGY~1\AppData\Local\Temp\ccmFdSCF.s 			page 6


 286 0101 20       		.byte	32
 287 0102 6E       		.byte	110
 288 0103 80       		.byte	-128
 289 0104 88       		.byte	-120
 290 0105 02       		.byte	2
 291 0106 92       		.byte	-110
 292 0107 01       		.byte	1
 293 0108 93       		.byte	-109
 294 0109 01       		.byte	1
 295 010a 9B       		.byte	-101
 296 010b 01       		.byte	1
 297 010c A3       		.byte	-93
 298 010d 02       		.byte	2
 299 010e A9       		.byte	-87
 300 010f 01       		.byte	1
 301 0110 AE       		.byte	-82
 302 0111 06       		.byte	6
 303 0112 B0       		.byte	-80
 304 0113 02       		.byte	2
 305 0114 B1       		.byte	-79
 306 0115 01       		.byte	1
 307 0116 B2       		.byte	-78
 308 0117 04       		.byte	4
 309 0118 B3       		.byte	-77
 310 0119 02       		.byte	2
 311 011a B4       		.byte	-76
 312 011b 01       		.byte	1
 313 011c BE       		.byte	-66
 314 011d 01       		.byte	1
 315 011e BF       		.byte	-65
 316 011f 01       		.byte	1
 317 0120 C0       		.byte	-64
 318 0121 43       		.byte	67
 319 0122 C1       		.byte	-63
 320 0123 05       		.byte	5
 321 0124 C5       		.byte	-59
 322 0125 23       		.byte	35
 323 0126 C6       		.byte	-58
 324 0127 C0       		.byte	-64
 325 0128 C7       		.byte	-57
 326 0129 4E       		.byte	78
 327 012a C8       		.byte	-56
 328 012b 3B       		.byte	59
 329 012c C9       		.byte	-55
 330 012d FF       		.byte	-1
 331 012e CA       		.byte	-54
 332 012f FF       		.byte	-1
 333 0130 CB       		.byte	-53
 334 0131 FF       		.byte	-1
 335 0132 CD       		.byte	-51
 336 0133 AF       		.byte	-81
 337 0134 CE       		.byte	-50
 338 0135 07       		.byte	7
 339 0136 CF       		.byte	-49
 340 0137 01       		.byte	1
 341 0138 D0       		.byte	-48
 342 0139 18       		.byte	24
ARM GAS  C:\Users\CHONGY~1\AppData\Local\Temp\ccmFdSCF.s 			page 7


 343 013a D4       		.byte	-44
 344 013b 0F       		.byte	15
 345 013c D8       		.byte	-40
 346 013d 04       		.byte	4
 347 013e D9       		.byte	-39
 348 013f 04       		.byte	4
 349 0140 DA       		.byte	-38
 350 0141 04       		.byte	4
 351 0142 DB       		.byte	-37
 352 0143 04       		.byte	4
 353 0144 DF       		.byte	-33
 354 0145 05       		.byte	5
 355 0146 E0       		.byte	-32
 356 0147 40       		.byte	64
 357 0148 E2       		.byte	-30
 358 0149 80       		.byte	-128
 359 014a E4       		.byte	-28
 360 014b 40       		.byte	64
 361 014c E5       		.byte	-27
 362 014d 40       		.byte	64
 363 014e E6       		.byte	-26
 364 014f 80       		.byte	-128
 365 0150 E8       		.byte	-24
 366 0151 40       		.byte	64
 367 0152 EA       		.byte	-22
 368 0153 80       		.byte	-128
 369 0154 EC       		.byte	-20
 370 0155 40       		.byte	64
 371 0156 ED       		.byte	-19
 372 0157 20       		.byte	32
 373 0158 EE       		.byte	-18
 374 0159 80       		.byte	-128
 375 015a 00       		.byte	0
 376 015b 10       		.byte	16
 377 015c 08       		.byte	8
 378 015d 01       		.byte	1
 379 015e 0E       		.byte	14
 380 015f 80       		.byte	-128
 381 0160 0F       		.byte	15
 382 0161 05       		.byte	5
 383 0162 10       		.byte	16
 384 0163 02       		.byte	2
 385 0164 15       		.byte	21
 386 0165 02       		.byte	2
 387 0166 18       		.byte	24
 388 0167 10       		.byte	16
 389 0168 19       		.byte	25
 390 0169 20       		.byte	32
 391 016a 1A       		.byte	26
 392 016b 80       		.byte	-128
 393 016c 1D       		.byte	29
 394 016d 08       		.byte	8
 395 016e 1E       		.byte	30
 396 016f 84       		.byte	-124
 397 0170 1F       		.byte	31
 398 0171 40       		.byte	64
 399 0172 20       		.byte	32
ARM GAS  C:\Users\CHONGY~1\AppData\Local\Temp\ccmFdSCF.s 			page 8


 400 0173 20       		.byte	32
 401 0174 21       		.byte	33
 402 0175 02       		.byte	2
 403 0176 24       		.byte	36
 404 0177 04       		.byte	4
 405 0178 27       		.byte	39
 406 0179 61       		.byte	97
 407 017a 28       		.byte	40
 408 017b 40       		.byte	64
 409 017c 29       		.byte	41
 410 017d 20       		.byte	32
 411 017e 2D       		.byte	45
 412 017f 40       		.byte	64
 413 0180 2F       		.byte	47
 414 0181 40       		.byte	64
 415 0182 30       		.byte	48
 416 0183 21       		.byte	33
 417 0184 35       		.byte	53
 418 0185 02       		.byte	2
 419 0186 37       		.byte	55
 420 0187 40       		.byte	64
 421 0188 3C       		.byte	60
 422 0189 10       		.byte	16
 423 018a 41       		.byte	65
 424 018b 0A       		.byte	10
 425 018c 45       		.byte	69
 426 018d 0A       		.byte	10
 427 018e 49       		.byte	73
 428 018f 82       		.byte	-126
 429 0190 4B       		.byte	75
 430 0191 05       		.byte	5
 431 0192 4D       		.byte	77
 432 0193 C0       		.byte	-64
 433 0194 50       		.byte	80
 434 0195 02       		.byte	2
 435 0196 52       		.byte	82
 436 0197 14       		.byte	20
 437 0198 59       		.byte	89
 438 0199 10       		.byte	16
 439 019a 5A       		.byte	90
 440 019b 84       		.byte	-124
 441 019c 5B       		.byte	91
 442 019d 01       		.byte	1
 443 019e 5E       		.byte	94
 444 019f 41       		.byte	65
 445 01a0 5F       		.byte	95
 446 01a1 28       		.byte	40
 447 01a2 62       		.byte	98
 448 01a3 14       		.byte	20
 449 01a4 79       		.byte	121
 450 01a5 02       		.byte	2
 451 01a6 86       		.byte	-122
 452 01a7 01       		.byte	1
 453 01a8 91       		.byte	-111
 454 01a9 42       		.byte	66
 455 01aa 98       		.byte	-104
 456 01ab 01       		.byte	1
ARM GAS  C:\Users\CHONGY~1\AppData\Local\Temp\ccmFdSCF.s 			page 9


 457 01ac 9B       		.byte	-101
 458 01ad 08       		.byte	8
 459 01ae AD       		.byte	-83
 460 01af 01       		.byte	1
 461 01b0 AE       		.byte	-82
 462 01b1 08       		.byte	8
 463 01b2 C0       		.byte	-64
 464 01b3 02       		.byte	2
 465 01b4 C2       		.byte	-62
 466 01b5 D8       		.byte	-40
 467 01b6 C4       		.byte	-60
 468 01b7 11       		.byte	17
 469 01b8 CA       		.byte	-54
 470 01b9 95       		.byte	-107
 471 01ba CC       		.byte	-52
 472 01bb 95       		.byte	-107
 473 01bc CE       		.byte	-50
 474 01bd 20       		.byte	32
 475 01be D0       		.byte	-48
 476 01bf C3       		.byte	-61
 477 01c0 D2       		.byte	-46
 478 01c1 18       		.byte	24
 479 01c2 D6       		.byte	-42
 480 01c3 FF       		.byte	-1
 481 01c4 D8       		.byte	-40
 482 01c5 06       		.byte	6
 483 01c6 DE       		.byte	-34
 484 01c7 01       		.byte	1
 485 01c8 E2       		.byte	-30
 486 01c9 08       		.byte	8
 487 01ca EE       		.byte	-18
 488 01cb 02       		.byte	2
 489 01cc 00       		.byte	0
 490 01cd 30       		.byte	48
 491 01ce 01       		.byte	1
 492 01cf 0E       		.byte	14
 493 01d0 02       		.byte	2
 494 01d1 C9       		.byte	-55
 495 01d2 03       		.byte	3
 496 01d3 F0       		.byte	-16
 497 01d4 05       		.byte	5
 498 01d5 96       		.byte	-106
 499 01d6 07       		.byte	7
 500 01d7 68       		.byte	104
 501 01d8 09       		.byte	9
 502 01d9 A3       		.byte	-93
 503 01da 0A       		.byte	10
 504 01db 0F       		.byte	15
 505 01dc 0B       		.byte	11
 506 01dd 5C       		.byte	92
 507 01de 10       		.byte	16
 508 01df 94       		.byte	-108
 509 01e0 12       		.byte	18
 510 01e1 60       		.byte	96
 511 01e2 14       		.byte	20
 512 01e3 FD       		.byte	-3
 513 01e4 15       		.byte	21
ARM GAS  C:\Users\CHONGY~1\AppData\Local\Temp\ccmFdSCF.s 			page 10


 514 01e5 FE       		.byte	-2
 515 01e6 16       		.byte	22
 516 01e7 02       		.byte	2
 517 01e8 17       		.byte	23
 518 01e9 01       		.byte	1
 519 01ea 18       		.byte	24
 520 01eb CF       		.byte	-49
 521 01ec 1A       		.byte	26
 522 01ed 30       		.byte	48
 523 01ee 1B       		.byte	27
 524 01ef 01       		.byte	1
 525 01f0 1C       		.byte	28
 526 01f1 73       		.byte	115
 527 01f2 24       		.byte	36
 528 01f3 9E       		.byte	-98
 529 01f4 25       		.byte	37
 530 01f5 C5       		.byte	-59
 531 01f6 26       		.byte	38
 532 01f7 60       		.byte	96
 533 01f8 27       		.byte	39
 534 01f9 3A       		.byte	58
 535 01fa 29       		.byte	41
 536 01fb 7F       		.byte	127
 537 01fc 30       		.byte	48
 538 01fd FF       		.byte	-1
 539 01fe 37       		.byte	55
 540 01ff FF       		.byte	-1
 541 0200 3E       		.byte	62
 542 0201 01       		.byte	1
 543 0202 3F       		.byte	63
 544 0203 40       		.byte	64
 545 0204 40       		.byte	64
 546 0205 65       		.byte	101
 547 0206 41       		.byte	65
 548 0207 03       		.byte	3
 549 0208 49       		.byte	73
 550 0209 FF       		.byte	-1
 551 020a 4A       		.byte	74
 552 020b FF       		.byte	-1
 553 020c 4B       		.byte	75
 554 020d FF       		.byte	-1
 555 020e 4D       		.byte	77
 556 020f A0       		.byte	-96
 557 0210 4F       		.byte	79
 558 0211 01       		.byte	1
 559 0212 50       		.byte	80
 560 0213 18       		.byte	24
 561 0214 58       		.byte	88
 562 0215 04       		.byte	4
 563 0216 59       		.byte	89
 564 0217 04       		.byte	4
 565 0218 5A       		.byte	90
 566 0219 04       		.byte	4
 567 021a 5F       		.byte	95
 568 021b 01       		.byte	1
 569 021c 60       		.byte	96
 570 021d 40       		.byte	64
ARM GAS  C:\Users\CHONGY~1\AppData\Local\Temp\ccmFdSCF.s 			page 11


 571 021e 62       		.byte	98
 572 021f 80       		.byte	-128
 573 0220 64       		.byte	100
 574 0221 40       		.byte	64
 575 0222 65       		.byte	101
 576 0223 40       		.byte	64
 577 0224 66       		.byte	102
 578 0225 80       		.byte	-128
 579 0226 68       		.byte	104
 580 0227 40       		.byte	64
 581 0228 6A       		.byte	106
 582 0229 80       		.byte	-128
 583 022a 6C       		.byte	108
 584 022b 40       		.byte	64
 585 022c 6D       		.byte	109
 586 022d 20       		.byte	32
 587 022e 6E       		.byte	110
 588 022f 80       		.byte	-128
 589 0230 85       		.byte	-123
 590 0231 01       		.byte	1
 591 0232 86       		.byte	-122
 592 0233 23       		.byte	35
 593 0234 89       		.byte	-119
 594 0235 01       		.byte	1
 595 0236 8A       		.byte	-118
 596 0237 04       		.byte	4
 597 0238 8C       		.byte	-116
 598 0239 1C       		.byte	28
 599 023a 8D       		.byte	-115
 600 023b 01       		.byte	1
 601 023c 8E       		.byte	-114
 602 023d 61       		.byte	97
 603 023e 90       		.byte	-112
 604 023f 1C       		.byte	28
 605 0240 92       		.byte	-110
 606 0241 62       		.byte	98
 607 0242 98       		.byte	-104
 608 0243 67       		.byte	103
 609 0244 9A       		.byte	-102
 610 0245 18       		.byte	24
 611 0246 9C       		.byte	-100
 612 0247 7F       		.byte	127
 613 0248 A0       		.byte	-96
 614 0249 10       		.byte	16
 615 024a A4       		.byte	-92
 616 024b 08       		.byte	8
 617 024c A8       		.byte	-88
 618 024d 18       		.byte	24
 619 024e AC       		.byte	-84
 620 024f 04       		.byte	4
 621 0250 B0       		.byte	-80
 622 0251 1F       		.byte	31
 623 0252 B4       		.byte	-76
 624 0253 40       		.byte	64
 625 0254 B5       		.byte	-75
 626 0255 01       		.byte	1
 627 0256 B6       		.byte	-74
ARM GAS  C:\Users\CHONGY~1\AppData\Local\Temp\ccmFdSCF.s 			page 12


 628 0257 38       		.byte	56
 629 0258 B8       		.byte	-72
 630 0259 20       		.byte	32
 631 025a BA       		.byte	-70
 632 025b 82       		.byte	-126
 633 025c C0       		.byte	-64
 634 025d 65       		.byte	101
 635 025e C1       		.byte	-63
 636 025f 03       		.byte	3
 637 0260 C5       		.byte	-59
 638 0261 42       		.byte	66
 639 0262 C6       		.byte	-58
 640 0263 CE       		.byte	-50
 641 0264 C7       		.byte	-57
 642 0265 30       		.byte	48
 643 0266 C8       		.byte	-56
 644 0267 2F       		.byte	47
 645 0268 C9       		.byte	-55
 646 0269 FF       		.byte	-1
 647 026a CA       		.byte	-54
 648 026b FF       		.byte	-1
 649 026c CB       		.byte	-53
 650 026d FF       		.byte	-1
 651 026e CD       		.byte	-51
 652 026f AF       		.byte	-81
 653 0270 CE       		.byte	-50
 654 0271 07       		.byte	7
 655 0272 CF       		.byte	-49
 656 0273 01       		.byte	1
 657 0274 D0       		.byte	-48
 658 0275 18       		.byte	24
 659 0276 D6       		.byte	-42
 660 0277 02       		.byte	2
 661 0278 D7       		.byte	-41
 662 0279 13       		.byte	19
 663 027a D8       		.byte	-40
 664 027b 04       		.byte	4
 665 027c D9       		.byte	-39
 666 027d 04       		.byte	4
 667 027e DA       		.byte	-38
 668 027f 04       		.byte	4
 669 0280 DB       		.byte	-37
 670 0281 04       		.byte	4
 671 0282 DC       		.byte	-36
 672 0283 11       		.byte	17
 673 0284 DD       		.byte	-35
 674 0285 10       		.byte	16
 675 0286 DF       		.byte	-33
 676 0287 01       		.byte	1
 677 0288 E0       		.byte	-32
 678 0289 40       		.byte	64
 679 028a E2       		.byte	-30
 680 028b 80       		.byte	-128
 681 028c E4       		.byte	-28
 682 028d 40       		.byte	64
 683 028e E5       		.byte	-27
 684 028f 40       		.byte	64
ARM GAS  C:\Users\CHONGY~1\AppData\Local\Temp\ccmFdSCF.s 			page 13


 685 0290 E6       		.byte	-26
 686 0291 80       		.byte	-128
 687 0292 E8       		.byte	-24
 688 0293 40       		.byte	64
 689 0294 EA       		.byte	-22
 690 0295 80       		.byte	-128
 691 0296 EC       		.byte	-20
 692 0297 40       		.byte	64
 693 0298 ED       		.byte	-19
 694 0299 20       		.byte	32
 695 029a EE       		.byte	-18
 696 029b 80       		.byte	-128
 697 029c 00       		.byte	0
 698 029d 14       		.byte	20
 699 029e 01       		.byte	1
 700 029f 80       		.byte	-128
 701 02a0 04       		.byte	4
 702 02a1 02       		.byte	2
 703 02a2 05       		.byte	5
 704 02a3 10       		.byte	16
 705 02a4 07       		.byte	7
 706 02a5 04       		.byte	4
 707 02a6 08       		.byte	8
 708 02a7 10       		.byte	16
 709 02a8 09       		.byte	9
 710 02a9 80       		.byte	-128
 711 02aa 0A       		.byte	10
 712 02ab 80       		.byte	-128
 713 02ac 0D       		.byte	13
 714 02ad 0A       		.byte	10
 715 02ae 0E       		.byte	14
 716 02af 02       		.byte	2
 717 02b0 0F       		.byte	15
 718 02b1 06       		.byte	6
 719 02b2 10       		.byte	16
 720 02b3 AA       		.byte	-86
 721 02b4 16       		.byte	22
 722 02b5 20       		.byte	32
 723 02b6 19       		.byte	25
 724 02b7 A0       		.byte	-96
 725 02b8 1A       		.byte	26
 726 02b9 80       		.byte	-128
 727 02ba 1E       		.byte	30
 728 02bb 40       		.byte	64
 729 02bc 20       		.byte	32
 730 02bd 04       		.byte	4
 731 02be 25       		.byte	37
 732 02bf 40       		.byte	64
 733 02c0 2F       		.byte	47
 734 02c1 18       		.byte	24
 735 02c2 36       		.byte	54
 736 02c3 08       		.byte	8
 737 02c4 37       		.byte	55
 738 02c5 20       		.byte	32
 739 02c6 39       		.byte	57
 740 02c7 54       		.byte	84
 741 02c8 3D       		.byte	61
ARM GAS  C:\Users\CHONGY~1\AppData\Local\Temp\ccmFdSCF.s 			page 14


 742 02c9 21       		.byte	33
 743 02ca 3E       		.byte	62
 744 02cb 05       		.byte	5
 745 02cc 43       		.byte	67
 746 02cd 04       		.byte	4
 747 02ce 47       		.byte	71
 748 02cf 04       		.byte	4
 749 02d0 4A       		.byte	74
 750 02d1 02       		.byte	2
 751 02d2 4B       		.byte	75
 752 02d3 19       		.byte	25
 753 02d4 4E       		.byte	78
 754 02d5 06       		.byte	6
 755 02d6 4F       		.byte	79
 756 02d7 10       		.byte	16
 757 02d8 52       		.byte	82
 758 02d9 20       		.byte	32
 759 02da 53       		.byte	83
 760 02db 81       		.byte	-127
 761 02dc 59       		.byte	89
 762 02dd 02       		.byte	2
 763 02de 68       		.byte	104
 764 02df 10       		.byte	16
 765 02e0 69       		.byte	105
 766 02e1 54       		.byte	84
 767 02e2 70       		.byte	112
 768 02e3 BC       		.byte	-68
 769 02e4 86       		.byte	-122
 770 02e5 08       		.byte	8
 771 02e6 8E       		.byte	-114
 772 02e7 48       		.byte	72
 773 02e8 92       		.byte	-110
 774 02e9 0D       		.byte	13
 775 02ea 94       		.byte	-108
 776 02eb 02       		.byte	2
 777 02ec 95       		.byte	-107
 778 02ed 28       		.byte	40
 779 02ee 96       		.byte	-106
 780 02ef 82       		.byte	-126
 781 02f0 97       		.byte	-105
 782 02f1 2E       		.byte	46
 783 02f2 98       		.byte	-104
 784 02f3 02       		.byte	2
 785 02f4 99       		.byte	-103
 786 02f5 02       		.byte	2
 787 02f6 9A       		.byte	-102
 788 02f7 30       		.byte	48
 789 02f8 9B       		.byte	-101
 790 02f9 20       		.byte	32
 791 02fa 9C       		.byte	-100
 792 02fb B0       		.byte	-80
 793 02fc 9D       		.byte	-99
 794 02fd A5       		.byte	-91
 795 02fe 9E       		.byte	-98
 796 02ff 40       		.byte	64
 797 0300 9F       		.byte	-97
 798 0301 08       		.byte	8
ARM GAS  C:\Users\CHONGY~1\AppData\Local\Temp\ccmFdSCF.s 			page 15


 799 0302 A0       		.byte	-96
 800 0303 40       		.byte	64
 801 0304 A1       		.byte	-95
 802 0305 90       		.byte	-112
 803 0306 A2       		.byte	-94
 804 0307 83       		.byte	-125
 805 0308 A3       		.byte	-93
 806 0309 08       		.byte	8
 807 030a A5       		.byte	-91
 808 030b 4A       		.byte	74
 809 030c A6       		.byte	-90
 810 030d 28       		.byte	40
 811 030e A8       		.byte	-88
 812 030f 80       		.byte	-128
 813 0310 AB       		.byte	-85
 814 0311 10       		.byte	16
 815 0312 AC       		.byte	-84
 816 0313 03       		.byte	3
 817 0314 AE       		.byte	-82
 818 0315 10       		.byte	16
 819 0316 AF       		.byte	-81
 820 0317 08       		.byte	8
 821 0318 C0       		.byte	-64
 822 0319 57       		.byte	87
 823 031a C2       		.byte	-62
 824 031b FB       		.byte	-5
 825 031c C4       		.byte	-60
 826 031d 2F       		.byte	47
 827 031e CA       		.byte	-54
 828 031f 60       		.byte	96
 829 0320 CC       		.byte	-52
 830 0321 60       		.byte	96
 831 0322 CE       		.byte	-50
 832 0323 EE       		.byte	-18
 833 0324 D0       		.byte	-48
 834 0325 42       		.byte	66
 835 0326 D2       		.byte	-46
 836 0327 3C       		.byte	60
 837 0328 D6       		.byte	-42
 838 0329 01       		.byte	1
 839 032a 01       		.byte	1
 840 032b 04       		.byte	4
 841 032c 04       		.byte	4
 842 032d 93       		.byte	-109
 843 032e 06       		.byte	6
 844 032f 0C       		.byte	12
 845 0330 07       		.byte	7
 846 0331 01       		.byte	1
 847 0332 08       		.byte	8
 848 0333 0A       		.byte	10
 849 0334 0A       		.byte	10
 850 0335 94       		.byte	-108
 851 0336 0B       		.byte	11
 852 0337 01       		.byte	1
 853 0338 0F       		.byte	15
 854 0339 04       		.byte	4
 855 033a 10       		.byte	16
ARM GAS  C:\Users\CHONGY~1\AppData\Local\Temp\ccmFdSCF.s 			page 16


 856 033b 40       		.byte	64
 857 033c 16       		.byte	22
 858 033d 08       		.byte	8
 859 033e 20       		.byte	32
 860 033f 03       		.byte	3
 861 0340 22       		.byte	34
 862 0341 84       		.byte	-124
 863 0342 23       		.byte	35
 864 0343 08       		.byte	8
 865 0344 24       		.byte	36
 866 0345 20       		.byte	32
 867 0346 26       		.byte	38
 868 0347 85       		.byte	-123
 869 0348 28       		.byte	40
 870 0349 93       		.byte	-109
 871 034a 2A       		.byte	42
 872 034b 04       		.byte	4
 873 034c 2B       		.byte	43
 874 034d 08       		.byte	8
 875 034e 2F       		.byte	47
 876 034f 06       		.byte	6
 877 0350 30       		.byte	48
 878 0351 80       		.byte	-128
 879 0352 31       		.byte	49
 880 0353 02       		.byte	2
 881 0354 32       		.byte	50
 882 0355 30       		.byte	48
 883 0356 33       		.byte	51
 884 0357 04       		.byte	4
 885 0358 34       		.byte	52
 886 0359 0F       		.byte	15
 887 035a 35       		.byte	53
 888 035b 08       		.byte	8
 889 035c 36       		.byte	54
 890 035d 40       		.byte	64
 891 035e 37       		.byte	55
 892 035f 01       		.byte	1
 893 0360 38       		.byte	56
 894 0361 08       		.byte	8
 895 0362 3A       		.byte	58
 896 0363 20       		.byte	32
 897 0364 3E       		.byte	62
 898 0365 41       		.byte	65
 899 0366 3F       		.byte	63
 900 0367 54       		.byte	84
 901 0368 40       		.byte	64
 902 0369 21       		.byte	33
 903 036a 41       		.byte	65
 904 036b 06       		.byte	6
 905 036c 46       		.byte	70
 906 036d EC       		.byte	-20
 907 036e 47       		.byte	71
 908 036f 0B       		.byte	11
 909 0370 48       		.byte	72
 910 0371 1C       		.byte	28
 911 0372 49       		.byte	73
 912 0373 FF       		.byte	-1
ARM GAS  C:\Users\CHONGY~1\AppData\Local\Temp\ccmFdSCF.s 			page 17


 913 0374 4A       		.byte	74
 914 0375 FF       		.byte	-1
 915 0376 4B       		.byte	75
 916 0377 FF       		.byte	-1
 917 0378 4E       		.byte	78
 918 0379 F0       		.byte	-16
 919 037a 4F       		.byte	79
 920 037b 44       		.byte	68
 921 037c 50       		.byte	80
 922 037d 0C       		.byte	12
 923 037e 54       		.byte	84
 924 037f 01       		.byte	1
 925 0380 58       		.byte	88
 926 0381 04       		.byte	4
 927 0382 59       		.byte	89
 928 0383 04       		.byte	4
 929 0384 5A       		.byte	90
 930 0385 04       		.byte	4
 931 0386 5B       		.byte	91
 932 0387 04       		.byte	4
 933 0388 5C       		.byte	92
 934 0389 01       		.byte	1
 935 038a 5D       		.byte	93
 936 038b 11       		.byte	17
 937 038c 5F       		.byte	95
 938 038d 01       		.byte	1
 939 038e 66       		.byte	102
 940 038f C0       		.byte	-64
 941 0390 6A       		.byte	106
 942 0391 40       		.byte	64
 943 0392 6B       		.byte	107
 944 0393 02       		.byte	2
 945 0394 81       		.byte	-127
 946 0395 94       		.byte	-108
 947 0396 83       		.byte	-125
 948 0397 60       		.byte	96
 949 0398 84       		.byte	-124
 950 0399 57       		.byte	87
 951 039a 85       		.byte	-123
 952 039b 30       		.byte	48
 953 039c 87       		.byte	-121
 954 039d C9       		.byte	-55
 955 039e 89       		.byte	-119
 956 039f CF       		.byte	-49
 957 03a0 8A       		.byte	-118
 958 03a1 07       		.byte	7
 959 03a2 8B       		.byte	-117
 960 03a3 30       		.byte	48
 961 03a4 94       		.byte	-108
 962 03a5 37       		.byte	55
 963 03a6 95       		.byte	-107
 964 03a7 FD       		.byte	-3
 965 03a8 97       		.byte	-105
 966 03a9 02       		.byte	2
 967 03aa 98       		.byte	-104
 968 03ab 04       		.byte	4
 969 03ac 9B       		.byte	-101
ARM GAS  C:\Users\CHONGY~1\AppData\Local\Temp\ccmFdSCF.s 			page 18


 970 03ad 0F       		.byte	15
 971 03ae 9C       		.byte	-100
 972 03af 01       		.byte	1
 973 03b0 9E       		.byte	-98
 974 03b1 02       		.byte	2
 975 03b2 A2       		.byte	-94
 976 03b3 08       		.byte	8
 977 03b4 A4       		.byte	-92
 978 03b5 61       		.byte	97
 979 03b6 A5       		.byte	-91
 980 03b7 9E       		.byte	-98
 981 03b8 A6       		.byte	-90
 982 03b9 02       		.byte	2
 983 03ba A7       		.byte	-89
 984 03bb 60       		.byte	96
 985 03bc A8       		.byte	-88
 986 03bd 60       		.byte	96
 987 03be A9       		.byte	-87
 988 03bf 73       		.byte	115
 989 03c0 AA       		.byte	-86
 990 03c1 04       		.byte	4
 991 03c2 B2       		.byte	-78
 992 03c3 70       		.byte	112
 993 03c4 B4       		.byte	-76
 994 03c5 0F       		.byte	15
 995 03c6 B7       		.byte	-73
 996 03c7 FF       		.byte	-1
 997 03c8 B8       		.byte	-72
 998 03c9 08       		.byte	8
 999 03ca BF       		.byte	-65
 1000 03cb 40       		.byte	64
 1001 03cc D8       		.byte	-40
 1002 03cd 04       		.byte	4
 1003 03ce D9       		.byte	-39
 1004 03cf 04       		.byte	4
 1005 03d0 DF       		.byte	-33
 1006 03d1 01       		.byte	1
 1007 03d2 00       		.byte	0
 1008 03d3 10       		.byte	16
 1009 03d4 03       		.byte	3
 1010 03d5 20       		.byte	32
 1011 03d6 05       		.byte	5
 1012 03d7 18       		.byte	24
 1013 03d8 0A       		.byte	10
 1014 03d9 20       		.byte	32
 1015 03da 0B       		.byte	11
 1016 03db 80       		.byte	-128
 1017 03dc 0E       		.byte	14
 1018 03dd 25       		.byte	37
 1019 03de 10       		.byte	16
 1020 03df A0       		.byte	-96
 1021 03e0 13       		.byte	19
 1022 03e1 10       		.byte	16
 1023 03e2 15       		.byte	21
 1024 03e3 14       		.byte	20
 1025 03e4 17       		.byte	23
 1026 03e5 05       		.byte	5
ARM GAS  C:\Users\CHONGY~1\AppData\Local\Temp\ccmFdSCF.s 			page 19


 1027 03e6 1A       		.byte	26
 1028 03e7 60       		.byte	96
 1029 03e8 1B       		.byte	27
 1030 03e9 64       		.byte	100
 1031 03ea 1D       		.byte	29
 1032 03eb 10       		.byte	16
 1033 03ec 1E       		.byte	30
 1034 03ed 20       		.byte	32
 1035 03ee 1F       		.byte	31
 1036 03ef 08       		.byte	8
 1037 03f0 20       		.byte	32
 1038 03f1 04       		.byte	4
 1039 03f2 21       		.byte	33
 1040 03f3 01       		.byte	1
 1041 03f4 22       		.byte	34
 1042 03f5 04       		.byte	4
 1043 03f6 23       		.byte	35
 1044 03f7 01       		.byte	1
 1045 03f8 27       		.byte	39
 1046 03f9 01       		.byte	1
 1047 03fa 29       		.byte	41
 1048 03fb 21       		.byte	33
 1049 03fc 2B       		.byte	43
 1050 03fd 01       		.byte	1
 1051 03fe 2D       		.byte	45
 1052 03ff 04       		.byte	4
 1053 0400 2F       		.byte	47
 1054 0401 18       		.byte	24
 1055 0402 35       		.byte	53
 1056 0403 18       		.byte	24
 1057 0404 36       		.byte	54
 1058 0405 08       		.byte	8
 1059 0406 39       		.byte	57
 1060 0407 2A       		.byte	42
 1061 0408 3B       		.byte	59
 1062 0409 40       		.byte	64
 1063 040a 3D       		.byte	61
 1064 040b 30       		.byte	48
 1065 040c 3E       		.byte	62
 1066 040d 05       		.byte	5
 1067 040e 41       		.byte	65
 1068 040f 40       		.byte	64
 1069 0410 43       		.byte	67
 1070 0411 20       		.byte	32
 1071 0412 4B       		.byte	75
 1072 0413 10       		.byte	16
 1073 0414 50       		.byte	80
 1074 0415 84       		.byte	-124
 1075 0416 52       		.byte	82
 1076 0417 10       		.byte	16
 1077 0418 58       		.byte	88
 1078 0419 01       		.byte	1
 1079 041a 59       		.byte	89
 1080 041b 04       		.byte	4
 1081 041c 5A       		.byte	90
 1082 041d 40       		.byte	64
 1083 041e 5B       		.byte	91
ARM GAS  C:\Users\CHONGY~1\AppData\Local\Temp\ccmFdSCF.s 			page 20


 1084 041f 10       		.byte	16
 1085 0420 8D       		.byte	-115
 1086 0421 10       		.byte	16
 1087 0422 90       		.byte	-112
 1088 0423 10       		.byte	16
 1089 0424 91       		.byte	-111
 1090 0425 80       		.byte	-128
 1091 0426 92       		.byte	-110
 1092 0427 05       		.byte	5
 1093 0428 93       		.byte	-109
 1094 0429 D0       		.byte	-48
 1095 042a 94       		.byte	-108
 1096 042b 0E       		.byte	14
 1097 042c 96       		.byte	-106
 1098 042d 82       		.byte	-126
 1099 042e 97       		.byte	-105
 1100 042f 0F       		.byte	15
 1101 0430 99       		.byte	-103
 1102 0431 02       		.byte	2
 1103 0432 9A       		.byte	-102
 1104 0433 20       		.byte	32
 1105 0434 9B       		.byte	-101
 1106 0435 20       		.byte	32
 1107 0436 9C       		.byte	-100
 1108 0437 B0       		.byte	-80
 1109 0438 9D       		.byte	-99
 1110 0439 88       		.byte	-120
 1111 043a 9E       		.byte	-98
 1112 043b 40       		.byte	64
 1113 043c 9F       		.byte	-97
 1114 043d 0C       		.byte	12
 1115 043e A0       		.byte	-96
 1116 043f 60       		.byte	96
 1117 0440 A1       		.byte	-95
 1118 0441 90       		.byte	-112
 1119 0442 A2       		.byte	-94
 1120 0443 83       		.byte	-125
 1121 0444 A3       		.byte	-93
 1122 0445 01       		.byte	1
 1123 0446 A5       		.byte	-91
 1124 0447 4A       		.byte	74
 1125 0448 A6       		.byte	-90
 1126 0449 30       		.byte	48
 1127 044a A7       		.byte	-89
 1128 044b 64       		.byte	100
 1129 044c AE       		.byte	-82
 1130 044d 02       		.byte	2
 1131 044e AF       		.byte	-81
 1132 044f 20       		.byte	32
 1133 0450 B4       		.byte	-76
 1134 0451 28       		.byte	40
 1135 0452 B5       		.byte	-75
 1136 0453 40       		.byte	64
 1137 0454 C0       		.byte	-64
 1138 0455 66       		.byte	102
 1139 0456 C2       		.byte	-62
 1140 0457 EC       		.byte	-20
ARM GAS  C:\Users\CHONGY~1\AppData\Local\Temp\ccmFdSCF.s 			page 21


 1141 0458 C4       		.byte	-60
 1142 0459 7E       		.byte	126
 1143 045a CA       		.byte	-54
 1144 045b 6D       		.byte	109
 1145 045c CC       		.byte	-52
 1146 045d 60       		.byte	96
 1147 045e CE       		.byte	-50
 1148 045f EF       		.byte	-17
 1149 0460 D0       		.byte	-48
 1150 0461 0C       		.byte	12
 1151 0462 D2       		.byte	-46
 1152 0463 04       		.byte	4
 1153 0464 D6       		.byte	-42
 1154 0465 0F       		.byte	15
 1155 0466 E2       		.byte	-30
 1156 0467 40       		.byte	64
 1157 0468 EE       		.byte	-18
 1158 0469 08       		.byte	8
 1159 046a 00       		.byte	0
 1160 046b 96       		.byte	-106
 1161 046c 01       		.byte	1
 1162 046d 04       		.byte	4
 1163 046e 02       		.byte	2
 1164 046f 68       		.byte	104
 1165 0470 03       		.byte	3
 1166 0471 F0       		.byte	-16
 1167 0472 05       		.byte	5
 1168 0473 80       		.byte	-128
 1169 0474 07       		.byte	7
 1170 0475 14       		.byte	20
 1171 0476 09       		.byte	9
 1172 0477 C4       		.byte	-60
 1173 0478 0B       		.byte	11
 1174 0479 20       		.byte	32
 1175 047a 0F       		.byte	15
 1176 047b 08       		.byte	8
 1177 047c 10       		.byte	16
 1178 047d 0E       		.byte	14
 1179 047e 11       		.byte	17
 1180 047f 02       		.byte	2
 1181 0480 12       		.byte	18
 1182 0481 F0       		.byte	-16
 1183 0482 14       		.byte	20
 1184 0483 FE       		.byte	-2
 1185 0484 15       		.byte	21
 1186 0485 C4       		.byte	-60
 1187 0486 16       		.byte	22
 1188 0487 01       		.byte	1
 1189 0488 17       		.byte	23
 1190 0489 10       		.byte	16
 1191 048a 18       		.byte	24
 1192 048b A3       		.byte	-93
 1193 048c 19       		.byte	25
 1194 048d 70       		.byte	112
 1195 048e 1A       		.byte	26
 1196 048f 5C       		.byte	92
 1197 0490 1E       		.byte	30
ARM GAS  C:\Users\CHONGY~1\AppData\Local\Temp\ccmFdSCF.s 			page 22


 1198 0491 01       		.byte	1
 1199 0492 20       		.byte	32
 1200 0493 7F       		.byte	127
 1201 0494 24       		.byte	36
 1202 0495 C5       		.byte	-59
 1203 0496 25       		.byte	37
 1204 0497 B4       		.byte	-76
 1205 0498 26       		.byte	38
 1206 0499 3A       		.byte	58
 1207 049a 27       		.byte	39
 1208 049b 40       		.byte	64
 1209 049c 29       		.byte	41
 1210 049d 03       		.byte	3
 1211 049e 2D       		.byte	45
 1212 049f 03       		.byte	3
 1213 04a0 30       		.byte	48
 1214 04a1 FF       		.byte	-1
 1215 04a2 31       		.byte	49
 1216 04a3 02       		.byte	2
 1217 04a4 33       		.byte	51
 1218 04a5 0C       		.byte	12
 1219 04a6 35       		.byte	53
 1220 04a7 F0       		.byte	-16
 1221 04a8 37       		.byte	55
 1222 04a9 01       		.byte	1
 1223 04aa 39       		.byte	57
 1224 04ab 82       		.byte	-126
 1225 04ac 3E       		.byte	62
 1226 04ad 01       		.byte	1
 1227 04ae 3F       		.byte	63
 1228 04af 01       		.byte	1
 1229 04b0 58       		.byte	88
 1230 04b1 04       		.byte	4
 1231 04b2 59       		.byte	89
 1232 04b3 04       		.byte	4
 1233 04b4 5F       		.byte	95
 1234 04b5 01       		.byte	1
 1235 04b6 84       		.byte	-124
 1236 04b7 31       		.byte	49
 1237 04b8 85       		.byte	-123
 1238 04b9 14       		.byte	20
 1239 04ba 86       		.byte	-122
 1240 04bb 06       		.byte	6
 1241 04bc 88       		.byte	-120
 1242 04bd 2C       		.byte	44
 1243 04be 89       		.byte	-119
 1244 04bf DC       		.byte	-36
 1245 04c0 8A       		.byte	-118
 1246 04c1 03       		.byte	3
 1247 04c2 8B       		.byte	-117
 1248 04c3 22       		.byte	34
 1249 04c4 8C       		.byte	-116
 1250 04c5 40       		.byte	64
 1251 04c6 8F       		.byte	-113
 1252 04c7 03       		.byte	3
 1253 04c8 90       		.byte	-112
 1254 04c9 40       		.byte	64
ARM GAS  C:\Users\CHONGY~1\AppData\Local\Temp\ccmFdSCF.s 			page 23


 1255 04ca 95       		.byte	-107
 1256 04cb 0C       		.byte	12
 1257 04cc 96       		.byte	-106
 1258 04cd 0C       		.byte	12
 1259 04ce 97       		.byte	-105
 1260 04cf 71       		.byte	113
 1261 04d0 98       		.byte	-104
 1262 04d1 40       		.byte	64
 1263 04d2 9B       		.byte	-101
 1264 04d3 20       		.byte	32
 1265 04d4 9C       		.byte	-100
 1266 04d5 40       		.byte	64
 1267 04d6 9D       		.byte	-99
 1268 04d7 10       		.byte	16
 1269 04d8 9F       		.byte	-97
 1270 04d9 40       		.byte	64
 1271 04da A2       		.byte	-94
 1272 04db 08       		.byte	8
 1273 04dc A5       		.byte	-91
 1274 04dd 10       		.byte	16
 1275 04de A6       		.byte	-90
 1276 04df 13       		.byte	19
 1277 04e0 A7       		.byte	-89
 1278 04e1 AC       		.byte	-84
 1279 04e2 A8       		.byte	-88
 1280 04e3 31       		.byte	49
 1281 04e4 A9       		.byte	-87
 1282 04e5 09       		.byte	9
 1283 04e6 AA       		.byte	-86
 1284 04e7 0E       		.byte	14
 1285 04e8 AB       		.byte	-85
 1286 04e9 D0       		.byte	-48
 1287 04ea B0       		.byte	-80
 1288 04eb 40       		.byte	64
 1289 04ec B1       		.byte	-79
 1290 04ed 1F       		.byte	31
 1291 04ee B2       		.byte	-78
 1292 04ef 0F       		.byte	15
 1293 04f0 B3       		.byte	-77
 1294 04f1 E0       		.byte	-32
 1295 04f2 B6       		.byte	-74
 1296 04f3 30       		.byte	48
 1297 04f4 B8       		.byte	-72
 1298 04f5 80       		.byte	-128
 1299 04f6 BA       		.byte	-70
 1300 04f7 08       		.byte	8
 1301 04f8 BB       		.byte	-69
 1302 04f9 88       		.byte	-120
 1303 04fa BE       		.byte	-66
 1304 04fb 41       		.byte	65
 1305 04fc D4       		.byte	-44
 1306 04fd 18       		.byte	24
 1307 04fe D8       		.byte	-40
 1308 04ff 04       		.byte	4
 1309 0500 D9       		.byte	-39
 1310 0501 04       		.byte	4
 1311 0502 DB       		.byte	-37
ARM GAS  C:\Users\CHONGY~1\AppData\Local\Temp\ccmFdSCF.s 			page 24


 1312 0503 04       		.byte	4
 1313 0504 DC       		.byte	-36
 1314 0505 11       		.byte	17
 1315 0506 DD       		.byte	-35
 1316 0507 10       		.byte	16
 1317 0508 DF       		.byte	-33
 1318 0509 01       		.byte	1
 1319 050a 00       		.byte	0
 1320 050b 10       		.byte	16
 1321 050c 01       		.byte	1
 1322 050d 80       		.byte	-128
 1323 050e 03       		.byte	3
 1324 050f 20       		.byte	32
 1325 0510 04       		.byte	4
 1326 0511 02       		.byte	2
 1327 0512 07       		.byte	7
 1328 0513 40       		.byte	64
 1329 0514 08       		.byte	8
 1330 0515 14       		.byte	20
 1331 0516 09       		.byte	9
 1332 0517 80       		.byte	-128
 1333 0518 0A       		.byte	10
 1334 0519 80       		.byte	-128
 1335 051a 0C       		.byte	12
 1336 051b 08       		.byte	8
 1337 051c 0D       		.byte	13
 1338 051d 0A       		.byte	10
 1339 051e 0F       		.byte	15
 1340 051f 06       		.byte	6
 1341 0520 10       		.byte	16
 1342 0521 A0       		.byte	-96
 1343 0522 13       		.byte	19
 1344 0523 10       		.byte	16
 1345 0524 16       		.byte	22
 1346 0525 20       		.byte	32
 1347 0526 17       		.byte	23
 1348 0527 01       		.byte	1
 1349 0528 18       		.byte	24
 1350 0529 10       		.byte	16
 1351 052a 19       		.byte	25
 1352 052b 42       		.byte	66
 1353 052c 1E       		.byte	30
 1354 052d 40       		.byte	64
 1355 052e 20       		.byte	32
 1356 052f 40       		.byte	64
 1357 0530 21       		.byte	33
 1358 0531 80       		.byte	-128
 1359 0532 22       		.byte	34
 1360 0533 04       		.byte	4
 1361 0534 23       		.byte	35
 1362 0535 10       		.byte	16
 1363 0536 25       		.byte	37
 1364 0537 10       		.byte	16
 1365 0538 26       		.byte	38
 1366 0539 82       		.byte	-126
 1367 053a 27       		.byte	39
 1368 053b 20       		.byte	32
ARM GAS  C:\Users\CHONGY~1\AppData\Local\Temp\ccmFdSCF.s 			page 25


 1369 053c 28       		.byte	40
 1370 053d 04       		.byte	4
 1371 053e 2B       		.byte	43
 1372 053f 24       		.byte	36
 1373 0540 2D       		.byte	45
 1374 0541 28       		.byte	40
 1375 0542 2F       		.byte	47
 1376 0543 05       		.byte	5
 1377 0544 30       		.byte	48
 1378 0545 A0       		.byte	-96
 1379 0546 32       		.byte	50
 1380 0547 04       		.byte	4
 1381 0548 36       		.byte	54
 1382 0549 11       		.byte	17
 1383 054a 37       		.byte	55
 1384 054b 05       		.byte	5
 1385 054c 38       		.byte	56
 1386 054d 58       		.byte	88
 1387 054e 3B       		.byte	59
 1388 054f 80       		.byte	-128
 1389 0550 3D       		.byte	61
 1390 0551 A0       		.byte	-96
 1391 0552 3E       		.byte	62
 1392 0553 05       		.byte	5
 1393 0554 5A       		.byte	90
 1394 0555 02       		.byte	2
 1395 0556 60       		.byte	96
 1396 0557 04       		.byte	4
 1397 0558 63       		.byte	99
 1398 0559 01       		.byte	1
 1399 055a 92       		.byte	-110
 1400 055b 05       		.byte	5
 1401 055c 93       		.byte	-109
 1402 055d 40       		.byte	64
 1403 055e 96       		.byte	-106
 1404 055f 40       		.byte	64
 1405 0560 97       		.byte	-105
 1406 0561 0E       		.byte	14
 1407 0562 9A       		.byte	-102
 1408 0563 20       		.byte	32
 1409 0564 9C       		.byte	-100
 1410 0565 A8       		.byte	-88
 1411 0566 9D       		.byte	-99
 1412 0567 60       		.byte	96
 1413 0568 9E       		.byte	-98
 1414 0569 42       		.byte	66
 1415 056a 9F       		.byte	-97
 1416 056b 48       		.byte	72
 1417 056c A0       		.byte	-96
 1418 056d E0       		.byte	-32
 1419 056e A2       		.byte	-94
 1420 056f 01       		.byte	1
 1421 0570 A3       		.byte	-93
 1422 0571 01       		.byte	1
 1423 0572 A4       		.byte	-92
 1424 0573 08       		.byte	8
 1425 0574 A5       		.byte	-91
ARM GAS  C:\Users\CHONGY~1\AppData\Local\Temp\ccmFdSCF.s 			page 26


 1426 0575 02       		.byte	2
 1427 0576 A6       		.byte	-90
 1428 0577 20       		.byte	32
 1429 0578 A7       		.byte	-89
 1430 0579 40       		.byte	64
 1431 057a B2       		.byte	-78
 1432 057b 10       		.byte	16
 1433 057c B7       		.byte	-73
 1434 057d 40       		.byte	64
 1435 057e C0       		.byte	-64
 1436 057f 17       		.byte	23
 1437 0580 C2       		.byte	-62
 1438 0581 FF       		.byte	-1
 1439 0582 C4       		.byte	-60
 1440 0583 3E       		.byte	62
 1441 0584 CA       		.byte	-54
 1442 0585 76       		.byte	118
 1443 0586 CC       		.byte	-52
 1444 0587 EE       		.byte	-18
 1445 0588 CE       		.byte	-50
 1446 0589 FE       		.byte	-2
 1447 058a D6       		.byte	-42
 1448 058b 01       		.byte	1
 1449 058c D8       		.byte	-40
 1450 058d 0C       		.byte	12
 1451 058e EA       		.byte	-22
 1452 058f 80       		.byte	-128
 1453 0590 00       		.byte	0
 1454 0591 01       		.byte	1
 1455 0592 04       		.byte	4
 1456 0593 02       		.byte	2
 1457 0594 06       		.byte	6
 1458 0595 0C       		.byte	12
 1459 0596 07       		.byte	7
 1460 0597 02       		.byte	2
 1461 0598 0C       		.byte	12
 1462 0599 04       		.byte	4
 1463 059a 0E       		.byte	14
 1464 059b 02       		.byte	2
 1465 059c 14       		.byte	20
 1466 059d 02       		.byte	2
 1467 059e 16       		.byte	22
 1468 059f 04       		.byte	4
 1469 05a0 1E       		.byte	30
 1470 05a1 11       		.byte	17
 1471 05a2 27       		.byte	39
 1472 05a3 04       		.byte	4
 1473 05a4 28       		.byte	40
 1474 05a5 02       		.byte	2
 1475 05a6 2A       		.byte	42
 1476 05a7 04       		.byte	4
 1477 05a8 2B       		.byte	43
 1478 05a9 01       		.byte	1
 1479 05aa 2D       		.byte	45
 1480 05ab 02       		.byte	2
 1481 05ac 30       		.byte	48
 1482 05ad 10       		.byte	16
ARM GAS  C:\Users\CHONGY~1\AppData\Local\Temp\ccmFdSCF.s 			page 27


 1483 05ae 32       		.byte	50
 1484 05af 08       		.byte	8
 1485 05b0 33       		.byte	51
 1486 05b1 01       		.byte	1
 1487 05b2 34       		.byte	52
 1488 05b3 01       		.byte	1
 1489 05b4 35       		.byte	53
 1490 05b5 04       		.byte	4
 1491 05b6 36       		.byte	54
 1492 05b7 06       		.byte	6
 1493 05b8 37       		.byte	55
 1494 05b9 02       		.byte	2
 1495 05ba 3A       		.byte	58
 1496 05bb 80       		.byte	-128
 1497 05bc 3E       		.byte	62
 1498 05bd 10       		.byte	16
 1499 05be 3F       		.byte	63
 1500 05bf 40       		.byte	64
 1501 05c0 40       		.byte	64
 1502 05c1 05       		.byte	5
 1503 05c2 46       		.byte	70
 1504 05c3 04       		.byte	4
 1505 05c4 49       		.byte	73
 1506 05c5 FF       		.byte	-1
 1507 05c6 4A       		.byte	74
 1508 05c7 07       		.byte	7
 1509 05c8 4B       		.byte	75
 1510 05c9 FF       		.byte	-1
 1511 05ca 4C       		.byte	76
 1512 05cb 40       		.byte	64
 1513 05cc 4D       		.byte	77
 1514 05cd 20       		.byte	32
 1515 05ce 4E       		.byte	78
 1516 05cf F0       		.byte	-16
 1517 05d0 4F       		.byte	79
 1518 05d1 05       		.byte	5
 1519 05d2 50       		.byte	80
 1520 05d3 08       		.byte	8
 1521 05d4 52       		.byte	82
 1522 05d5 80       		.byte	-128
 1523 05d6 54       		.byte	84
 1524 05d7 0F       		.byte	15
 1525 05d8 58       		.byte	88
 1526 05d9 04       		.byte	4
 1527 05da 59       		.byte	89
 1528 05db 04       		.byte	4
 1529 05dc 5A       		.byte	90
 1530 05dd 04       		.byte	4
 1531 05de 5B       		.byte	91
 1532 05df 04       		.byte	4
 1533 05e0 5D       		.byte	93
 1534 05e1 01       		.byte	1
 1535 05e2 5F       		.byte	95
 1536 05e3 05       		.byte	5
 1537 05e4 60       		.byte	96
 1538 05e5 40       		.byte	64
 1539 05e6 61       		.byte	97
ARM GAS  C:\Users\CHONGY~1\AppData\Local\Temp\ccmFdSCF.s 			page 28


 1540 05e7 A8       		.byte	-88
 1541 05e8 62       		.byte	98
 1542 05e9 40       		.byte	64
 1543 05ea 63       		.byte	99
 1544 05eb 20       		.byte	32
 1545 05ec 80       		.byte	-128
 1546 05ed 01       		.byte	1
 1547 05ee 82       		.byte	-126
 1548 05ef 02       		.byte	2
 1549 05f0 83       		.byte	-125
 1550 05f1 20       		.byte	32
 1551 05f2 84       		.byte	-124
 1552 05f3 01       		.byte	1
 1553 05f4 85       		.byte	-123
 1554 05f5 11       		.byte	17
 1555 05f6 86       		.byte	-122
 1556 05f7 06       		.byte	6
 1557 05f8 87       		.byte	-121
 1558 05f9 04       		.byte	4
 1559 05fa 88       		.byte	-120
 1560 05fb 02       		.byte	2
 1561 05fc 89       		.byte	-119
 1562 05fd 11       		.byte	17
 1563 05fe 8A       		.byte	-118
 1564 05ff 01       		.byte	1
 1565 0600 8B       		.byte	-117
 1566 0601 08       		.byte	8
 1567 0602 8D       		.byte	-115
 1568 0603 01       		.byte	1
 1569 0604 8F       		.byte	-113
 1570 0605 04       		.byte	4
 1571 0606 91       		.byte	-111
 1572 0607 1C       		.byte	28
 1573 0608 94       		.byte	-108
 1574 0609 28       		.byte	40
 1575 060a 98       		.byte	-104
 1576 060b 30       		.byte	48
 1577 060c 9C       		.byte	-100
 1578 060d 18       		.byte	24
 1579 060e 9F       		.byte	-97
 1580 060f 1D       		.byte	29
 1581 0610 A4       		.byte	-92
 1582 0611 01       		.byte	1
 1583 0612 A6       		.byte	-90
 1584 0613 02       		.byte	2
 1585 0614 A8       		.byte	-88
 1586 0615 30       		.byte	48
 1587 0616 A9       		.byte	-87
 1588 0617 0D       		.byte	13
 1589 0618 AB       		.byte	-85
 1590 0619 10       		.byte	16
 1591 061a AF       		.byte	-81
 1592 061b 02       		.byte	2
 1593 061c B0       		.byte	-80
 1594 061d 04       		.byte	4
 1595 061e B3       		.byte	-77
 1596 061f 1D       		.byte	29
ARM GAS  C:\Users\CHONGY~1\AppData\Local\Temp\ccmFdSCF.s 			page 29


 1597 0620 B4       		.byte	-76
 1598 0621 03       		.byte	3
 1599 0622 B5       		.byte	-75
 1600 0623 20       		.byte	32
 1601 0624 B6       		.byte	-74
 1602 0625 38       		.byte	56
 1603 0626 B7       		.byte	-73
 1604 0627 03       		.byte	3
 1605 0628 B8       		.byte	-72
 1606 0629 88       		.byte	-120
 1607 062a BA       		.byte	-70
 1608 062b 20       		.byte	32
 1609 062c BE       		.byte	-66
 1610 062d 04       		.byte	4
 1611 062e D8       		.byte	-40
 1612 062f 04       		.byte	4
 1613 0630 D9       		.byte	-39
 1614 0631 04       		.byte	4
 1615 0632 DF       		.byte	-33
 1616 0633 01       		.byte	1
 1617 0634 00       		.byte	0
 1618 0635 08       		.byte	8
 1619 0636 01       		.byte	1
 1620 0637 82       		.byte	-126
 1621 0638 04       		.byte	4
 1622 0639 08       		.byte	8
 1623 063a 05       		.byte	5
 1624 063b 11       		.byte	17
 1625 063c 0A       		.byte	10
 1626 063d 20       		.byte	32
 1627 063e 0B       		.byte	11
 1628 063f 02       		.byte	2
 1629 0640 0C       		.byte	12
 1630 0641 08       		.byte	8
 1631 0642 0E       		.byte	14
 1632 0643 02       		.byte	2
 1633 0644 0F       		.byte	15
 1634 0645 04       		.byte	4
 1635 0646 12       		.byte	18
 1636 0647 04       		.byte	4
 1637 0648 13       		.byte	19
 1638 0649 20       		.byte	32
 1639 064a 17       		.byte	23
 1640 064b 18       		.byte	24
 1641 064c 19       		.byte	25
 1642 064d 82       		.byte	-126
 1643 064e 1A       		.byte	26
 1644 064f 29       		.byte	41
 1645 0650 1C       		.byte	28
 1646 0651 80       		.byte	-128
 1647 0652 1D       		.byte	29
 1648 0653 11       		.byte	17
 1649 0654 1E       		.byte	30
 1650 0655 26       		.byte	38
 1651 0656 20       		.byte	32
 1652 0657 08       		.byte	8
 1653 0658 23       		.byte	35
ARM GAS  C:\Users\CHONGY~1\AppData\Local\Temp\ccmFdSCF.s 			page 30


 1654 0659 22       		.byte	34
 1655 065a 24       		.byte	36
 1656 065b 28       		.byte	40
 1657 065c 26       		.byte	38
 1658 065d 80       		.byte	-128
 1659 065e 27       		.byte	39
 1660 065f 10       		.byte	16
 1661 0660 28       		.byte	40
 1662 0661 08       		.byte	8
 1663 0662 2A       		.byte	42
 1664 0663 44       		.byte	68
 1665 0664 2C       		.byte	44
 1666 0665 08       		.byte	8
 1667 0666 2E       		.byte	46
 1668 0667 40       		.byte	64
 1669 0668 36       		.byte	54
 1670 0669 01       		.byte	1
 1671 066a 37       		.byte	55
 1672 066b 40       		.byte	64
 1673 066c 38       		.byte	56
 1674 066d 20       		.byte	32
 1675 066e 3A       		.byte	58
 1676 066f 20       		.byte	32
 1677 0670 3B       		.byte	59
 1678 0671 08       		.byte	8
 1679 0672 3E       		.byte	62
 1680 0673 A2       		.byte	-94
 1681 0674 3F       		.byte	63
 1682 0675 04       		.byte	4
 1683 0676 41       		.byte	65
 1684 0677 02       		.byte	2
 1685 0678 42       		.byte	66
 1686 0679 80       		.byte	-128
 1687 067a 48       		.byte	72
 1688 067b 20       		.byte	32
 1689 067c 49       		.byte	73
 1690 067d 40       		.byte	64
 1691 067e 50       		.byte	80
 1692 067f 80       		.byte	-128
 1693 0680 58       		.byte	88
 1694 0681 80       		.byte	-128
 1695 0682 59       		.byte	89
 1696 0683 20       		.byte	32
 1697 0684 5A       		.byte	90
 1698 0685 08       		.byte	8
 1699 0686 5B       		.byte	91
 1700 0687 02       		.byte	2
 1701 0688 60       		.byte	96
 1702 0689 20       		.byte	32
 1703 068a 62       		.byte	98
 1704 068b A0       		.byte	-96
 1705 068c 63       		.byte	99
 1706 068d 02       		.byte	2
 1707 068e 73       		.byte	115
 1708 068f 40       		.byte	64
 1709 0690 7A       		.byte	122
 1710 0691 01       		.byte	1
ARM GAS  C:\Users\CHONGY~1\AppData\Local\Temp\ccmFdSCF.s 			page 31


 1711 0692 C0       		.byte	-64
 1712 0693 7D       		.byte	125
 1713 0694 C2       		.byte	-62
 1714 0695 E5       		.byte	-27
 1715 0696 C4       		.byte	-60
 1716 0697 62       		.byte	98
 1717 0698 CA       		.byte	-54
 1718 0699 3E       		.byte	62
 1719 069a CC       		.byte	-52
 1720 069b 90       		.byte	-112
 1721 069c CE       		.byte	-50
 1722 069d F2       		.byte	-14
 1723 069e D2       		.byte	-46
 1724 069f 08       		.byte	8
 1725 06a0 D6       		.byte	-42
 1726 06a1 0F       		.byte	15
 1727 06a2 D8       		.byte	-40
 1728 06a3 06       		.byte	6
 1729 06a4 DE       		.byte	-34
 1730 06a5 08       		.byte	8
 1731 06a6 8C       		.byte	-116
 1732 06a7 20       		.byte	32
 1733 06a8 A4       		.byte	-92
 1734 06a9 20       		.byte	32
 1735 06aa A4       		.byte	-92
 1736 06ab 20       		.byte	32
 1737 06ac A8       		.byte	-88
 1738 06ad 04       		.byte	4
 1739 06ae A9       		.byte	-87
 1740 06af 12       		.byte	18
 1741 06b0 AA       		.byte	-86
 1742 06b1 40       		.byte	64
 1743 06b2 AC       		.byte	-84
 1744 06b3 40       		.byte	64
 1745 06b4 B0       		.byte	-80
 1746 06b5 10       		.byte	16
 1747 06b6 EE       		.byte	-18
 1748 06b7 08       		.byte	8
 1749 06b8 00       		.byte	0
 1750 06b9 40       		.byte	64
 1751 06ba 01       		.byte	1
 1752 06bb 06       		.byte	6
 1753 06bc 02       		.byte	2
 1754 06bd 80       		.byte	-128
 1755 06be 03       		.byte	3
 1756 06bf 18       		.byte	24
 1757 06c0 05       		.byte	5
 1758 06c1 0A       		.byte	10
 1759 06c2 06       		.byte	6
 1760 06c3 10       		.byte	16
 1761 06c4 07       		.byte	7
 1762 06c5 14       		.byte	20
 1763 06c6 08       		.byte	8
 1764 06c7 80       		.byte	-128
 1765 06c8 09       		.byte	9
 1766 06c9 18       		.byte	24
 1767 06ca 0A       		.byte	10
ARM GAS  C:\Users\CHONGY~1\AppData\Local\Temp\ccmFdSCF.s 			page 32


 1768 06cb 40       		.byte	64
 1769 06cc 0B       		.byte	11
 1770 06cd 06       		.byte	6
 1771 06ce 0C       		.byte	12
 1772 06cf 40       		.byte	64
 1773 06d0 0E       		.byte	14
 1774 06d1 A0       		.byte	-96
 1775 06d2 0F       		.byte	15
 1776 06d3 01       		.byte	1
 1777 06d4 11       		.byte	17
 1778 06d5 0E       		.byte	14
 1779 06d6 14       		.byte	20
 1780 06d7 0C       		.byte	12
 1781 06d8 15       		.byte	21
 1782 06d9 1E       		.byte	30
 1783 06da 16       		.byte	22
 1784 06db 01       		.byte	1
 1785 06dc 1A       		.byte	26
 1786 06dd 0F       		.byte	15
 1787 06de 1C       		.byte	28
 1788 06df 40       		.byte	64
 1789 06e0 1E       		.byte	30
 1790 06e1 80       		.byte	-128
 1791 06e2 1F       		.byte	31
 1792 06e3 20       		.byte	32
 1793 06e4 20       		.byte	32
 1794 06e5 08       		.byte	8
 1795 06e6 22       		.byte	34
 1796 06e7 01       		.byte	1
 1797 06e8 24       		.byte	36
 1798 06e9 0C       		.byte	12
 1799 06ea 25       		.byte	37
 1800 06eb 14       		.byte	20
 1801 06ec 26       		.byte	38
 1802 06ed 02       		.byte	2
 1803 06ee 27       		.byte	39
 1804 06ef 0A       		.byte	10
 1805 06f0 28       		.byte	40
 1806 06f1 0B       		.byte	11
 1807 06f2 2A       		.byte	42
 1808 06f3 04       		.byte	4
 1809 06f4 2C       		.byte	44
 1810 06f5 07       		.byte	7
 1811 06f6 30       		.byte	48
 1812 06f7 C0       		.byte	-64
 1813 06f8 31       		.byte	49
 1814 06f9 20       		.byte	32
 1815 06fa 32       		.byte	50
 1816 06fb 10       		.byte	16
 1817 06fc 33       		.byte	51
 1818 06fd 1E       		.byte	30
 1819 06fe 34       		.byte	52
 1820 06ff 0F       		.byte	15
 1821 0700 35       		.byte	53
 1822 0701 01       		.byte	1
 1823 0702 36       		.byte	54
 1824 0703 20       		.byte	32
ARM GAS  C:\Users\CHONGY~1\AppData\Local\Temp\ccmFdSCF.s 			page 33


 1825 0704 3A       		.byte	58
 1826 0705 02       		.byte	2
 1827 0706 58       		.byte	88
 1828 0707 04       		.byte	4
 1829 0708 59       		.byte	89
 1830 0709 04       		.byte	4
 1831 070a 5F       		.byte	95
 1832 070b 01       		.byte	1
 1833 070c 84       		.byte	-124
 1834 070d 02       		.byte	2
 1835 070e 85       		.byte	-123
 1836 070f 30       		.byte	48
 1837 0710 89       		.byte	-119
 1838 0711 10       		.byte	16
 1839 0712 8D       		.byte	-115
 1840 0713 7F       		.byte	127
 1841 0714 91       		.byte	-111
 1842 0715 05       		.byte	5
 1843 0716 95       		.byte	-107
 1844 0717 0F       		.byte	15
 1845 0718 99       		.byte	-103
 1846 0719 4F       		.byte	79
 1847 071a 9B       		.byte	-101
 1848 071b 30       		.byte	48
 1849 071c 9D       		.byte	-99
 1850 071d 20       		.byte	32
 1851 071e A1       		.byte	-95
 1852 071f 0A       		.byte	10
 1853 0720 A5       		.byte	-91
 1854 0721 70       		.byte	112
 1855 0722 A7       		.byte	-89
 1856 0723 0F       		.byte	15
 1857 0724 AA       		.byte	-86
 1858 0725 01       		.byte	1
 1859 0726 AB       		.byte	-85
 1860 0727 4F       		.byte	79
 1861 0728 AD       		.byte	-83
 1862 0729 3C       		.byte	60
 1863 072a AF       		.byte	-81
 1864 072b 43       		.byte	67
 1865 072c B0       		.byte	-80
 1866 072d 01       		.byte	1
 1867 072e B1       		.byte	-79
 1868 072f 03       		.byte	3
 1869 0730 B2       		.byte	-78
 1870 0731 02       		.byte	2
 1871 0732 B3       		.byte	-77
 1872 0733 70       		.byte	112
 1873 0734 B5       		.byte	-75
 1874 0735 3C       		.byte	60
 1875 0736 BB       		.byte	-69
 1876 0737 20       		.byte	32
 1877 0738 BE       		.byte	-66
 1878 0739 04       		.byte	4
 1879 073a C0       		.byte	-64
 1880 073b 62       		.byte	98
 1881 073c C1       		.byte	-63
ARM GAS  C:\Users\CHONGY~1\AppData\Local\Temp\ccmFdSCF.s 			page 34


 1882 073d 05       		.byte	5
 1883 073e C2       		.byte	-62
 1884 073f 03       		.byte	3
 1885 0740 C4       		.byte	-60
 1886 0741 01       		.byte	1
 1887 0742 C5       		.byte	-59
 1888 0743 E0       		.byte	-32
 1889 0744 C6       		.byte	-58
 1890 0745 C0       		.byte	-64
 1891 0746 C8       		.byte	-56
 1892 0747 0A       		.byte	10
 1893 0748 C9       		.byte	-55
 1894 0749 FF       		.byte	-1
 1895 074a CA       		.byte	-54
 1896 074b FF       		.byte	-1
 1897 074c CB       		.byte	-53
 1898 074d FF       		.byte	-1
 1899 074e CC       		.byte	-52
 1900 074f 62       		.byte	98
 1901 0750 CD       		.byte	-51
 1902 0751 A0       		.byte	-96
 1903 0752 CE       		.byte	-50
 1904 0753 F0       		.byte	-16
 1905 0754 CF       		.byte	-49
 1906 0755 41       		.byte	65
 1907 0756 D0       		.byte	-48
 1908 0757 0C       		.byte	12
 1909 0758 D8       		.byte	-40
 1910 0759 04       		.byte	4
 1911 075a D9       		.byte	-39
 1912 075b 04       		.byte	4
 1913 075c DA       		.byte	-38
 1914 075d 04       		.byte	4
 1915 075e DC       		.byte	-36
 1916 075f 10       		.byte	16
 1917 0760 DD       		.byte	-35
 1918 0761 01       		.byte	1
 1919 0762 DF       		.byte	-33
 1920 0763 01       		.byte	1
 1921 0764 E6       		.byte	-26
 1922 0765 40       		.byte	64
 1923 0766 E7       		.byte	-25
 1924 0767 02       		.byte	2
 1925 0768 E9       		.byte	-23
 1926 0769 10       		.byte	16
 1927 076a EA       		.byte	-22
 1928 076b 30       		.byte	48
 1929 076c EB       		.byte	-21
 1930 076d 10       		.byte	16
 1931 076e ED       		.byte	-19
 1932 076f 10       		.byte	16
 1933 0770 EE       		.byte	-18
 1934 0771 10       		.byte	16
 1935 0772 EF       		.byte	-17
 1936 0773 12       		.byte	18
 1937 0774 02       		.byte	2
 1938 0775 10       		.byte	16
ARM GAS  C:\Users\CHONGY~1\AppData\Local\Temp\ccmFdSCF.s 			page 35


 1939 0776 04       		.byte	4
 1940 0777 80       		.byte	-128
 1941 0778 05       		.byte	5
 1942 0779 08       		.byte	8
 1943 077a 06       		.byte	6
 1944 077b 04       		.byte	4
 1945 077c 07       		.byte	7
 1946 077d 40       		.byte	64
 1947 077e 0C       		.byte	12
 1948 077f 40       		.byte	64
 1949 0780 0D       		.byte	13
 1950 0781 80       		.byte	-128
 1951 0782 0E       		.byte	14
 1952 0783 04       		.byte	4
 1953 0784 0F       		.byte	15
 1954 0785 20       		.byte	32
 1955 0786 13       		.byte	19
 1956 0787 10       		.byte	16
 1957 0788 14       		.byte	20
 1958 0789 02       		.byte	2
 1959 078a 15       		.byte	21
 1960 078b 05       		.byte	5
 1961 078c 17       		.byte	23
 1962 078d 20       		.byte	32
 1963 078e 18       		.byte	24
 1964 078f 80       		.byte	-128
 1965 0790 19       		.byte	25
 1966 0791 04       		.byte	4
 1967 0792 1D       		.byte	29
 1968 0793 82       		.byte	-126
 1969 0794 1E       		.byte	30
 1970 0795 20       		.byte	32
 1971 0796 1F       		.byte	31
 1972 0797 10       		.byte	16
 1973 0798 20       		.byte	32
 1974 0799 08       		.byte	8
 1975 079a 21       		.byte	33
 1976 079b 24       		.byte	36
 1977 079c 22       		.byte	34
 1978 079d 01       		.byte	1
 1979 079e 26       		.byte	38
 1980 079f 08       		.byte	8
 1981 07a0 27       		.byte	39
 1982 07a1 68       		.byte	104
 1983 07a2 28       		.byte	40
 1984 07a3 08       		.byte	8
 1985 07a4 29       		.byte	41
 1986 07a5 82       		.byte	-126
 1987 07a6 2A       		.byte	42
 1988 07a7 08       		.byte	8
 1989 07a8 2D       		.byte	45
 1990 07a9 04       		.byte	4
 1991 07aa 2F       		.byte	47
 1992 07ab 10       		.byte	16
 1993 07ac 30       		.byte	48
 1994 07ad 92       		.byte	-110
 1995 07ae 31       		.byte	49
ARM GAS  C:\Users\CHONGY~1\AppData\Local\Temp\ccmFdSCF.s 			page 36


 1996 07af 20       		.byte	32
 1997 07b0 32       		.byte	50
 1998 07b1 04       		.byte	4
 1999 07b2 34       		.byte	52
 2000 07b3 42       		.byte	66
 2001 07b4 36       		.byte	54
 2002 07b5 08       		.byte	8
 2003 07b6 38       		.byte	56
 2004 07b7 28       		.byte	40
 2005 07b8 3B       		.byte	59
 2006 07b9 40       		.byte	64
 2007 07ba 3C       		.byte	60
 2008 07bb 80       		.byte	-128
 2009 07bc 3D       		.byte	61
 2010 07bd 21       		.byte	33
 2011 07be 3E       		.byte	62
 2012 07bf 04       		.byte	4
 2013 07c0 3F       		.byte	63
 2014 07c1 20       		.byte	32
 2015 07c2 40       		.byte	64
 2016 07c3 0D       		.byte	13
 2017 07c4 41       		.byte	65
 2018 07c5 04       		.byte	4
 2019 07c6 48       		.byte	72
 2020 07c7 04       		.byte	4
 2021 07c8 49       		.byte	73
 2022 07c9 01       		.byte	1
 2023 07ca 4B       		.byte	75
 2024 07cb 40       		.byte	64
 2025 07cc 51       		.byte	81
 2026 07cd 10       		.byte	16
 2027 07ce 90       		.byte	-112
 2028 07cf 2C       		.byte	44
 2029 07d0 91       		.byte	-111
 2030 07d1 11       		.byte	17
 2031 07d2 92       		.byte	-110
 2032 07d3 44       		.byte	68
 2033 07d4 93       		.byte	-109
 2034 07d5 41       		.byte	65
 2035 07d6 94       		.byte	-108
 2036 07d7 12       		.byte	18
 2037 07d8 95       		.byte	-107
 2038 07d9 28       		.byte	40
 2039 07da 96       		.byte	-106
 2040 07db 02       		.byte	2
 2041 07dc 97       		.byte	-105
 2042 07dd 24       		.byte	36
 2043 07de 98       		.byte	-104
 2044 07df 02       		.byte	2
 2045 07e0 99       		.byte	-103
 2046 07e1 80       		.byte	-128
 2047 07e2 9A       		.byte	-102
 2048 07e3 38       		.byte	56
 2049 07e4 9C       		.byte	-100
 2050 07e5 90       		.byte	-112
 2051 07e6 9D       		.byte	-99
 2052 07e7 15       		.byte	21
ARM GAS  C:\Users\CHONGY~1\AppData\Local\Temp\ccmFdSCF.s 			page 37


 2053 07e8 9F       		.byte	-97
 2054 07e9 08       		.byte	8
 2055 07ea A0       		.byte	-96
 2056 07eb D0       		.byte	-48
 2057 07ec A1       		.byte	-95
 2058 07ed 10       		.byte	16
 2059 07ee A2       		.byte	-94
 2060 07ef 80       		.byte	-128
 2061 07f0 A3       		.byte	-93
 2062 07f1 01       		.byte	1
 2063 07f2 A4       		.byte	-92
 2064 07f3 02       		.byte	2
 2065 07f4 A5       		.byte	-91
 2066 07f5 0A       		.byte	10
 2067 07f6 A6       		.byte	-90
 2068 07f7 08       		.byte	8
 2069 07f8 A8       		.byte	-88
 2070 07f9 20       		.byte	32
 2071 07fa AB       		.byte	-85
 2072 07fb 80       		.byte	-128
 2073 07fc AF       		.byte	-81
 2074 07fd 04       		.byte	4
 2075 07fe B1       		.byte	-79
 2076 07ff 80       		.byte	-128
 2077 0800 B2       		.byte	-78
 2078 0801 40       		.byte	64
 2079 0802 B3       		.byte	-77
 2080 0803 40       		.byte	64
 2081 0804 C0       		.byte	-64
 2082 0805 F4       		.byte	-12
 2083 0806 C2       		.byte	-62
 2084 0807 E0       		.byte	-32
 2085 0808 C4       		.byte	-60
 2086 0809 F2       		.byte	-14
 2087 080a CA       		.byte	-54
 2088 080b 4F       		.byte	79
 2089 080c CC       		.byte	-52
 2090 080d DF       		.byte	-33
 2091 080e CE       		.byte	-50
 2092 080f FE       		.byte	-2
 2093 0810 D0       		.byte	-48
 2094 0811 0E       		.byte	14
 2095 0812 D2       		.byte	-46
 2096 0813 0C       		.byte	12
 2097 0814 EC       		.byte	-20
 2098 0815 80       		.byte	-128
 2099 0816 00       		.byte	0
 2100 0817 44       		.byte	68
 2101 0818 01       		.byte	1
 2102 0819 58       		.byte	88
 2103 081a 02       		.byte	2
 2104 081b 31       		.byte	49
 2105 081c 03       		.byte	3
 2106 081d A1       		.byte	-95
 2107 081e 05       		.byte	5
 2108 081f CC       		.byte	-52
 2109 0820 07       		.byte	7
ARM GAS  C:\Users\CHONGY~1\AppData\Local\Temp\ccmFdSCF.s 			page 38


 2110 0821 32       		.byte	50
 2111 0822 08       		.byte	8
 2112 0823 67       		.byte	103
 2113 0824 09       		.byte	9
 2114 0825 AC       		.byte	-84
 2115 0826 0B       		.byte	11
 2116 0827 51       		.byte	81
 2117 0828 15       		.byte	21
 2118 0829 FB       		.byte	-5
 2119 082a 17       		.byte	23
 2120 082b 04       		.byte	4
 2121 082c 18       		.byte	24
 2122 082d 01       		.byte	1
 2123 082e 1A       		.byte	26
 2124 082f 0E       		.byte	14
 2125 0830 25       		.byte	37
 2126 0831 30       		.byte	48
 2127 0832 27       		.byte	39
 2128 0833 CF       		.byte	-49
 2129 0834 28       		.byte	40
 2130 0835 67       		.byte	103
 2131 0836 2C       		.byte	44
 2132 0837 22       		.byte	34
 2133 0838 2D       		.byte	45
 2134 0839 77       		.byte	119
 2135 083a 2E       		.byte	46
 2136 083b D1       		.byte	-47
 2137 083c 30       		.byte	48
 2138 083d 60       		.byte	96
 2139 083e 32       		.byte	50
 2140 083f 80       		.byte	-128
 2141 0840 33       		.byte	51
 2142 0841 F0       		.byte	-16
 2143 0842 34       		.byte	52
 2144 0843 07       		.byte	7
 2145 0844 35       		.byte	53
 2146 0845 0F       		.byte	15
 2147 0846 36       		.byte	54
 2148 0847 18       		.byte	24
 2149 0848 3E       		.byte	62
 2150 0849 40       		.byte	64
 2151 084a 58       		.byte	88
 2152 084b 04       		.byte	4
 2153 084c 59       		.byte	89
 2154 084d 04       		.byte	4
 2155 084e 5C       		.byte	92
 2156 084f 01       		.byte	1
 2157 0850 5F       		.byte	95
 2158 0851 01       		.byte	1
 2159 0852 82       		.byte	-126
 2160 0853 40       		.byte	64
 2161 0854 83       		.byte	-125
 2162 0855 01       		.byte	1
 2163 0856 84       		.byte	-124
 2164 0857 01       		.byte	1
 2165 0858 86       		.byte	-122
 2166 0859 02       		.byte	2
ARM GAS  C:\Users\CHONGY~1\AppData\Local\Temp\ccmFdSCF.s 			page 39


 2167 085a 89       		.byte	-119
 2168 085b 02       		.byte	2
 2169 085c 8A       		.byte	-118
 2170 085d 07       		.byte	7
 2171 085e 8B       		.byte	-117
 2172 085f 04       		.byte	4
 2173 0860 8D       		.byte	-115
 2174 0861 04       		.byte	4
 2175 0862 8E       		.byte	-114
 2176 0863 10       		.byte	16
 2177 0864 8F       		.byte	-113
 2178 0865 02       		.byte	2
 2179 0866 91       		.byte	-111
 2180 0867 19       		.byte	25
 2181 0868 92       		.byte	-110
 2182 0869 08       		.byte	8
 2183 086a 96       		.byte	-106
 2184 086b 20       		.byte	32
 2185 086c 99       		.byte	-103
 2186 086d 10       		.byte	16
 2187 086e 9A       		.byte	-102
 2188 086f 04       		.byte	4
 2189 0870 9B       		.byte	-101
 2190 0871 08       		.byte	8
 2191 0872 9C       		.byte	-100
 2192 0873 07       		.byte	7
 2193 0874 9F       		.byte	-97
 2194 0875 18       		.byte	24
 2195 0876 A0       		.byte	-96
 2196 0877 04       		.byte	4
 2197 0878 A4       		.byte	-92
 2198 0879 07       		.byte	7
 2199 087a A8       		.byte	-88
 2200 087b 01       		.byte	1
 2201 087c A9       		.byte	-87
 2202 087d 02       		.byte	2
 2203 087e AA       		.byte	-86
 2204 087f 02       		.byte	2
 2205 0880 AB       		.byte	-85
 2206 0881 04       		.byte	4
 2207 0882 AD       		.byte	-83
 2208 0883 02       		.byte	2
 2209 0884 AF       		.byte	-81
 2210 0885 04       		.byte	4
 2211 0886 B0       		.byte	-80
 2212 0887 20       		.byte	32
 2213 0888 B1       		.byte	-79
 2214 0889 08       		.byte	8
 2215 088a B2       		.byte	-78
 2216 088b 40       		.byte	64
 2217 088c B3       		.byte	-77
 2218 088d 10       		.byte	16
 2219 088e B4       		.byte	-76
 2220 088f 0F       		.byte	15
 2221 0890 B5       		.byte	-75
 2222 0891 01       		.byte	1
 2223 0892 B6       		.byte	-74
ARM GAS  C:\Users\CHONGY~1\AppData\Local\Temp\ccmFdSCF.s 			page 40


 2224 0893 10       		.byte	16
 2225 0894 B7       		.byte	-73
 2226 0895 06       		.byte	6
 2227 0896 BB       		.byte	-69
 2228 0897 80       		.byte	-128
 2229 0898 BF       		.byte	-65
 2230 0899 15       		.byte	21
 2231 089a D2       		.byte	-46
 2232 089b 80       		.byte	-128
 2233 089c D4       		.byte	-44
 2234 089d 0F       		.byte	15
 2235 089e D8       		.byte	-40
 2236 089f 04       		.byte	4
 2237 08a0 D9       		.byte	-39
 2238 08a1 04       		.byte	4
 2239 08a2 DB       		.byte	-37
 2240 08a3 04       		.byte	4
 2241 08a4 DF       		.byte	-33
 2242 08a5 01       		.byte	1
 2243 08a6 00       		.byte	0
 2244 08a7 20       		.byte	32
 2245 08a8 01       		.byte	1
 2246 08a9 02       		.byte	2
 2247 08aa 05       		.byte	5
 2248 08ab 11       		.byte	17
 2249 08ac 06       		.byte	6
 2250 08ad 22       		.byte	34
 2251 08ae 0A       		.byte	10
 2252 08af 04       		.byte	4
 2253 08b0 0E       		.byte	14
 2254 08b1 60       		.byte	96
 2255 08b2 0F       		.byte	15
 2256 08b3 26       		.byte	38
 2257 08b4 10       		.byte	16
 2258 08b5 02       		.byte	2
 2259 08b6 11       		.byte	17
 2260 08b7 10       		.byte	16
 2261 08b8 15       		.byte	21
 2262 08b9 08       		.byte	8
 2263 08ba 16       		.byte	22
 2264 08bb 04       		.byte	4
 2265 08bc 17       		.byte	23
 2266 08bd 01       		.byte	1
 2267 08be 18       		.byte	24
 2268 08bf 11       		.byte	17
 2269 08c0 19       		.byte	25
 2270 08c1 02       		.byte	2
 2271 08c2 1A       		.byte	26
 2272 08c3 0C       		.byte	12
 2273 08c4 1D       		.byte	29
 2274 08c5 11       		.byte	17
 2275 08c6 1E       		.byte	30
 2276 08c7 02       		.byte	2
 2277 08c8 1F       		.byte	31
 2278 08c9 06       		.byte	6
 2279 08ca 21       		.byte	33
 2280 08cb 0C       		.byte	12
ARM GAS  C:\Users\CHONGY~1\AppData\Local\Temp\ccmFdSCF.s 			page 41


 2281 08cc 22       		.byte	34
 2282 08cd 08       		.byte	8
 2283 08ce 23       		.byte	35
 2284 08cf 04       		.byte	4
 2285 08d0 24       		.byte	36
 2286 08d1 0A       		.byte	10
 2287 08d2 25       		.byte	37
 2288 08d3 40       		.byte	64
 2289 08d4 27       		.byte	39
 2290 08d5 A1       		.byte	-95
 2291 08d6 2A       		.byte	42
 2292 08d7 04       		.byte	4
 2293 08d8 2B       		.byte	43
 2294 08d9 01       		.byte	1
 2295 08da 2F       		.byte	47
 2296 08db 06       		.byte	6
 2297 08dc 31       		.byte	49
 2298 08dd 08       		.byte	8
 2299 08de 35       		.byte	53
 2300 08df 10       		.byte	16
 2301 08e0 36       		.byte	54
 2302 08e1 81       		.byte	-127
 2303 08e2 38       		.byte	56
 2304 08e3 02       		.byte	2
 2305 08e4 3A       		.byte	58
 2306 08e5 20       		.byte	32
 2307 08e6 3B       		.byte	59
 2308 08e7 04       		.byte	4
 2309 08e8 3D       		.byte	61
 2310 08e9 80       		.byte	-128
 2311 08ea 3E       		.byte	62
 2312 08eb 02       		.byte	2
 2313 08ec 3F       		.byte	63
 2314 08ed 21       		.byte	33
 2315 08ee 5C       		.byte	92
 2316 08ef 08       		.byte	8
 2317 08f0 5D       		.byte	93
 2318 08f1 01       		.byte	1
 2319 08f2 5F       		.byte	95
 2320 08f3 A0       		.byte	-96
 2321 08f4 76       		.byte	118
 2322 08f5 80       		.byte	-128
 2323 08f6 84       		.byte	-124
 2324 08f7 08       		.byte	8
 2325 08f8 85       		.byte	-123
 2326 08f9 01       		.byte	1
 2327 08fa 86       		.byte	-122
 2328 08fb 08       		.byte	8
 2329 08fc 87       		.byte	-121
 2330 08fd 01       		.byte	1
 2331 08fe 88       		.byte	-120
 2332 08ff 02       		.byte	2
 2333 0900 8C       		.byte	-116
 2334 0901 84       		.byte	-124
 2335 0902 8E       		.byte	-114
 2336 0903 80       		.byte	-128
 2337 0904 91       		.byte	-111
ARM GAS  C:\Users\CHONGY~1\AppData\Local\Temp\ccmFdSCF.s 			page 42


 2338 0905 10       		.byte	16
 2339 0906 92       		.byte	-110
 2340 0907 40       		.byte	64
 2341 0908 93       		.byte	-109
 2342 0909 01       		.byte	1
 2343 090a 94       		.byte	-108
 2344 090b 13       		.byte	19
 2345 090c 96       		.byte	-106
 2346 090d 08       		.byte	8
 2347 090e 97       		.byte	-105
 2348 090f 04       		.byte	4
 2349 0910 9A       		.byte	-102
 2350 0911 24       		.byte	36
 2351 0912 9C       		.byte	-100
 2352 0913 80       		.byte	-128
 2353 0914 9D       		.byte	-99
 2354 0915 12       		.byte	18
 2355 0916 A0       		.byte	-96
 2356 0917 10       		.byte	16
 2357 0918 A2       		.byte	-94
 2358 0919 90       		.byte	-112
 2359 091a A3       		.byte	-93
 2360 091b 01       		.byte	1
 2361 091c A4       		.byte	-92
 2362 091d 02       		.byte	2
 2363 091e A5       		.byte	-91
 2364 091f 08       		.byte	8
 2365 0920 AF       		.byte	-81
 2366 0921 10       		.byte	16
 2367 0922 B5       		.byte	-75
 2368 0923 0A       		.byte	10
 2369 0924 B6       		.byte	-74
 2370 0925 04       		.byte	4
 2371 0926 C0       		.byte	-64
 2372 0927 FA       		.byte	-6
 2373 0928 C2       		.byte	-62
 2374 0929 F2       		.byte	-14
 2375 092a C4       		.byte	-60
 2376 092b 73       		.byte	115
 2377 092c CA       		.byte	-54
 2378 092d 3A       		.byte	58
 2379 092e CC       		.byte	-52
 2380 092f B2       		.byte	-78
 2381 0930 CE       		.byte	-50
 2382 0931 B7       		.byte	-73
 2383 0932 D6       		.byte	-42
 2384 0933 F0       		.byte	-16
 2385 0934 E6       		.byte	-26
 2386 0935 10       		.byte	16
 2387 0936 EA       		.byte	-22
 2388 0937 08       		.byte	8
 2389 0938 99       		.byte	-103
 2390 0939 40       		.byte	64
 2391 093a B1       		.byte	-79
 2392 093b 40       		.byte	64
 2393 093c 61       		.byte	97
 2394 093d 40       		.byte	64
ARM GAS  C:\Users\CHONGY~1\AppData\Local\Temp\ccmFdSCF.s 			page 43


 2395 093e 99       		.byte	-103
 2396 093f 40       		.byte	64
 2397 0940 D6       		.byte	-42
 2398 0941 40       		.byte	64
 2399 0942 1B       		.byte	27
 2400 0943 02       		.byte	2
 2401 0944 C6       		.byte	-58
 2402 0945 10       		.byte	16
 2403 0946 7B       		.byte	123
 2404 0947 02       		.byte	2
 2405 0948 DC       		.byte	-36
 2406 0949 01       		.byte	1
 2407 094a 08       		.byte	8
 2408 094b 40       		.byte	64
 2409 094c 0F       		.byte	15
 2410 094d 08       		.byte	8
 2411 094e B7       		.byte	-73
 2412 094f 02       		.byte	2
 2413 0950 C2       		.byte	-62
 2414 0951 03       		.byte	3
 2415 0952 EC       		.byte	-20
 2416 0953 02       		.byte	2
 2417 0954 AC       		.byte	-84
 2418 0955 40       		.byte	64
 2419 0956 B7       		.byte	-73
 2420 0957 04       		.byte	4
 2421 0958 EA       		.byte	-22
 2422 0959 02       		.byte	2
 2423 095a A3       		.byte	-93
 2424 095b 02       		.byte	2
 2425 095c 57       		.byte	87
 2426 095d 02       		.byte	2
 2427 095e A3       		.byte	-93
 2428 095f 02       		.byte	2
 2429 0960 D6       		.byte	-42
 2430 0961 20       		.byte	32
 2431 0962 0A       		.byte	10
 2432 0963 01       		.byte	1
 2433 0964 0E       		.byte	14
 2434 0965 08       		.byte	8
 2435 0966 C2       		.byte	-62
 2436 0967 03       		.byte	3
 2437 0968 10       		.byte	16
 2438 0969 80       		.byte	-128
 2439 096a 88       		.byte	-120
 2440 096b 80       		.byte	-128
 2441 096c AE       		.byte	-82
 2442 096d 01       		.byte	1
 2443 096e B6       		.byte	-74
 2444 096f 04       		.byte	4
 2445 0970 C4       		.byte	-60
 2446 0971 08       		.byte	8
 2447 0972 E6       		.byte	-26
 2448 0973 01       		.byte	1
 2449 0974 EA       		.byte	-22
 2450 0975 02       		.byte	2
 2451 0976 00       		.byte	0
ARM GAS  C:\Users\CHONGY~1\AppData\Local\Temp\ccmFdSCF.s 			page 44


 2452 0977 03       		.byte	3
 2453 0978 0A       		.byte	10
 2454 0979 01       		.byte	1
 2455 097a 0C       		.byte	12
 2456 097b 03       		.byte	3
 2457 097c 0E       		.byte	14
 2458 097d 03       		.byte	3
 2459 097e 10       		.byte	16
 2460 097f 03       		.byte	3
 2461 0980 1C       		.byte	28
 2462 0981 03       		.byte	3
 2463 0982 00       		.byte	0
 2464 0983 00       		.byte	0
 2465 0984 80       		.byte	-128
 2466 0985 00       		.byte	0
 2467 0986 40       		.byte	64
 2468 0987 80       		.byte	-128
 2469 0988 80       		.byte	-128
 2470 0989 00       		.byte	0
 2471 098a 80       		.byte	-128
 2472 098b 00       		.byte	0
 2473 098c 00       		.byte	0
 2474 098d 00       		.byte	0
 2475 098e 00       		.byte	0
 2476 098f 00       		.byte	0
 2477 0990 C0       		.byte	-64
 2478 0991 3B       		.byte	59
 2479 0992 3B       		.byte	59
 2480 0993 00       		.byte	0
 2481 0994 00       		.byte	0
 2482 0995 00       		.byte	0
 2483 0996 00       		.byte	0
 2484 0997 00       		.byte	0
 2485 0998 C0       		.byte	-64
 2486 0999 00       		.byte	0
 2487 099a 00       		.byte	0
 2488 099b 00       		.byte	0
 2489 099c 00       		.byte	0
 2490 099d 00       		.byte	0
 2491 099e 00       		.byte	0
 2492 099f 00       		.byte	0
 2493 09a0 00       		.byte	0
 2494 09a1 31       		.byte	49
 2495 09a2 31       		.byte	49
 2496 09a3 00       		.byte	0
 2497 09a4 01       		.byte	1
 2498 09a5 00       		.byte	0
 2499 09a6 00       		.byte	0
 2500 09a7 00       		.byte	0
 2501              		.section	.cywolatch,"a",%progbits
 2502              		.align	2
 2503              		.type	cy_meta_wonvl, %object
 2504              		.size	cy_meta_wonvl, 4
 2505              	cy_meta_wonvl:
 2506 0000 BC       		.byte	-68
 2507 0001 90       		.byte	-112
 2508 0002 AC       		.byte	-84
ARM GAS  C:\Users\CHONGY~1\AppData\Local\Temp\ccmFdSCF.s 			page 45


 2509 0003 AF       		.byte	-81
 2510              		.section	.cycustnvl,"a",%progbits
 2511              		.align	2
 2512              		.type	cy_meta_custnvl, %object
 2513              		.size	cy_meta_custnvl, 4
 2514              	cy_meta_custnvl:
 2515 0000 00       		.byte	0
 2516 0001 00       		.byte	0
 2517 0002 40       		.byte	64
 2518 0003 05       		.byte	5
 2519              		.section	.cymeta,"a",%progbits
 2520              		.align	2
 2521              		.type	cy_metadata, %object
 2522              		.size	cy_metadata, 12
 2523              	cy_metadata:
 2524 0000 00       		.byte	0
 2525 0001 01       		.byte	1
 2526 0002 2E       		.byte	46
 2527 0003 16       		.byte	22
 2528 0004 10       		.byte	16
 2529 0005 69       		.byte	105
 2530 0006 00       		.byte	0
 2531 0007 01       		.byte	1
 2532 0008 00       		.byte	0
 2533 0009 00       		.byte	0
 2534 000a 00       		.byte	0
 2535 000b 00       		.byte	0
 2536              		.section	.cyflashprotect,"a",%progbits
 2537              		.align	2
 2538              		.type	cy_meta_flashprotect, %object
 2539              		.size	cy_meta_flashprotect, 256
 2540              	cy_meta_flashprotect:
 2541 0000 00000000 		.space	256
 2541      00000000 
 2541      00000000 
 2541      00000000 
 2541      00000000 
 2542              		.text
 2543              	.Letext0:
 2544              		.file 1 "c:\\program files (x86)\\cypress\\psoc creator\\4.4\\psoc creator\\import\\gnu\\arm\\5.4.
 2545              		.file 2 "c:\\program files (x86)\\cypress\\psoc creator\\4.4\\psoc creator\\import\\gnu\\arm\\5.4.
 2546              		.file 3 "Generated_Source\\PSoC5\\cymetadata.c"
 2547              		.section	.debug_info,"",%progbits
 2548              	.Ldebug_info0:
 2549 0000 35010000 		.4byte	0x135
 2550 0004 0400     		.2byte	0x4
 2551 0006 00000000 		.4byte	.Ldebug_abbrev0
 2552 000a 04       		.byte	0x4
 2553 000b 01       		.uleb128 0x1
 2554 000c 94000000 		.4byte	.LASF17
 2555 0010 0C       		.byte	0xc
 2556 0011 EE010000 		.4byte	.LASF18
 2557 0015 0A000000 		.4byte	.LASF19
 2558 0019 00000000 		.4byte	.Ldebug_line0
 2559 001d 02       		.uleb128 0x2
 2560 001e 01       		.byte	0x1
 2561 001f 06       		.byte	0x6
ARM GAS  C:\Users\CHONGY~1\AppData\Local\Temp\ccmFdSCF.s 			page 46


 2562 0020 E2010000 		.4byte	.LASF0
 2563 0024 03       		.uleb128 0x3
 2564 0025 00000000 		.4byte	.LASF9
 2565 0029 01       		.byte	0x1
 2566 002a 1D       		.byte	0x1d
 2567 002b 2F000000 		.4byte	0x2f
 2568 002f 02       		.uleb128 0x2
 2569 0030 01       		.byte	0x1
 2570 0031 08       		.byte	0x8
 2571 0032 86000000 		.4byte	.LASF1
 2572 0036 02       		.uleb128 0x2
 2573 0037 02       		.byte	0x2
 2574 0038 05       		.byte	0x5
 2575 0039 CF010000 		.4byte	.LASF2
 2576 003d 02       		.uleb128 0x2
 2577 003e 02       		.byte	0x2
 2578 003f 07       		.byte	0x7
 2579 0040 34010000 		.4byte	.LASF3
 2580 0044 02       		.uleb128 0x2
 2581 0045 04       		.byte	0x4
 2582 0046 05       		.byte	0x5
 2583 0047 D9010000 		.4byte	.LASF4
 2584 004b 02       		.uleb128 0x2
 2585 004c 04       		.byte	0x4
 2586 004d 07       		.byte	0x7
 2587 004e 22010000 		.4byte	.LASF5
 2588 0052 02       		.uleb128 0x2
 2589 0053 08       		.byte	0x8
 2590 0054 05       		.byte	0x5
 2591 0055 C1010000 		.4byte	.LASF6
 2592 0059 02       		.uleb128 0x2
 2593 005a 08       		.byte	0x8
 2594 005b 07       		.byte	0x7
 2595 005c 76010000 		.4byte	.LASF7
 2596 0060 04       		.uleb128 0x4
 2597 0061 04       		.byte	0x4
 2598 0062 05       		.byte	0x5
 2599 0063 696E7400 		.ascii	"int\000"
 2600 0067 02       		.uleb128 0x2
 2601 0068 04       		.byte	0x4
 2602 0069 07       		.byte	0x7
 2603 006a 69010000 		.4byte	.LASF8
 2604 006e 03       		.uleb128 0x3
 2605 006f 8D010000 		.4byte	.LASF10
 2606 0073 02       		.byte	0x2
 2607 0074 18       		.byte	0x18
 2608 0075 24000000 		.4byte	0x24
 2609 0079 05       		.uleb128 0x5
 2610 007a 91000000 		.4byte	0x91
 2611 007e 8A000000 		.4byte	0x8a
 2612 0082 06       		.uleb128 0x6
 2613 0083 8A000000 		.4byte	0x8a
 2614 0087 A709     		.2byte	0x9a7
 2615 0089 00       		.byte	0
 2616 008a 02       		.uleb128 0x2
 2617 008b 04       		.byte	0x4
 2618 008c 07       		.byte	0x7
ARM GAS  C:\Users\CHONGY~1\AppData\Local\Temp\ccmFdSCF.s 			page 47


 2619 008d B8010000 		.4byte	.LASF11
 2620 0091 07       		.uleb128 0x7
 2621 0092 6E000000 		.4byte	0x6e
 2622 0096 08       		.uleb128 0x8
 2623 0097 57010000 		.4byte	.LASF12
 2624 009b 03       		.byte	0x3
 2625 009c 1F       		.byte	0x1f
 2626 009d A7000000 		.4byte	0xa7
 2627 00a1 05       		.uleb128 0x5
 2628 00a2 03       		.byte	0x3
 2629 00a3 00000000 		.4byte	cy_meta_configecc
 2630 00a7 07       		.uleb128 0x7
 2631 00a8 79000000 		.4byte	0x79
 2632 00ac 05       		.uleb128 0x5
 2633 00ad 91000000 		.4byte	0x91
 2634 00b1 BC000000 		.4byte	0xbc
 2635 00b5 09       		.uleb128 0x9
 2636 00b6 8A000000 		.4byte	0x8a
 2637 00ba 03       		.byte	0x3
 2638 00bb 00       		.byte	0
 2639 00bc 0A       		.uleb128 0xa
 2640 00bd 47010000 		.4byte	.LASF13
 2641 00c1 03       		.byte	0x3
 2642 00c2 6101     		.2byte	0x161
 2643 00c4 CE000000 		.4byte	0xce
 2644 00c8 05       		.uleb128 0x5
 2645 00c9 03       		.byte	0x3
 2646 00ca 00000000 		.4byte	cy_meta_custnvl
 2647 00ce 07       		.uleb128 0x7
 2648 00cf AC000000 		.4byte	0xac
 2649 00d3 0A       		.uleb128 0xa
 2650 00d4 AA010000 		.4byte	.LASF14
 2651 00d8 03       		.byte	0x3
 2652 00d9 6F01     		.2byte	0x16f
 2653 00db E5000000 		.4byte	0xe5
 2654 00df 05       		.uleb128 0x5
 2655 00e0 03       		.byte	0x3
 2656 00e1 00000000 		.4byte	cy_meta_wonvl
 2657 00e5 07       		.uleb128 0x7
 2658 00e6 AC000000 		.4byte	0xac
 2659 00ea 05       		.uleb128 0x5
 2660 00eb 91000000 		.4byte	0x91
 2661 00ef FA000000 		.4byte	0xfa
 2662 00f3 09       		.uleb128 0x9
 2663 00f4 8A000000 		.4byte	0x8a
 2664 00f8 FF       		.byte	0xff
 2665 00f9 00       		.byte	0
 2666 00fa 0A       		.uleb128 0xa
 2667 00fb 95010000 		.4byte	.LASF15
 2668 00ff 03       		.byte	0x3
 2669 0100 7D01     		.2byte	0x17d
 2670 0102 0C010000 		.4byte	0x10c
 2671 0106 05       		.uleb128 0x5
 2672 0107 03       		.byte	0x3
 2673 0108 00000000 		.4byte	cy_meta_flashprotect
 2674 010c 07       		.uleb128 0x7
 2675 010d EA000000 		.4byte	0xea
ARM GAS  C:\Users\CHONGY~1\AppData\Local\Temp\ccmFdSCF.s 			page 48


 2676 0111 05       		.uleb128 0x5
 2677 0112 91000000 		.4byte	0x91
 2678 0116 21010000 		.4byte	0x121
 2679 011a 09       		.uleb128 0x9
 2680 011b 8A000000 		.4byte	0x8a
 2681 011f 0B       		.byte	0xb
 2682 0120 00       		.byte	0
 2683 0121 0A       		.uleb128 0xa
 2684 0122 7A000000 		.4byte	.LASF16
 2685 0126 03       		.byte	0x3
 2686 0127 AA01     		.2byte	0x1aa
 2687 0129 33010000 		.4byte	0x133
 2688 012d 05       		.uleb128 0x5
 2689 012e 03       		.byte	0x3
 2690 012f 00000000 		.4byte	cy_metadata
 2691 0133 07       		.uleb128 0x7
 2692 0134 11010000 		.4byte	0x111
 2693 0138 00       		.byte	0
 2694              		.section	.debug_abbrev,"",%progbits
 2695              	.Ldebug_abbrev0:
 2696 0000 01       		.uleb128 0x1
 2697 0001 11       		.uleb128 0x11
 2698 0002 01       		.byte	0x1
 2699 0003 25       		.uleb128 0x25
 2700 0004 0E       		.uleb128 0xe
 2701 0005 13       		.uleb128 0x13
 2702 0006 0B       		.uleb128 0xb
 2703 0007 03       		.uleb128 0x3
 2704 0008 0E       		.uleb128 0xe
 2705 0009 1B       		.uleb128 0x1b
 2706 000a 0E       		.uleb128 0xe
 2707 000b 10       		.uleb128 0x10
 2708 000c 17       		.uleb128 0x17
 2709 000d 00       		.byte	0
 2710 000e 00       		.byte	0
 2711 000f 02       		.uleb128 0x2
 2712 0010 24       		.uleb128 0x24
 2713 0011 00       		.byte	0
 2714 0012 0B       		.uleb128 0xb
 2715 0013 0B       		.uleb128 0xb
 2716 0014 3E       		.uleb128 0x3e
 2717 0015 0B       		.uleb128 0xb
 2718 0016 03       		.uleb128 0x3
 2719 0017 0E       		.uleb128 0xe
 2720 0018 00       		.byte	0
 2721 0019 00       		.byte	0
 2722 001a 03       		.uleb128 0x3
 2723 001b 16       		.uleb128 0x16
 2724 001c 00       		.byte	0
 2725 001d 03       		.uleb128 0x3
 2726 001e 0E       		.uleb128 0xe
 2727 001f 3A       		.uleb128 0x3a
 2728 0020 0B       		.uleb128 0xb
 2729 0021 3B       		.uleb128 0x3b
 2730 0022 0B       		.uleb128 0xb
 2731 0023 49       		.uleb128 0x49
 2732 0024 13       		.uleb128 0x13
ARM GAS  C:\Users\CHONGY~1\AppData\Local\Temp\ccmFdSCF.s 			page 49


 2733 0025 00       		.byte	0
 2734 0026 00       		.byte	0
 2735 0027 04       		.uleb128 0x4
 2736 0028 24       		.uleb128 0x24
 2737 0029 00       		.byte	0
 2738 002a 0B       		.uleb128 0xb
 2739 002b 0B       		.uleb128 0xb
 2740 002c 3E       		.uleb128 0x3e
 2741 002d 0B       		.uleb128 0xb
 2742 002e 03       		.uleb128 0x3
 2743 002f 08       		.uleb128 0x8
 2744 0030 00       		.byte	0
 2745 0031 00       		.byte	0
 2746 0032 05       		.uleb128 0x5
 2747 0033 01       		.uleb128 0x1
 2748 0034 01       		.byte	0x1
 2749 0035 49       		.uleb128 0x49
 2750 0036 13       		.uleb128 0x13
 2751 0037 01       		.uleb128 0x1
 2752 0038 13       		.uleb128 0x13
 2753 0039 00       		.byte	0
 2754 003a 00       		.byte	0
 2755 003b 06       		.uleb128 0x6
 2756 003c 21       		.uleb128 0x21
 2757 003d 00       		.byte	0
 2758 003e 49       		.uleb128 0x49
 2759 003f 13       		.uleb128 0x13
 2760 0040 2F       		.uleb128 0x2f
 2761 0041 05       		.uleb128 0x5
 2762 0042 00       		.byte	0
 2763 0043 00       		.byte	0
 2764 0044 07       		.uleb128 0x7
 2765 0045 26       		.uleb128 0x26
 2766 0046 00       		.byte	0
 2767 0047 49       		.uleb128 0x49
 2768 0048 13       		.uleb128 0x13
 2769 0049 00       		.byte	0
 2770 004a 00       		.byte	0
 2771 004b 08       		.uleb128 0x8
 2772 004c 34       		.uleb128 0x34
 2773 004d 00       		.byte	0
 2774 004e 03       		.uleb128 0x3
 2775 004f 0E       		.uleb128 0xe
 2776 0050 3A       		.uleb128 0x3a
 2777 0051 0B       		.uleb128 0xb
 2778 0052 3B       		.uleb128 0x3b
 2779 0053 0B       		.uleb128 0xb
 2780 0054 49       		.uleb128 0x49
 2781 0055 13       		.uleb128 0x13
 2782 0056 3F       		.uleb128 0x3f
 2783 0057 19       		.uleb128 0x19
 2784 0058 02       		.uleb128 0x2
 2785 0059 18       		.uleb128 0x18
 2786 005a 00       		.byte	0
 2787 005b 00       		.byte	0
 2788 005c 09       		.uleb128 0x9
 2789 005d 21       		.uleb128 0x21
ARM GAS  C:\Users\CHONGY~1\AppData\Local\Temp\ccmFdSCF.s 			page 50


 2790 005e 00       		.byte	0
 2791 005f 49       		.uleb128 0x49
 2792 0060 13       		.uleb128 0x13
 2793 0061 2F       		.uleb128 0x2f
 2794 0062 0B       		.uleb128 0xb
 2795 0063 00       		.byte	0
 2796 0064 00       		.byte	0
 2797 0065 0A       		.uleb128 0xa
 2798 0066 34       		.uleb128 0x34
 2799 0067 00       		.byte	0
 2800 0068 03       		.uleb128 0x3
 2801 0069 0E       		.uleb128 0xe
 2802 006a 3A       		.uleb128 0x3a
 2803 006b 0B       		.uleb128 0xb
 2804 006c 3B       		.uleb128 0x3b
 2805 006d 05       		.uleb128 0x5
 2806 006e 49       		.uleb128 0x49
 2807 006f 13       		.uleb128 0x13
 2808 0070 3F       		.uleb128 0x3f
 2809 0071 19       		.uleb128 0x19
 2810 0072 02       		.uleb128 0x2
 2811 0073 18       		.uleb128 0x18
 2812 0074 00       		.byte	0
 2813 0075 00       		.byte	0
 2814 0076 00       		.byte	0
 2815              		.section	.debug_aranges,"",%progbits
 2816 0000 14000000 		.4byte	0x14
 2817 0004 0200     		.2byte	0x2
 2818 0006 00000000 		.4byte	.Ldebug_info0
 2819 000a 04       		.byte	0x4
 2820 000b 00       		.byte	0
 2821 000c 0000     		.2byte	0
 2822 000e 0000     		.2byte	0
 2823 0010 00000000 		.4byte	0
 2824 0014 00000000 		.4byte	0
 2825              		.section	.debug_line,"",%progbits
 2826              	.Ldebug_line0:
 2827 0000 3D010000 		.section	.debug_str,"MS",%progbits,1
 2827      02003701 
 2827      00000201 
 2827      FB0E0D00 
 2827      01010101 
 2828              	.LASF9:
 2829 0000 5F5F7569 		.ascii	"__uint8_t\000"
 2829      6E74385F 
 2829      7400
 2830              	.LASF19:
 2831 000a 433A5C55 		.ascii	"C:\\Users\\Chong Yen Juin\\Desktop\\Monash\\ECE4191"
 2831      73657273 
 2831      5C43686F 
 2831      6E672059 
 2831      656E204A 
 2832 0038 5C303920 		.ascii	"\\09 - Implementation\\ECE4191-G15\\ECE4191\\ColorB"
 2832      2D20496D 
 2832      706C656D 
 2832      656E7461 
 2832      74696F6E 
ARM GAS  C:\Users\CHONGY~1\AppData\Local\Temp\ccmFdSCF.s 			page 51


 2833 0067 6F776C52 		.ascii	"owlRobot_G15.cydsn\000"
 2833      6F626F74 
 2833      5F473135 
 2833      2E637964 
 2833      736E00
 2834              	.LASF16:
 2835 007a 63795F6D 		.ascii	"cy_metadata\000"
 2835      65746164 
 2835      61746100 
 2836              	.LASF1:
 2837 0086 756E7369 		.ascii	"unsigned char\000"
 2837      676E6564 
 2837      20636861 
 2837      7200
 2838              	.LASF17:
 2839 0094 474E5520 		.ascii	"GNU C11 5.4.1 20160609 (release) [ARM/embedded-5-br"
 2839      43313120 
 2839      352E342E 
 2839      31203230 
 2839      31363036 
 2840 00c7 616E6368 		.ascii	"anch revision 237715] -mcpu=cortex-m3 -mthumb -g -O"
 2840      20726576 
 2840      6973696F 
 2840      6E203233 
 2840      37373135 
 2841 00fa 67202D66 		.ascii	"g -ffunction-sections -ffat-lto-objects\000"
 2841      66756E63 
 2841      74696F6E 
 2841      2D736563 
 2841      74696F6E 
 2842              	.LASF5:
 2843 0122 6C6F6E67 		.ascii	"long unsigned int\000"
 2843      20756E73 
 2843      69676E65 
 2843      6420696E 
 2843      7400
 2844              	.LASF3:
 2845 0134 73686F72 		.ascii	"short unsigned int\000"
 2845      7420756E 
 2845      7369676E 
 2845      65642069 
 2845      6E7400
 2846              	.LASF13:
 2847 0147 63795F6D 		.ascii	"cy_meta_custnvl\000"
 2847      6574615F 
 2847      63757374 
 2847      6E766C00 
 2848              	.LASF12:
 2849 0157 63795F6D 		.ascii	"cy_meta_configecc\000"
 2849      6574615F 
 2849      636F6E66 
 2849      69676563 
 2849      6300
 2850              	.LASF8:
 2851 0169 756E7369 		.ascii	"unsigned int\000"
 2851      676E6564 
 2851      20696E74 
ARM GAS  C:\Users\CHONGY~1\AppData\Local\Temp\ccmFdSCF.s 			page 52


 2851      00
 2852              	.LASF7:
 2853 0176 6C6F6E67 		.ascii	"long long unsigned int\000"
 2853      206C6F6E 
 2853      6720756E 
 2853      7369676E 
 2853      65642069 
 2854              	.LASF10:
 2855 018d 75696E74 		.ascii	"uint8_t\000"
 2855      385F7400 
 2856              	.LASF15:
 2857 0195 63795F6D 		.ascii	"cy_meta_flashprotect\000"
 2857      6574615F 
 2857      666C6173 
 2857      6870726F 
 2857      74656374 
 2858              	.LASF14:
 2859 01aa 63795F6D 		.ascii	"cy_meta_wonvl\000"
 2859      6574615F 
 2859      776F6E76 
 2859      6C00
 2860              	.LASF11:
 2861 01b8 73697A65 		.ascii	"sizetype\000"
 2861      74797065 
 2861      00
 2862              	.LASF6:
 2863 01c1 6C6F6E67 		.ascii	"long long int\000"
 2863      206C6F6E 
 2863      6720696E 
 2863      7400
 2864              	.LASF2:
 2865 01cf 73686F72 		.ascii	"short int\000"
 2865      7420696E 
 2865      7400
 2866              	.LASF4:
 2867 01d9 6C6F6E67 		.ascii	"long int\000"
 2867      20696E74 
 2867      00
 2868              	.LASF0:
 2869 01e2 7369676E 		.ascii	"signed char\000"
 2869      65642063 
 2869      68617200 
 2870              	.LASF18:
 2871 01ee 47656E65 		.ascii	"Generated_Source\\PSoC5\\cymetadata.c\000"
 2871      72617465 
 2871      645F536F 
 2871      75726365 
 2871      5C50536F 
 2872              		.ident	"GCC: (GNU Tools for ARM Embedded Processors) 5.4.1 20160609 (release) [ARM/embedded-5-bran
