ARM GAS  C:\Users\CHONGY~1\AppData\Local\Temp\ccVMee3A.s 			page 1


   1              		.syntax unified
   2              		.cpu cortex-m3
   3              		.fpu softvfp
   4              		.eabi_attribute 20, 1
   5              		.eabi_attribute 21, 1
   6              		.eabi_attribute 23, 3
   7              		.eabi_attribute 24, 1
   8              		.eabi_attribute 25, 1
   9              		.eabi_attribute 26, 1
  10              		.eabi_attribute 30, 1
  11              		.eabi_attribute 34, 1
  12              		.eabi_attribute 18, 4
  13              		.thumb
  14              		.syntax unified
  15              		.file	"median_filter.c"
  16              		.text
  17              	.Ltext0:
  18              		.cfi_sections	.debug_frame
  19              		.section	.text.swap,"ax",%progbits
  20              		.align	2
  21              		.global	swap
  22              		.thumb
  23              		.thumb_func
  24              		.type	swap, %function
  25              	swap:
  26              	.LFB1:
  27              		.file 1 "median_filter.c"
   1:median_filter.c **** /* ========================================
   2:median_filter.c ****  *
   3:median_filter.c ****  * Copyright YOUR COMPANY, THE YEAR
   4:median_filter.c ****  * All Rights Reserved
   5:median_filter.c ****  * UNPUBLISHED, LICENSED SOFTWARE.
   6:median_filter.c ****  *
   7:median_filter.c ****  * CONFIDENTIAL AND PROPRIETARY INFORMATION
   8:median_filter.c ****  * WHICH IS THE PROPERTY OF your company.
   9:median_filter.c ****  *
  10:median_filter.c ****  * ========================================
  11:median_filter.c **** */
  12:median_filter.c **** #include <stdio.h>
  13:median_filter.c **** #include "median_filter.h"
  14:median_filter.c **** 
  15:median_filter.c **** // Function to swap two elements
  16:median_filter.c **** void swap(double *a, double *b) {
  28              		.loc 1 16 0
  29              		.cfi_startproc
  30              		@ args = 0, pretend = 0, frame = 0
  31              		@ frame_needed = 0, uses_anonymous_args = 0
  32              		@ link register save eliminated.
  33              	.LVL0:
  34 0000 30B4     		push	{r4, r5}
  35              		.cfi_def_cfa_offset 8
  36              		.cfi_offset 4, -8
  37              		.cfi_offset 5, -4
  17:median_filter.c ****     double temp = *a;
  38              		.loc 1 17 0
  39 0002 D0E90045 		ldrd	r4, [r0]
  40              	.LVL1:
ARM GAS  C:\Users\CHONGY~1\AppData\Local\Temp\ccVMee3A.s 			page 2


  18:median_filter.c ****     *a = *b;
  41              		.loc 1 18 0
  42 0006 D1E90023 		ldrd	r2, [r1]
  43 000a C0E90023 		strd	r2, [r0]
  19:median_filter.c ****     *b = temp;
  44              		.loc 1 19 0
  45 000e C1E90045 		strd	r4, [r1]
  20:median_filter.c **** }
  46              		.loc 1 20 0
  47 0012 30BC     		pop	{r4, r5}
  48              		.cfi_restore 5
  49              		.cfi_restore 4
  50              		.cfi_def_cfa_offset 0
  51              	.LVL2:
  52 0014 7047     		bx	lr
  53              		.cfi_endproc
  54              	.LFE1:
  55              		.size	swap, .-swap
  56              		.global	__aeabi_dcmpgt
  57 0016 00BF     		.section	.text.partition,"ax",%progbits
  58              		.align	2
  59              		.global	partition
  60              		.thumb
  61              		.thumb_func
  62              		.type	partition, %function
  63              	partition:
  64              	.LFB2:
  21:median_filter.c **** 
  22:median_filter.c **** // Partition function for Quick Sort
  23:median_filter.c **** int partition(double *arr, int low, int high) {
  65              		.loc 1 23 0
  66              		.cfi_startproc
  67              		@ args = 0, pretend = 0, frame = 0
  68              		@ frame_needed = 0, uses_anonymous_args = 0
  69              	.LVL3:
  70 0000 2DE9F84F 		push	{r3, r4, r5, r6, r7, r8, r9, r10, fp, lr}
  71              		.cfi_def_cfa_offset 40
  72              		.cfi_offset 3, -40
  73              		.cfi_offset 4, -36
  74              		.cfi_offset 5, -32
  75              		.cfi_offset 6, -28
  76              		.cfi_offset 7, -24
  77              		.cfi_offset 8, -20
  78              		.cfi_offset 9, -16
  79              		.cfi_offset 10, -12
  80              		.cfi_offset 11, -8
  81              		.cfi_offset 14, -4
  82 0004 0646     		mov	r6, r0
  83 0006 0C46     		mov	r4, r1
  84 0008 9246     		mov	r10, r2
  24:median_filter.c ****     double pivot = arr[high];
  85              		.loc 1 24 0
  86 000a 00EBC20B 		add	fp, r0, r2, lsl #3
  87 000e DBE90089 		ldrd	r8, [fp]
  88              	.LVL4:
  25:median_filter.c ****     int i = (low - 1);
  89              		.loc 1 25 0
ARM GAS  C:\Users\CHONGY~1\AppData\Local\Temp\ccVMee3A.s 			page 3


  90 0012 4F1E     		subs	r7, r1, #1
  91              	.LVL5:
  92              	.LBB2:
  26:median_filter.c **** 
  27:median_filter.c ****     for (int j = low; j <= high - 1; j++) {
  93              		.loc 1 27 0
  94 0014 0FE0     		b	.L4
  95              	.LVL6:
  96              	.L7:
  28:median_filter.c ****         if (arr[j] < pivot) {
  97              		.loc 1 28 0
  98 0016 06EBC405 		add	r5, r6, r4, lsl #3
  99 001a D5E90023 		ldrd	r2, [r5]
 100 001e 4046     		mov	r0, r8
 101 0020 4946     		mov	r1, r9
 102 0022 FFF7FEFF 		bl	__aeabi_dcmpgt
 103              	.LVL7:
 104 0026 28B1     		cbz	r0, .L5
  29:median_filter.c ****             i++;
 105              		.loc 1 29 0
 106 0028 0137     		adds	r7, r7, #1
 107              	.LVL8:
  30:median_filter.c ****             swap(&arr[i], &arr[j]);
 108              		.loc 1 30 0
 109 002a 2946     		mov	r1, r5
 110 002c 06EBC700 		add	r0, r6, r7, lsl #3
 111 0030 FFF7FEFF 		bl	swap
 112              	.LVL9:
 113              	.L5:
  27:median_filter.c ****         if (arr[j] < pivot) {
 114              		.loc 1 27 0 discriminator 2
 115 0034 0134     		adds	r4, r4, #1
 116              	.LVL10:
 117              	.L4:
  27:median_filter.c ****         if (arr[j] < pivot) {
 118              		.loc 1 27 0 is_stmt 0 discriminator 1
 119 0036 0AF1FF33 		add	r3, r10, #-1
 120 003a 9C42     		cmp	r4, r3
 121 003c EBDD     		ble	.L7
 122              	.LBE2:
  31:median_filter.c ****         }
  32:median_filter.c ****     }
  33:median_filter.c ****     swap(&arr[i + 1], &arr[high]);
 123              		.loc 1 33 0 is_stmt 1
 124 003e 0137     		adds	r7, r7, #1
 125              	.LVL11:
 126 0040 5946     		mov	r1, fp
 127 0042 06EBC700 		add	r0, r6, r7, lsl #3
 128 0046 FFF7FEFF 		bl	swap
 129              	.LVL12:
  34:median_filter.c ****     return (i + 1);
  35:median_filter.c **** }
 130              		.loc 1 35 0
 131 004a 3846     		mov	r0, r7
 132 004c BDE8F88F 		pop	{r3, r4, r5, r6, r7, r8, r9, r10, fp, pc}
 133              		.cfi_endproc
 134              	.LFE2:
ARM GAS  C:\Users\CHONGY~1\AppData\Local\Temp\ccVMee3A.s 			page 4


 135              		.size	partition, .-partition
 136              		.section	.text.quickSort,"ax",%progbits
 137              		.align	2
 138              		.global	quickSort
 139              		.thumb
 140              		.thumb_func
 141              		.type	quickSort, %function
 142              	quickSort:
 143              	.LFB3:
  36:median_filter.c **** 
  37:median_filter.c **** void quickSort(double *arr, int low, int high) {
 144              		.loc 1 37 0
 145              		.cfi_startproc
 146              		@ args = 0, pretend = 0, frame = 0
 147              		@ frame_needed = 0, uses_anonymous_args = 0
 148              	.LVL13:
  38:median_filter.c ****     if (low < high) {
 149              		.loc 1 38 0
 150 0000 9142     		cmp	r1, r2
 151 0002 11DA     		bge	.L13
  37:median_filter.c ****     if (low < high) {
 152              		.loc 1 37 0
 153 0004 F8B5     		push	{r3, r4, r5, r6, r7, lr}
 154              		.cfi_def_cfa_offset 24
 155              		.cfi_offset 3, -24
 156              		.cfi_offset 4, -20
 157              		.cfi_offset 5, -16
 158              		.cfi_offset 6, -12
 159              		.cfi_offset 7, -8
 160              		.cfi_offset 14, -4
 161 0006 1446     		mov	r4, r2
 162 0008 0D46     		mov	r5, r1
 163 000a 0646     		mov	r6, r0
 164              	.LBB3:
  39:median_filter.c ****         int pi = partition(arr, low, high);
 165              		.loc 1 39 0
 166 000c FFF7FEFF 		bl	partition
 167              	.LVL14:
 168 0010 0746     		mov	r7, r0
 169              	.LVL15:
  40:median_filter.c **** 
  41:median_filter.c ****         quickSort(arr, low, pi - 1);
 170              		.loc 1 41 0
 171 0012 421E     		subs	r2, r0, #1
 172 0014 2946     		mov	r1, r5
 173 0016 3046     		mov	r0, r6
 174              	.LVL16:
 175 0018 FFF7FEFF 		bl	quickSort
 176              	.LVL17:
  42:median_filter.c ****         quickSort(arr, pi + 1, high);
 177              		.loc 1 42 0
 178 001c 2246     		mov	r2, r4
 179 001e 791C     		adds	r1, r7, #1
 180 0020 3046     		mov	r0, r6
 181 0022 FFF7FEFF 		bl	quickSort
 182              	.LVL18:
 183 0026 F8BD     		pop	{r3, r4, r5, r6, r7, pc}
ARM GAS  C:\Users\CHONGY~1\AppData\Local\Temp\ccVMee3A.s 			page 5


 184              	.LVL19:
 185              	.L13:
 186              		.cfi_def_cfa_offset 0
 187              		.cfi_restore 3
 188              		.cfi_restore 4
 189              		.cfi_restore 5
 190              		.cfi_restore 6
 191              		.cfi_restore 7
 192              		.cfi_restore 14
 193 0028 7047     		bx	lr
 194              	.LBE3:
 195              		.cfi_endproc
 196              	.LFE3:
 197              		.size	quickSort, .-quickSort
 198              		.global	__aeabi_dadd
 199              		.global	__aeabi_dmul
 200 002a 00BF     		.section	.text.findMedian,"ax",%progbits
 201              		.align	2
 202              		.global	findMedian
 203              		.thumb
 204              		.thumb_func
 205              		.type	findMedian, %function
 206              	findMedian:
 207              	.LFB4:
  43:median_filter.c ****     }
  44:median_filter.c **** }
  45:median_filter.c **** 
  46:median_filter.c **** double findMedian(double arr[], int n) {
 208              		.loc 1 46 0
 209              		.cfi_startproc
 210              		@ args = 0, pretend = 0, frame = 0
 211              		@ frame_needed = 0, uses_anonymous_args = 0
 212              	.LVL20:
 213 0000 38B5     		push	{r3, r4, r5, lr}
 214              		.cfi_def_cfa_offset 16
 215              		.cfi_offset 3, -16
 216              		.cfi_offset 4, -12
 217              		.cfi_offset 5, -8
 218              		.cfi_offset 14, -4
 219 0002 0546     		mov	r5, r0
 220 0004 0C46     		mov	r4, r1
  47:median_filter.c ****     quickSort(arr, 0, n-1);
 221              		.loc 1 47 0
 222 0006 4A1E     		subs	r2, r1, #1
 223 0008 0021     		movs	r1, #0
 224              	.LVL21:
 225 000a FFF7FEFF 		bl	quickSort
 226              	.LVL22:
  48:median_filter.c **** 
  49:median_filter.c ****     if (n % 2 == 0) {
 227              		.loc 1 49 0
 228 000e 14F0010F 		tst	r4, #1
 229 0012 14D1     		bne	.L15
  50:median_filter.c ****         return (arr[n / 2 - 1] + arr[n / 2]) / 2;
 230              		.loc 1 50 0
 231 0014 04EBD474 		add	r4, r4, r4, lsr #31
 232              	.LVL23:
ARM GAS  C:\Users\CHONGY~1\AppData\Local\Temp\ccVMee3A.s 			page 6


 233 0018 6310     		asrs	r3, r4, #1
 234 001a 03F10052 		add	r2, r3, #536870912
 235 001e 013A     		subs	r2, r2, #1
 236 0020 05EBC201 		add	r1, r5, r2, lsl #3
 237 0024 05EBC303 		add	r3, r5, r3, lsl #3
 238 0028 D3E90023 		ldrd	r2, [r3]
 239 002c D1E90001 		ldrd	r0, [r1]
 240 0030 FFF7FEFF 		bl	__aeabi_dadd
 241              	.LVL24:
 242 0034 0022     		movs	r2, #0
 243 0036 064B     		ldr	r3, .L18
 244 0038 FFF7FEFF 		bl	__aeabi_dmul
 245              	.LVL25:
 246 003c 38BD     		pop	{r3, r4, r5, pc}
 247              	.LVL26:
 248              	.L15:
  51:median_filter.c ****     } else {
  52:median_filter.c ****         return arr[n / 2];
 249              		.loc 1 52 0
 250 003e 04EBD474 		add	r4, r4, r4, lsr #31
 251              	.LVL27:
 252 0042 6410     		asrs	r4, r4, #1
 253 0044 05EBC404 		add	r4, r5, r4, lsl #3
 254 0048 D4E90001 		ldrd	r0, [r4]
  53:median_filter.c ****     }
  54:median_filter.c **** }
 255              		.loc 1 54 0
 256 004c 38BD     		pop	{r3, r4, r5, pc}
 257              	.LVL28:
 258              	.L19:
 259 004e 00BF     		.align	2
 260              	.L18:
 261 0050 0000E03F 		.word	1071644672
 262              		.cfi_endproc
 263              	.LFE4:
 264              		.size	findMedian, .-findMedian
 265              		.section	.text.medianFilter,"ax",%progbits
 266              		.align	2
 267              		.global	medianFilter
 268              		.thumb
 269              		.thumb_func
 270              		.type	medianFilter, %function
 271              	medianFilter:
 272              	.LFB5:
  55:median_filter.c **** 
  56:median_filter.c **** double medianFilter(double fifo[], double newValue) {
 273              		.loc 1 56 0
 274              		.cfi_startproc
 275              		@ args = 0, pretend = 0, frame = 40
 276              		@ frame_needed = 0, uses_anonymous_args = 0
 277              	.LVL29:
 278 0000 70B5     		push	{r4, r5, r6, lr}
 279              		.cfi_def_cfa_offset 16
 280              		.cfi_offset 4, -16
 281              		.cfi_offset 5, -12
 282              		.cfi_offset 6, -8
 283              		.cfi_offset 14, -4
ARM GAS  C:\Users\CHONGY~1\AppData\Local\Temp\ccVMee3A.s 			page 7


 284 0002 8AB0     		sub	sp, sp, #40
 285              		.cfi_def_cfa_offset 56
 286 0004 1446     		mov	r4, r2
 287 0006 1D46     		mov	r5, r3
  57:median_filter.c ****     static int currentIndex = 0;
  58:median_filter.c ****     static int isInitialized = 0;
  59:median_filter.c ****     double tempArray[ARRAY_SIZE];
  60:median_filter.c **** 
  61:median_filter.c ****     if (!isInitialized) {
 288              		.loc 1 61 0
 289 0008 194B     		ldr	r3, .L28
 290 000a 1B68     		ldr	r3, [r3]
 291 000c 33B1     		cbz	r3, .L26
 292 000e 0BE0     		b	.L22
 293              	.LVL30:
 294              	.L23:
 295              	.LBB4:
  62:median_filter.c ****         for (int i = 0; i < ARRAY_SIZE; i++) {
  63:median_filter.c ****             fifo[i] = newValue;
 296              		.loc 1 63 0 discriminator 3
 297 0010 00EBC301 		add	r1, r0, r3, lsl #3
 298 0014 C1E90045 		strd	r4, [r1]
  62:median_filter.c ****         for (int i = 0; i < ARRAY_SIZE; i++) {
 299              		.loc 1 62 0 discriminator 3
 300 0018 0133     		adds	r3, r3, #1
 301              	.LVL31:
 302 001a 00E0     		b	.L21
 303              	.LVL32:
 304              	.L26:
 305              	.LBE4:
 306 001c 0023     		movs	r3, #0
 307              	.L21:
 308              	.LVL33:
 309              	.LBB5:
  62:median_filter.c ****         for (int i = 0; i < ARRAY_SIZE; i++) {
 310              		.loc 1 62 0 is_stmt 0 discriminator 1
 311 001e 042B     		cmp	r3, #4
 312 0020 F6DD     		ble	.L23
 313              	.LBE5:
  64:median_filter.c ****         }
  65:median_filter.c ****         isInitialized = 1;
 314              		.loc 1 65 0 is_stmt 1
 315 0022 0122     		movs	r2, #1
 316              	.LVL34:
 317 0024 124B     		ldr	r3, .L28
 318              	.LVL35:
 319 0026 1A60     		str	r2, [r3]
 320              	.L22:
  66:median_filter.c ****     }
  67:median_filter.c **** 
  68:median_filter.c ****     fifo[currentIndex] = newValue;
 321              		.loc 1 68 0
 322 0028 114E     		ldr	r6, .L28
 323 002a 7368     		ldr	r3, [r6, #4]
 324 002c 00EBC302 		add	r2, r0, r3, lsl #3
 325 0030 C2E90045 		strd	r4, [r2]
  69:median_filter.c ****     currentIndex = (currentIndex + 1) % ARRAY_SIZE;
ARM GAS  C:\Users\CHONGY~1\AppData\Local\Temp\ccVMee3A.s 			page 8


 326              		.loc 1 69 0
 327 0034 5A1C     		adds	r2, r3, #1
 328 0036 0F4B     		ldr	r3, .L28+4
 329 0038 83FB0231 		smull	r3, r1, r3, r2
 330 003c D317     		asrs	r3, r2, #31
 331 003e C3EB6103 		rsb	r3, r3, r1, asr #1
 332 0042 03EB8303 		add	r3, r3, r3, lsl #2
 333 0046 D31A     		subs	r3, r2, r3
 334 0048 7360     		str	r3, [r6, #4]
 335              	.LVL36:
 336              	.LBB6:
  70:median_filter.c **** 
  71:median_filter.c ****     // Make a copy of the FIFO array and calculate the median
  72:median_filter.c ****     for (int i = 0; i < ARRAY_SIZE; i++) {
 337              		.loc 1 72 0
 338 004a 0022     		movs	r2, #0
 339 004c 08E0     		b	.L24
 340              	.LVL37:
 341              	.L25:
  73:median_filter.c ****         tempArray[i] = fifo[i];
 342              		.loc 1 73 0 discriminator 3
 343 004e D300     		lsls	r3, r2, #3
 344 0050 C118     		adds	r1, r0, r3
 345 0052 D1E90045 		ldrd	r4, [r1]
 346 0056 0AA9     		add	r1, sp, #40
 347 0058 0B44     		add	r3, r3, r1
 348 005a 43E90A45 		strd	r4, [r3, #-40]
  72:median_filter.c ****         tempArray[i] = fifo[i];
 349              		.loc 1 72 0 discriminator 3
 350 005e 0132     		adds	r2, r2, #1
 351              	.LVL38:
 352              	.L24:
  72:median_filter.c ****         tempArray[i] = fifo[i];
 353              		.loc 1 72 0 is_stmt 0 discriminator 1
 354 0060 042A     		cmp	r2, #4
 355 0062 F4DD     		ble	.L25
 356              	.LBE6:
  74:median_filter.c ****     }
  75:median_filter.c **** 
  76:median_filter.c ****     double median = findMedian(tempArray, ARRAY_SIZE);
 357              		.loc 1 76 0 is_stmt 1
 358 0064 0521     		movs	r1, #5
 359 0066 6846     		mov	r0, sp
 360              	.LVL39:
 361 0068 FFF7FEFF 		bl	findMedian
 362              	.LVL40:
  77:median_filter.c ****     return median;
  78:median_filter.c **** }
 363              		.loc 1 78 0
 364 006c 0AB0     		add	sp, sp, #40
 365              		.cfi_def_cfa_offset 16
 366              		@ sp needed
 367 006e 70BD     		pop	{r4, r5, r6, pc}
 368              	.L29:
 369              		.align	2
 370              	.L28:
 371 0070 00000000 		.word	.LANCHOR0
ARM GAS  C:\Users\CHONGY~1\AppData\Local\Temp\ccVMee3A.s 			page 9


 372 0074 67666666 		.word	1717986919
 373              		.cfi_endproc
 374              	.LFE5:
 375              		.size	medianFilter, .-medianFilter
 376              		.bss
 377              		.align	2
 378              		.set	.LANCHOR0,. + 0
 379              		.type	isInitialized.5202, %object
 380              		.size	isInitialized.5202, 4
 381              	isInitialized.5202:
 382 0000 00000000 		.space	4
 383              		.type	currentIndex.5201, %object
 384              		.size	currentIndex.5201, 4
 385              	currentIndex.5201:
 386 0004 00000000 		.space	4
 387              		.text
 388              	.Letext0:
 389              		.section	.debug_info,"",%progbits
 390              	.Ldebug_info0:
 391 0000 51030000 		.4byte	0x351
 392 0004 0400     		.2byte	0x4
 393 0006 00000000 		.4byte	.Ldebug_abbrev0
 394 000a 04       		.byte	0x4
 395 000b 01       		.uleb128 0x1
 396 000c B4000000 		.4byte	.LASF27
 397 0010 0C       		.byte	0xc
 398 0011 8C000000 		.4byte	.LASF28
 399 0015 17000000 		.4byte	.LASF29
 400 0019 18000000 		.4byte	.Ldebug_ranges0+0x18
 401 001d 00000000 		.4byte	0
 402 0021 00000000 		.4byte	.Ldebug_line0
 403 0025 02       		.uleb128 0x2
 404 0026 08       		.byte	0x8
 405 0027 04       		.byte	0x4
 406 0028 76010000 		.4byte	.LASF0
 407 002c 02       		.uleb128 0x2
 408 002d 01       		.byte	0x1
 409 002e 06       		.byte	0x6
 410 002f 22020000 		.4byte	.LASF1
 411 0033 02       		.uleb128 0x2
 412 0034 01       		.byte	0x1
 413 0035 08       		.byte	0x8
 414 0036 A6000000 		.4byte	.LASF2
 415 003a 02       		.uleb128 0x2
 416 003b 02       		.byte	0x2
 417 003c 05       		.byte	0x5
 418 003d 7D010000 		.4byte	.LASF3
 419 0041 02       		.uleb128 0x2
 420 0042 02       		.byte	0x2
 421 0043 07       		.byte	0x7
 422 0044 63010000 		.4byte	.LASF4
 423 0048 02       		.uleb128 0x2
 424 0049 04       		.byte	0x4
 425 004a 05       		.byte	0x5
 426 004b 00020000 		.4byte	.LASF5
 427 004f 02       		.uleb128 0x2
 428 0050 04       		.byte	0x4
ARM GAS  C:\Users\CHONGY~1\AppData\Local\Temp\ccVMee3A.s 			page 10


 429 0051 07       		.byte	0x7
 430 0052 4C010000 		.4byte	.LASF6
 431 0056 02       		.uleb128 0x2
 432 0057 08       		.byte	0x8
 433 0058 05       		.byte	0x5
 434 0059 E4010000 		.4byte	.LASF7
 435 005d 02       		.uleb128 0x2
 436 005e 08       		.byte	0x8
 437 005f 07       		.byte	0x7
 438 0060 AC010000 		.4byte	.LASF8
 439 0064 03       		.uleb128 0x3
 440 0065 04       		.byte	0x4
 441 0066 05       		.byte	0x5
 442 0067 696E7400 		.ascii	"int\000"
 443 006b 02       		.uleb128 0x2
 444 006c 04       		.byte	0x4
 445 006d 07       		.byte	0x7
 446 006e 91010000 		.4byte	.LASF9
 447 0072 02       		.uleb128 0x2
 448 0073 08       		.byte	0x8
 449 0074 04       		.byte	0x4
 450 0075 0F020000 		.4byte	.LASF10
 451 0079 02       		.uleb128 0x2
 452 007a 04       		.byte	0x4
 453 007b 07       		.byte	0x7
 454 007c DB010000 		.4byte	.LASF11
 455 0080 02       		.uleb128 0x2
 456 0081 01       		.byte	0x1
 457 0082 08       		.byte	0x8
 458 0083 F2010000 		.4byte	.LASF12
 459 0087 04       		.uleb128 0x4
 460 0088 00000000 		.4byte	.LASF16
 461 008c 01       		.byte	0x1
 462 008d 10       		.byte	0x10
 463 008e 00000000 		.4byte	.LFB1
 464 0092 16000000 		.4byte	.LFE1-.LFB1
 465 0096 01       		.uleb128 0x1
 466 0097 9C       		.byte	0x9c
 467 0098 C2000000 		.4byte	0xc2
 468 009c 05       		.uleb128 0x5
 469 009d 6100     		.ascii	"a\000"
 470 009f 01       		.byte	0x1
 471 00a0 10       		.byte	0x10
 472 00a1 C2000000 		.4byte	0xc2
 473 00a5 01       		.uleb128 0x1
 474 00a6 50       		.byte	0x50
 475 00a7 05       		.uleb128 0x5
 476 00a8 6200     		.ascii	"b\000"
 477 00aa 01       		.byte	0x1
 478 00ab 10       		.byte	0x10
 479 00ac C2000000 		.4byte	0xc2
 480 00b0 01       		.uleb128 0x1
 481 00b1 51       		.byte	0x51
 482 00b2 06       		.uleb128 0x6
 483 00b3 5E010000 		.4byte	.LASF14
 484 00b7 01       		.byte	0x1
 485 00b8 11       		.byte	0x11
ARM GAS  C:\Users\CHONGY~1\AppData\Local\Temp\ccVMee3A.s 			page 11


 486 00b9 25000000 		.4byte	0x25
 487 00bd 00000000 		.4byte	.LLST0
 488 00c1 00       		.byte	0
 489 00c2 07       		.uleb128 0x7
 490 00c3 04       		.byte	0x4
 491 00c4 25000000 		.4byte	0x25
 492 00c8 08       		.uleb128 0x8
 493 00c9 87010000 		.4byte	.LASF18
 494 00cd 01       		.byte	0x1
 495 00ce 17       		.byte	0x17
 496 00cf 64000000 		.4byte	0x64
 497 00d3 00000000 		.4byte	.LFB2
 498 00d7 50000000 		.4byte	.LFE2-.LFB2
 499 00db 01       		.uleb128 0x1
 500 00dc 9C       		.byte	0x9c
 501 00dd 7F010000 		.4byte	0x17f
 502 00e1 09       		.uleb128 0x9
 503 00e2 61727200 		.ascii	"arr\000"
 504 00e6 01       		.byte	0x1
 505 00e7 17       		.byte	0x17
 506 00e8 C2000000 		.4byte	0xc2
 507 00ec 24000000 		.4byte	.LLST1
 508 00f0 09       		.uleb128 0x9
 509 00f1 6C6F7700 		.ascii	"low\000"
 510 00f5 01       		.byte	0x1
 511 00f6 17       		.byte	0x17
 512 00f7 64000000 		.4byte	0x64
 513 00fb 42000000 		.4byte	.LLST2
 514 00ff 0A       		.uleb128 0xa
 515 0100 12000000 		.4byte	.LASF13
 516 0104 01       		.byte	0x1
 517 0105 17       		.byte	0x17
 518 0106 64000000 		.4byte	0x64
 519 010a 63000000 		.4byte	.LLST3
 520 010e 0B       		.uleb128 0xb
 521 010f 09020000 		.4byte	.LASF15
 522 0113 01       		.byte	0x1
 523 0114 18       		.byte	0x18
 524 0115 25000000 		.4byte	0x25
 525 0119 06       		.uleb128 0x6
 526 011a 58       		.byte	0x58
 527 011b 93       		.byte	0x93
 528 011c 04       		.uleb128 0x4
 529 011d 59       		.byte	0x59
 530 011e 93       		.byte	0x93
 531 011f 04       		.uleb128 0x4
 532 0120 0C       		.uleb128 0xc
 533 0121 6900     		.ascii	"i\000"
 534 0123 01       		.byte	0x1
 535 0124 19       		.byte	0x19
 536 0125 64000000 		.4byte	0x64
 537 0129 81000000 		.4byte	.LLST4
 538 012d 0D       		.uleb128 0xd
 539 012e 14000000 		.4byte	.LBB2
 540 0132 2A000000 		.4byte	.LBE2-.LBB2
 541 0136 63010000 		.4byte	0x163
 542 013a 0C       		.uleb128 0xc
ARM GAS  C:\Users\CHONGY~1\AppData\Local\Temp\ccVMee3A.s 			page 12


 543 013b 6A00     		.ascii	"j\000"
 544 013d 01       		.byte	0x1
 545 013e 1B       		.byte	0x1b
 546 013f 64000000 		.4byte	0x64
 547 0143 A1000000 		.4byte	.LLST5
 548 0147 0E       		.uleb128 0xe
 549 0148 34000000 		.4byte	.LVL9
 550 014c 87000000 		.4byte	0x87
 551 0150 0F       		.uleb128 0xf
 552 0151 01       		.uleb128 0x1
 553 0152 50       		.byte	0x50
 554 0153 07       		.uleb128 0x7
 555 0154 77       		.byte	0x77
 556 0155 00       		.sleb128 0
 557 0156 33       		.byte	0x33
 558 0157 24       		.byte	0x24
 559 0158 76       		.byte	0x76
 560 0159 00       		.sleb128 0
 561 015a 22       		.byte	0x22
 562 015b 0F       		.uleb128 0xf
 563 015c 01       		.uleb128 0x1
 564 015d 51       		.byte	0x51
 565 015e 02       		.uleb128 0x2
 566 015f 75       		.byte	0x75
 567 0160 00       		.sleb128 0
 568 0161 00       		.byte	0
 569 0162 00       		.byte	0
 570 0163 0E       		.uleb128 0xe
 571 0164 4A000000 		.4byte	.LVL12
 572 0168 87000000 		.4byte	0x87
 573 016c 0F       		.uleb128 0xf
 574 016d 01       		.uleb128 0x1
 575 016e 50       		.byte	0x50
 576 016f 07       		.uleb128 0x7
 577 0170 77       		.byte	0x77
 578 0171 00       		.sleb128 0
 579 0172 33       		.byte	0x33
 580 0173 24       		.byte	0x24
 581 0174 76       		.byte	0x76
 582 0175 00       		.sleb128 0
 583 0176 22       		.byte	0x22
 584 0177 0F       		.uleb128 0xf
 585 0178 01       		.uleb128 0x1
 586 0179 51       		.byte	0x51
 587 017a 02       		.uleb128 0x2
 588 017b 7B       		.byte	0x7b
 589 017c 00       		.sleb128 0
 590 017d 00       		.byte	0
 591 017e 00       		.byte	0
 592 017f 04       		.uleb128 0x4
 593 0180 9C000000 		.4byte	.LASF17
 594 0184 01       		.byte	0x1
 595 0185 25       		.byte	0x25
 596 0186 00000000 		.4byte	.LFB3
 597 018a 2A000000 		.4byte	.LFE3-.LFB3
 598 018e 01       		.uleb128 0x1
 599 018f 9C       		.byte	0x9c
ARM GAS  C:\Users\CHONGY~1\AppData\Local\Temp\ccVMee3A.s 			page 13


 600 0190 36020000 		.4byte	0x236
 601 0194 09       		.uleb128 0x9
 602 0195 61727200 		.ascii	"arr\000"
 603 0199 01       		.byte	0x1
 604 019a 25       		.byte	0x25
 605 019b C2000000 		.4byte	0xc2
 606 019f BF000000 		.4byte	.LLST6
 607 01a3 09       		.uleb128 0x9
 608 01a4 6C6F7700 		.ascii	"low\000"
 609 01a8 01       		.byte	0x1
 610 01a9 25       		.byte	0x25
 611 01aa 64000000 		.4byte	0x64
 612 01ae E8000000 		.4byte	.LLST7
 613 01b2 0A       		.uleb128 0xa
 614 01b3 12000000 		.4byte	.LASF13
 615 01b7 01       		.byte	0x1
 616 01b8 25       		.byte	0x25
 617 01b9 64000000 		.4byte	0x64
 618 01bd 11010000 		.4byte	.LLST8
 619 01c1 10       		.uleb128 0x10
 620 01c2 0C000000 		.4byte	.LBB3
 621 01c6 1E000000 		.4byte	.LBE3-.LBB3
 622 01ca 0C       		.uleb128 0xc
 623 01cb 706900   		.ascii	"pi\000"
 624 01ce 01       		.byte	0x1
 625 01cf 27       		.byte	0x27
 626 01d0 64000000 		.4byte	0x64
 627 01d4 3A010000 		.4byte	.LLST9
 628 01d8 11       		.uleb128 0x11
 629 01d9 10000000 		.4byte	.LVL14
 630 01dd C8000000 		.4byte	0xc8
 631 01e1 F8010000 		.4byte	0x1f8
 632 01e5 0F       		.uleb128 0xf
 633 01e6 01       		.uleb128 0x1
 634 01e7 50       		.byte	0x50
 635 01e8 02       		.uleb128 0x2
 636 01e9 76       		.byte	0x76
 637 01ea 00       		.sleb128 0
 638 01eb 0F       		.uleb128 0xf
 639 01ec 01       		.uleb128 0x1
 640 01ed 51       		.byte	0x51
 641 01ee 02       		.uleb128 0x2
 642 01ef 75       		.byte	0x75
 643 01f0 00       		.sleb128 0
 644 01f1 0F       		.uleb128 0xf
 645 01f2 01       		.uleb128 0x1
 646 01f3 52       		.byte	0x52
 647 01f4 02       		.uleb128 0x2
 648 01f5 74       		.byte	0x74
 649 01f6 00       		.sleb128 0
 650 01f7 00       		.byte	0
 651 01f8 11       		.uleb128 0x11
 652 01f9 1C000000 		.4byte	.LVL17
 653 01fd 7F010000 		.4byte	0x17f
 654 0201 18020000 		.4byte	0x218
 655 0205 0F       		.uleb128 0xf
 656 0206 01       		.uleb128 0x1
ARM GAS  C:\Users\CHONGY~1\AppData\Local\Temp\ccVMee3A.s 			page 14


 657 0207 50       		.byte	0x50
 658 0208 02       		.uleb128 0x2
 659 0209 76       		.byte	0x76
 660 020a 00       		.sleb128 0
 661 020b 0F       		.uleb128 0xf
 662 020c 01       		.uleb128 0x1
 663 020d 51       		.byte	0x51
 664 020e 02       		.uleb128 0x2
 665 020f 75       		.byte	0x75
 666 0210 00       		.sleb128 0
 667 0211 0F       		.uleb128 0xf
 668 0212 01       		.uleb128 0x1
 669 0213 52       		.byte	0x52
 670 0214 02       		.uleb128 0x2
 671 0215 77       		.byte	0x77
 672 0216 7F       		.sleb128 -1
 673 0217 00       		.byte	0
 674 0218 0E       		.uleb128 0xe
 675 0219 26000000 		.4byte	.LVL18
 676 021d 7F010000 		.4byte	0x17f
 677 0221 0F       		.uleb128 0xf
 678 0222 01       		.uleb128 0x1
 679 0223 50       		.byte	0x50
 680 0224 02       		.uleb128 0x2
 681 0225 76       		.byte	0x76
 682 0226 00       		.sleb128 0
 683 0227 0F       		.uleb128 0xf
 684 0228 01       		.uleb128 0x1
 685 0229 51       		.byte	0x51
 686 022a 02       		.uleb128 0x2
 687 022b 77       		.byte	0x77
 688 022c 01       		.sleb128 1
 689 022d 0F       		.uleb128 0xf
 690 022e 01       		.uleb128 0x1
 691 022f 52       		.byte	0x52
 692 0230 02       		.uleb128 0x2
 693 0231 74       		.byte	0x74
 694 0232 00       		.sleb128 0
 695 0233 00       		.byte	0
 696 0234 00       		.byte	0
 697 0235 00       		.byte	0
 698 0236 08       		.uleb128 0x8
 699 0237 D0010000 		.4byte	.LASF19
 700 023b 01       		.byte	0x1
 701 023c 2E       		.byte	0x2e
 702 023d 25000000 		.4byte	0x25
 703 0241 00000000 		.4byte	.LFB4
 704 0245 54000000 		.4byte	.LFE4-.LFB4
 705 0249 01       		.uleb128 0x1
 706 024a 9C       		.byte	0x9c
 707 024b 87020000 		.4byte	0x287
 708 024f 09       		.uleb128 0x9
 709 0250 61727200 		.ascii	"arr\000"
 710 0254 01       		.byte	0x1
 711 0255 2E       		.byte	0x2e
 712 0256 C2000000 		.4byte	0xc2
 713 025a 58010000 		.4byte	.LLST10
ARM GAS  C:\Users\CHONGY~1\AppData\Local\Temp\ccVMee3A.s 			page 15


 714 025e 09       		.uleb128 0x9
 715 025f 6E00     		.ascii	"n\000"
 716 0261 01       		.byte	0x1
 717 0262 2E       		.byte	0x2e
 718 0263 64000000 		.4byte	0x64
 719 0267 84010000 		.4byte	.LLST11
 720 026b 0E       		.uleb128 0xe
 721 026c 0E000000 		.4byte	.LVL22
 722 0270 7F010000 		.4byte	0x17f
 723 0274 0F       		.uleb128 0xf
 724 0275 01       		.uleb128 0x1
 725 0276 50       		.byte	0x50
 726 0277 02       		.uleb128 0x2
 727 0278 75       		.byte	0x75
 728 0279 00       		.sleb128 0
 729 027a 0F       		.uleb128 0xf
 730 027b 01       		.uleb128 0x1
 731 027c 51       		.byte	0x51
 732 027d 01       		.uleb128 0x1
 733 027e 30       		.byte	0x30
 734 027f 0F       		.uleb128 0xf
 735 0280 01       		.uleb128 0x1
 736 0281 52       		.byte	0x52
 737 0282 02       		.uleb128 0x2
 738 0283 74       		.byte	0x74
 739 0284 7F       		.sleb128 -1
 740 0285 00       		.byte	0
 741 0286 00       		.byte	0
 742 0287 12       		.uleb128 0x12
 743 0288 05000000 		.4byte	.LASF20
 744 028c 01       		.byte	0x1
 745 028d 38       		.byte	0x38
 746 028e 25000000 		.4byte	0x25
 747 0292 00000000 		.4byte	.LFB5
 748 0296 78000000 		.4byte	.LFE5-.LFB5
 749 029a 01       		.uleb128 0x1
 750 029b 9C       		.byte	0x9c
 751 029c 48030000 		.4byte	0x348
 752 02a0 0A       		.uleb128 0xa
 753 02a1 87000000 		.4byte	.LASF21
 754 02a5 01       		.byte	0x1
 755 02a6 38       		.byte	0x38
 756 02a7 C2000000 		.4byte	0xc2
 757 02ab C9010000 		.4byte	.LLST12
 758 02af 0A       		.uleb128 0xa
 759 02b0 F7010000 		.4byte	.LASF22
 760 02b4 01       		.byte	0x1
 761 02b5 38       		.byte	0x38
 762 02b6 25000000 		.4byte	0x25
 763 02ba EA010000 		.4byte	.LLST13
 764 02be 0B       		.uleb128 0xb
 765 02bf C3010000 		.4byte	.LASF23
 766 02c3 01       		.byte	0x1
 767 02c4 39       		.byte	0x39
 768 02c5 64000000 		.4byte	0x64
 769 02c9 05       		.uleb128 0x5
 770 02ca 03       		.byte	0x3
ARM GAS  C:\Users\CHONGY~1\AppData\Local\Temp\ccVMee3A.s 			page 16


 771 02cb 04000000 		.4byte	currentIndex.5201
 772 02cf 0B       		.uleb128 0xb
 773 02d0 9E010000 		.4byte	.LASF24
 774 02d4 01       		.byte	0x1
 775 02d5 3A       		.byte	0x3a
 776 02d6 64000000 		.4byte	0x64
 777 02da 05       		.uleb128 0x5
 778 02db 03       		.byte	0x3
 779 02dc 00000000 		.4byte	isInitialized.5202
 780 02e0 0B       		.uleb128 0xb
 781 02e1 42010000 		.4byte	.LASF25
 782 02e5 01       		.byte	0x1
 783 02e6 3B       		.byte	0x3b
 784 02e7 48030000 		.4byte	0x348
 785 02eb 02       		.uleb128 0x2
 786 02ec 91       		.byte	0x91
 787 02ed 48       		.sleb128 -56
 788 02ee 0B       		.uleb128 0xb
 789 02ef 1B020000 		.4byte	.LASF26
 790 02f3 01       		.byte	0x1
 791 02f4 4C       		.byte	0x4c
 792 02f5 25000000 		.4byte	0x25
 793 02f9 06       		.uleb128 0x6
 794 02fa 50       		.byte	0x50
 795 02fb 93       		.byte	0x93
 796 02fc 04       		.uleb128 0x4
 797 02fd 51       		.byte	0x51
 798 02fe 93       		.byte	0x93
 799 02ff 04       		.uleb128 0x4
 800 0300 13       		.uleb128 0x13
 801 0301 00000000 		.4byte	.Ldebug_ranges0+0
 802 0305 17030000 		.4byte	0x317
 803 0309 0C       		.uleb128 0xc
 804 030a 6900     		.ascii	"i\000"
 805 030c 01       		.byte	0x1
 806 030d 3E       		.byte	0x3e
 807 030e 64000000 		.4byte	0x64
 808 0312 12020000 		.4byte	.LLST14
 809 0316 00       		.byte	0
 810 0317 0D       		.uleb128 0xd
 811 0318 4A000000 		.4byte	.LBB6
 812 031c 1A000000 		.4byte	.LBE6-.LBB6
 813 0320 32030000 		.4byte	0x332
 814 0324 0C       		.uleb128 0xc
 815 0325 6900     		.ascii	"i\000"
 816 0327 01       		.byte	0x1
 817 0328 48       		.byte	0x48
 818 0329 64000000 		.4byte	0x64
 819 032d 30020000 		.4byte	.LLST15
 820 0331 00       		.byte	0
 821 0332 0E       		.uleb128 0xe
 822 0333 6C000000 		.4byte	.LVL40
 823 0337 36020000 		.4byte	0x236
 824 033b 0F       		.uleb128 0xf
 825 033c 01       		.uleb128 0x1
 826 033d 50       		.byte	0x50
 827 033e 02       		.uleb128 0x2
ARM GAS  C:\Users\CHONGY~1\AppData\Local\Temp\ccVMee3A.s 			page 17


 828 033f 7D       		.byte	0x7d
 829 0340 00       		.sleb128 0
 830 0341 0F       		.uleb128 0xf
 831 0342 01       		.uleb128 0x1
 832 0343 51       		.byte	0x51
 833 0344 01       		.uleb128 0x1
 834 0345 35       		.byte	0x35
 835 0346 00       		.byte	0
 836 0347 00       		.byte	0
 837 0348 14       		.uleb128 0x14
 838 0349 25000000 		.4byte	0x25
 839 034d 15       		.uleb128 0x15
 840 034e 79000000 		.4byte	0x79
 841 0352 04       		.byte	0x4
 842 0353 00       		.byte	0
 843 0354 00       		.byte	0
 844              		.section	.debug_abbrev,"",%progbits
 845              	.Ldebug_abbrev0:
 846 0000 01       		.uleb128 0x1
 847 0001 11       		.uleb128 0x11
 848 0002 01       		.byte	0x1
 849 0003 25       		.uleb128 0x25
 850 0004 0E       		.uleb128 0xe
 851 0005 13       		.uleb128 0x13
 852 0006 0B       		.uleb128 0xb
 853 0007 03       		.uleb128 0x3
 854 0008 0E       		.uleb128 0xe
 855 0009 1B       		.uleb128 0x1b
 856 000a 0E       		.uleb128 0xe
 857 000b 55       		.uleb128 0x55
 858 000c 17       		.uleb128 0x17
 859 000d 11       		.uleb128 0x11
 860 000e 01       		.uleb128 0x1
 861 000f 10       		.uleb128 0x10
 862 0010 17       		.uleb128 0x17
 863 0011 00       		.byte	0
 864 0012 00       		.byte	0
 865 0013 02       		.uleb128 0x2
 866 0014 24       		.uleb128 0x24
 867 0015 00       		.byte	0
 868 0016 0B       		.uleb128 0xb
 869 0017 0B       		.uleb128 0xb
 870 0018 3E       		.uleb128 0x3e
 871 0019 0B       		.uleb128 0xb
 872 001a 03       		.uleb128 0x3
 873 001b 0E       		.uleb128 0xe
 874 001c 00       		.byte	0
 875 001d 00       		.byte	0
 876 001e 03       		.uleb128 0x3
 877 001f 24       		.uleb128 0x24
 878 0020 00       		.byte	0
 879 0021 0B       		.uleb128 0xb
 880 0022 0B       		.uleb128 0xb
 881 0023 3E       		.uleb128 0x3e
 882 0024 0B       		.uleb128 0xb
 883 0025 03       		.uleb128 0x3
 884 0026 08       		.uleb128 0x8
ARM GAS  C:\Users\CHONGY~1\AppData\Local\Temp\ccVMee3A.s 			page 18


 885 0027 00       		.byte	0
 886 0028 00       		.byte	0
 887 0029 04       		.uleb128 0x4
 888 002a 2E       		.uleb128 0x2e
 889 002b 01       		.byte	0x1
 890 002c 3F       		.uleb128 0x3f
 891 002d 19       		.uleb128 0x19
 892 002e 03       		.uleb128 0x3
 893 002f 0E       		.uleb128 0xe
 894 0030 3A       		.uleb128 0x3a
 895 0031 0B       		.uleb128 0xb
 896 0032 3B       		.uleb128 0x3b
 897 0033 0B       		.uleb128 0xb
 898 0034 27       		.uleb128 0x27
 899 0035 19       		.uleb128 0x19
 900 0036 11       		.uleb128 0x11
 901 0037 01       		.uleb128 0x1
 902 0038 12       		.uleb128 0x12
 903 0039 06       		.uleb128 0x6
 904 003a 40       		.uleb128 0x40
 905 003b 18       		.uleb128 0x18
 906 003c 9742     		.uleb128 0x2117
 907 003e 19       		.uleb128 0x19
 908 003f 01       		.uleb128 0x1
 909 0040 13       		.uleb128 0x13
 910 0041 00       		.byte	0
 911 0042 00       		.byte	0
 912 0043 05       		.uleb128 0x5
 913 0044 05       		.uleb128 0x5
 914 0045 00       		.byte	0
 915 0046 03       		.uleb128 0x3
 916 0047 08       		.uleb128 0x8
 917 0048 3A       		.uleb128 0x3a
 918 0049 0B       		.uleb128 0xb
 919 004a 3B       		.uleb128 0x3b
 920 004b 0B       		.uleb128 0xb
 921 004c 49       		.uleb128 0x49
 922 004d 13       		.uleb128 0x13
 923 004e 02       		.uleb128 0x2
 924 004f 18       		.uleb128 0x18
 925 0050 00       		.byte	0
 926 0051 00       		.byte	0
 927 0052 06       		.uleb128 0x6
 928 0053 34       		.uleb128 0x34
 929 0054 00       		.byte	0
 930 0055 03       		.uleb128 0x3
 931 0056 0E       		.uleb128 0xe
 932 0057 3A       		.uleb128 0x3a
 933 0058 0B       		.uleb128 0xb
 934 0059 3B       		.uleb128 0x3b
 935 005a 0B       		.uleb128 0xb
 936 005b 49       		.uleb128 0x49
 937 005c 13       		.uleb128 0x13
 938 005d 02       		.uleb128 0x2
 939 005e 17       		.uleb128 0x17
 940 005f 00       		.byte	0
 941 0060 00       		.byte	0
ARM GAS  C:\Users\CHONGY~1\AppData\Local\Temp\ccVMee3A.s 			page 19


 942 0061 07       		.uleb128 0x7
 943 0062 0F       		.uleb128 0xf
 944 0063 00       		.byte	0
 945 0064 0B       		.uleb128 0xb
 946 0065 0B       		.uleb128 0xb
 947 0066 49       		.uleb128 0x49
 948 0067 13       		.uleb128 0x13
 949 0068 00       		.byte	0
 950 0069 00       		.byte	0
 951 006a 08       		.uleb128 0x8
 952 006b 2E       		.uleb128 0x2e
 953 006c 01       		.byte	0x1
 954 006d 3F       		.uleb128 0x3f
 955 006e 19       		.uleb128 0x19
 956 006f 03       		.uleb128 0x3
 957 0070 0E       		.uleb128 0xe
 958 0071 3A       		.uleb128 0x3a
 959 0072 0B       		.uleb128 0xb
 960 0073 3B       		.uleb128 0x3b
 961 0074 0B       		.uleb128 0xb
 962 0075 27       		.uleb128 0x27
 963 0076 19       		.uleb128 0x19
 964 0077 49       		.uleb128 0x49
 965 0078 13       		.uleb128 0x13
 966 0079 11       		.uleb128 0x11
 967 007a 01       		.uleb128 0x1
 968 007b 12       		.uleb128 0x12
 969 007c 06       		.uleb128 0x6
 970 007d 40       		.uleb128 0x40
 971 007e 18       		.uleb128 0x18
 972 007f 9642     		.uleb128 0x2116
 973 0081 19       		.uleb128 0x19
 974 0082 01       		.uleb128 0x1
 975 0083 13       		.uleb128 0x13
 976 0084 00       		.byte	0
 977 0085 00       		.byte	0
 978 0086 09       		.uleb128 0x9
 979 0087 05       		.uleb128 0x5
 980 0088 00       		.byte	0
 981 0089 03       		.uleb128 0x3
 982 008a 08       		.uleb128 0x8
 983 008b 3A       		.uleb128 0x3a
 984 008c 0B       		.uleb128 0xb
 985 008d 3B       		.uleb128 0x3b
 986 008e 0B       		.uleb128 0xb
 987 008f 49       		.uleb128 0x49
 988 0090 13       		.uleb128 0x13
 989 0091 02       		.uleb128 0x2
 990 0092 17       		.uleb128 0x17
 991 0093 00       		.byte	0
 992 0094 00       		.byte	0
 993 0095 0A       		.uleb128 0xa
 994 0096 05       		.uleb128 0x5
 995 0097 00       		.byte	0
 996 0098 03       		.uleb128 0x3
 997 0099 0E       		.uleb128 0xe
 998 009a 3A       		.uleb128 0x3a
ARM GAS  C:\Users\CHONGY~1\AppData\Local\Temp\ccVMee3A.s 			page 20


 999 009b 0B       		.uleb128 0xb
 1000 009c 3B       		.uleb128 0x3b
 1001 009d 0B       		.uleb128 0xb
 1002 009e 49       		.uleb128 0x49
 1003 009f 13       		.uleb128 0x13
 1004 00a0 02       		.uleb128 0x2
 1005 00a1 17       		.uleb128 0x17
 1006 00a2 00       		.byte	0
 1007 00a3 00       		.byte	0
 1008 00a4 0B       		.uleb128 0xb
 1009 00a5 34       		.uleb128 0x34
 1010 00a6 00       		.byte	0
 1011 00a7 03       		.uleb128 0x3
 1012 00a8 0E       		.uleb128 0xe
 1013 00a9 3A       		.uleb128 0x3a
 1014 00aa 0B       		.uleb128 0xb
 1015 00ab 3B       		.uleb128 0x3b
 1016 00ac 0B       		.uleb128 0xb
 1017 00ad 49       		.uleb128 0x49
 1018 00ae 13       		.uleb128 0x13
 1019 00af 02       		.uleb128 0x2
 1020 00b0 18       		.uleb128 0x18
 1021 00b1 00       		.byte	0
 1022 00b2 00       		.byte	0
 1023 00b3 0C       		.uleb128 0xc
 1024 00b4 34       		.uleb128 0x34
 1025 00b5 00       		.byte	0
 1026 00b6 03       		.uleb128 0x3
 1027 00b7 08       		.uleb128 0x8
 1028 00b8 3A       		.uleb128 0x3a
 1029 00b9 0B       		.uleb128 0xb
 1030 00ba 3B       		.uleb128 0x3b
 1031 00bb 0B       		.uleb128 0xb
 1032 00bc 49       		.uleb128 0x49
 1033 00bd 13       		.uleb128 0x13
 1034 00be 02       		.uleb128 0x2
 1035 00bf 17       		.uleb128 0x17
 1036 00c0 00       		.byte	0
 1037 00c1 00       		.byte	0
 1038 00c2 0D       		.uleb128 0xd
 1039 00c3 0B       		.uleb128 0xb
 1040 00c4 01       		.byte	0x1
 1041 00c5 11       		.uleb128 0x11
 1042 00c6 01       		.uleb128 0x1
 1043 00c7 12       		.uleb128 0x12
 1044 00c8 06       		.uleb128 0x6
 1045 00c9 01       		.uleb128 0x1
 1046 00ca 13       		.uleb128 0x13
 1047 00cb 00       		.byte	0
 1048 00cc 00       		.byte	0
 1049 00cd 0E       		.uleb128 0xe
 1050 00ce 898201   		.uleb128 0x4109
 1051 00d1 01       		.byte	0x1
 1052 00d2 11       		.uleb128 0x11
 1053 00d3 01       		.uleb128 0x1
 1054 00d4 31       		.uleb128 0x31
 1055 00d5 13       		.uleb128 0x13
ARM GAS  C:\Users\CHONGY~1\AppData\Local\Temp\ccVMee3A.s 			page 21


 1056 00d6 00       		.byte	0
 1057 00d7 00       		.byte	0
 1058 00d8 0F       		.uleb128 0xf
 1059 00d9 8A8201   		.uleb128 0x410a
 1060 00dc 00       		.byte	0
 1061 00dd 02       		.uleb128 0x2
 1062 00de 18       		.uleb128 0x18
 1063 00df 9142     		.uleb128 0x2111
 1064 00e1 18       		.uleb128 0x18
 1065 00e2 00       		.byte	0
 1066 00e3 00       		.byte	0
 1067 00e4 10       		.uleb128 0x10
 1068 00e5 0B       		.uleb128 0xb
 1069 00e6 01       		.byte	0x1
 1070 00e7 11       		.uleb128 0x11
 1071 00e8 01       		.uleb128 0x1
 1072 00e9 12       		.uleb128 0x12
 1073 00ea 06       		.uleb128 0x6
 1074 00eb 00       		.byte	0
 1075 00ec 00       		.byte	0
 1076 00ed 11       		.uleb128 0x11
 1077 00ee 898201   		.uleb128 0x4109
 1078 00f1 01       		.byte	0x1
 1079 00f2 11       		.uleb128 0x11
 1080 00f3 01       		.uleb128 0x1
 1081 00f4 31       		.uleb128 0x31
 1082 00f5 13       		.uleb128 0x13
 1083 00f6 01       		.uleb128 0x1
 1084 00f7 13       		.uleb128 0x13
 1085 00f8 00       		.byte	0
 1086 00f9 00       		.byte	0
 1087 00fa 12       		.uleb128 0x12
 1088 00fb 2E       		.uleb128 0x2e
 1089 00fc 01       		.byte	0x1
 1090 00fd 3F       		.uleb128 0x3f
 1091 00fe 19       		.uleb128 0x19
 1092 00ff 03       		.uleb128 0x3
 1093 0100 0E       		.uleb128 0xe
 1094 0101 3A       		.uleb128 0x3a
 1095 0102 0B       		.uleb128 0xb
 1096 0103 3B       		.uleb128 0x3b
 1097 0104 0B       		.uleb128 0xb
 1098 0105 27       		.uleb128 0x27
 1099 0106 19       		.uleb128 0x19
 1100 0107 49       		.uleb128 0x49
 1101 0108 13       		.uleb128 0x13
 1102 0109 11       		.uleb128 0x11
 1103 010a 01       		.uleb128 0x1
 1104 010b 12       		.uleb128 0x12
 1105 010c 06       		.uleb128 0x6
 1106 010d 40       		.uleb128 0x40
 1107 010e 18       		.uleb128 0x18
 1108 010f 9742     		.uleb128 0x2117
 1109 0111 19       		.uleb128 0x19
 1110 0112 01       		.uleb128 0x1
 1111 0113 13       		.uleb128 0x13
 1112 0114 00       		.byte	0
ARM GAS  C:\Users\CHONGY~1\AppData\Local\Temp\ccVMee3A.s 			page 22


 1113 0115 00       		.byte	0
 1114 0116 13       		.uleb128 0x13
 1115 0117 0B       		.uleb128 0xb
 1116 0118 01       		.byte	0x1
 1117 0119 55       		.uleb128 0x55
 1118 011a 17       		.uleb128 0x17
 1119 011b 01       		.uleb128 0x1
 1120 011c 13       		.uleb128 0x13
 1121 011d 00       		.byte	0
 1122 011e 00       		.byte	0
 1123 011f 14       		.uleb128 0x14
 1124 0120 01       		.uleb128 0x1
 1125 0121 01       		.byte	0x1
 1126 0122 49       		.uleb128 0x49
 1127 0123 13       		.uleb128 0x13
 1128 0124 00       		.byte	0
 1129 0125 00       		.byte	0
 1130 0126 15       		.uleb128 0x15
 1131 0127 21       		.uleb128 0x21
 1132 0128 00       		.byte	0
 1133 0129 49       		.uleb128 0x49
 1134 012a 13       		.uleb128 0x13
 1135 012b 2F       		.uleb128 0x2f
 1136 012c 0B       		.uleb128 0xb
 1137 012d 00       		.byte	0
 1138 012e 00       		.byte	0
 1139 012f 00       		.byte	0
 1140              		.section	.debug_loc,"",%progbits
 1141              	.Ldebug_loc0:
 1142              	.LLST0:
 1143 0000 06000000 		.4byte	.LVL1
 1144 0004 14000000 		.4byte	.LVL2
 1145 0008 0600     		.2byte	0x6
 1146 000a 54       		.byte	0x54
 1147 000b 93       		.byte	0x93
 1148 000c 04       		.uleb128 0x4
 1149 000d 55       		.byte	0x55
 1150 000e 93       		.byte	0x93
 1151 000f 04       		.uleb128 0x4
 1152 0010 14000000 		.4byte	.LVL2
 1153 0014 16000000 		.4byte	.LFE1
 1154 0018 0200     		.2byte	0x2
 1155 001a 71       		.byte	0x71
 1156 001b 00       		.sleb128 0
 1157 001c 00000000 		.4byte	0
 1158 0020 00000000 		.4byte	0
 1159              	.LLST1:
 1160 0024 00000000 		.4byte	.LVL3
 1161 0028 16000000 		.4byte	.LVL6
 1162 002c 0100     		.2byte	0x1
 1163 002e 50       		.byte	0x50
 1164 002f 16000000 		.4byte	.LVL6
 1165 0033 50000000 		.4byte	.LFE2
 1166 0037 0100     		.2byte	0x1
 1167 0039 56       		.byte	0x56
 1168 003a 00000000 		.4byte	0
 1169 003e 00000000 		.4byte	0
ARM GAS  C:\Users\CHONGY~1\AppData\Local\Temp\ccVMee3A.s 			page 23


 1170              	.LLST2:
 1171 0042 00000000 		.4byte	.LVL3
 1172 0046 16000000 		.4byte	.LVL6
 1173 004a 0100     		.2byte	0x1
 1174 004c 51       		.byte	0x51
 1175 004d 16000000 		.4byte	.LVL6
 1176 0051 50000000 		.4byte	.LFE2
 1177 0055 0400     		.2byte	0x4
 1178 0057 F3       		.byte	0xf3
 1179 0058 01       		.uleb128 0x1
 1180 0059 51       		.byte	0x51
 1181 005a 9F       		.byte	0x9f
 1182 005b 00000000 		.4byte	0
 1183 005f 00000000 		.4byte	0
 1184              	.LLST3:
 1185 0063 00000000 		.4byte	.LVL3
 1186 0067 16000000 		.4byte	.LVL6
 1187 006b 0100     		.2byte	0x1
 1188 006d 52       		.byte	0x52
 1189 006e 16000000 		.4byte	.LVL6
 1190 0072 50000000 		.4byte	.LFE2
 1191 0076 0100     		.2byte	0x1
 1192 0078 5A       		.byte	0x5a
 1193 0079 00000000 		.4byte	0
 1194 007d 00000000 		.4byte	0
 1195              	.LLST4:
 1196 0081 14000000 		.4byte	.LVL5
 1197 0085 40000000 		.4byte	.LVL11
 1198 0089 0100     		.2byte	0x1
 1199 008b 57       		.byte	0x57
 1200 008c 40000000 		.4byte	.LVL11
 1201 0090 50000000 		.4byte	.LFE2
 1202 0094 0300     		.2byte	0x3
 1203 0096 77       		.byte	0x77
 1204 0097 7F       		.sleb128 -1
 1205 0098 9F       		.byte	0x9f
 1206 0099 00000000 		.4byte	0
 1207 009d 00000000 		.4byte	0
 1208              	.LLST5:
 1209 00a1 14000000 		.4byte	.LVL5
 1210 00a5 16000000 		.4byte	.LVL6
 1211 00a9 0100     		.2byte	0x1
 1212 00ab 51       		.byte	0x51
 1213 00ac 16000000 		.4byte	.LVL6
 1214 00b0 50000000 		.4byte	.LFE2
 1215 00b4 0100     		.2byte	0x1
 1216 00b6 54       		.byte	0x54
 1217 00b7 00000000 		.4byte	0
 1218 00bb 00000000 		.4byte	0
 1219              	.LLST6:
 1220 00bf 00000000 		.4byte	.LVL13
 1221 00c3 0F000000 		.4byte	.LVL14-1
 1222 00c7 0100     		.2byte	0x1
 1223 00c9 50       		.byte	0x50
 1224 00ca 0F000000 		.4byte	.LVL14-1
 1225 00ce 28000000 		.4byte	.LVL19
 1226 00d2 0100     		.2byte	0x1
ARM GAS  C:\Users\CHONGY~1\AppData\Local\Temp\ccVMee3A.s 			page 24


 1227 00d4 56       		.byte	0x56
 1228 00d5 28000000 		.4byte	.LVL19
 1229 00d9 2A000000 		.4byte	.LFE3
 1230 00dd 0100     		.2byte	0x1
 1231 00df 50       		.byte	0x50
 1232 00e0 00000000 		.4byte	0
 1233 00e4 00000000 		.4byte	0
 1234              	.LLST7:
 1235 00e8 00000000 		.4byte	.LVL13
 1236 00ec 0F000000 		.4byte	.LVL14-1
 1237 00f0 0100     		.2byte	0x1
 1238 00f2 51       		.byte	0x51
 1239 00f3 0F000000 		.4byte	.LVL14-1
 1240 00f7 28000000 		.4byte	.LVL19
 1241 00fb 0100     		.2byte	0x1
 1242 00fd 55       		.byte	0x55
 1243 00fe 28000000 		.4byte	.LVL19
 1244 0102 2A000000 		.4byte	.LFE3
 1245 0106 0100     		.2byte	0x1
 1246 0108 51       		.byte	0x51
 1247 0109 00000000 		.4byte	0
 1248 010d 00000000 		.4byte	0
 1249              	.LLST8:
 1250 0111 00000000 		.4byte	.LVL13
 1251 0115 0F000000 		.4byte	.LVL14-1
 1252 0119 0100     		.2byte	0x1
 1253 011b 52       		.byte	0x52
 1254 011c 0F000000 		.4byte	.LVL14-1
 1255 0120 28000000 		.4byte	.LVL19
 1256 0124 0100     		.2byte	0x1
 1257 0126 54       		.byte	0x54
 1258 0127 28000000 		.4byte	.LVL19
 1259 012b 2A000000 		.4byte	.LFE3
 1260 012f 0100     		.2byte	0x1
 1261 0131 52       		.byte	0x52
 1262 0132 00000000 		.4byte	0
 1263 0136 00000000 		.4byte	0
 1264              	.LLST9:
 1265 013a 12000000 		.4byte	.LVL15
 1266 013e 18000000 		.4byte	.LVL16
 1267 0142 0100     		.2byte	0x1
 1268 0144 50       		.byte	0x50
 1269 0145 18000000 		.4byte	.LVL16
 1270 0149 28000000 		.4byte	.LVL19
 1271 014d 0100     		.2byte	0x1
 1272 014f 57       		.byte	0x57
 1273 0150 00000000 		.4byte	0
 1274 0154 00000000 		.4byte	0
 1275              	.LLST10:
 1276 0158 00000000 		.4byte	.LVL20
 1277 015c 0D000000 		.4byte	.LVL22-1
 1278 0160 0100     		.2byte	0x1
 1279 0162 50       		.byte	0x50
 1280 0163 0D000000 		.4byte	.LVL22-1
 1281 0167 4E000000 		.4byte	.LVL28
 1282 016b 0100     		.2byte	0x1
 1283 016d 55       		.byte	0x55
ARM GAS  C:\Users\CHONGY~1\AppData\Local\Temp\ccVMee3A.s 			page 25


 1284 016e 4E000000 		.4byte	.LVL28
 1285 0172 54000000 		.4byte	.LFE4
 1286 0176 0400     		.2byte	0x4
 1287 0178 F3       		.byte	0xf3
 1288 0179 01       		.uleb128 0x1
 1289 017a 50       		.byte	0x50
 1290 017b 9F       		.byte	0x9f
 1291 017c 00000000 		.4byte	0
 1292 0180 00000000 		.4byte	0
 1293              	.LLST11:
 1294 0184 00000000 		.4byte	.LVL20
 1295 0188 0A000000 		.4byte	.LVL21
 1296 018c 0100     		.2byte	0x1
 1297 018e 51       		.byte	0x51
 1298 018f 0A000000 		.4byte	.LVL21
 1299 0193 18000000 		.4byte	.LVL23
 1300 0197 0100     		.2byte	0x1
 1301 0199 54       		.byte	0x54
 1302 019a 18000000 		.4byte	.LVL23
 1303 019e 3E000000 		.4byte	.LVL26
 1304 01a2 0400     		.2byte	0x4
 1305 01a4 F3       		.byte	0xf3
 1306 01a5 01       		.uleb128 0x1
 1307 01a6 51       		.byte	0x51
 1308 01a7 9F       		.byte	0x9f
 1309 01a8 3E000000 		.4byte	.LVL26
 1310 01ac 42000000 		.4byte	.LVL27
 1311 01b0 0100     		.2byte	0x1
 1312 01b2 54       		.byte	0x54
 1313 01b3 42000000 		.4byte	.LVL27
 1314 01b7 54000000 		.4byte	.LFE4
 1315 01bb 0400     		.2byte	0x4
 1316 01bd F3       		.byte	0xf3
 1317 01be 01       		.uleb128 0x1
 1318 01bf 51       		.byte	0x51
 1319 01c0 9F       		.byte	0x9f
 1320 01c1 00000000 		.4byte	0
 1321 01c5 00000000 		.4byte	0
 1322              	.LLST12:
 1323 01c9 00000000 		.4byte	.LVL29
 1324 01cd 68000000 		.4byte	.LVL39
 1325 01d1 0100     		.2byte	0x1
 1326 01d3 50       		.byte	0x50
 1327 01d4 68000000 		.4byte	.LVL39
 1328 01d8 78000000 		.4byte	.LFE5
 1329 01dc 0400     		.2byte	0x4
 1330 01de F3       		.byte	0xf3
 1331 01df 01       		.uleb128 0x1
 1332 01e0 50       		.byte	0x50
 1333 01e1 9F       		.byte	0x9f
 1334 01e2 00000000 		.4byte	0
 1335 01e6 00000000 		.4byte	0
 1336              	.LLST13:
 1337 01ea 00000000 		.4byte	.LVL29
 1338 01ee 24000000 		.4byte	.LVL34
 1339 01f2 0600     		.2byte	0x6
 1340 01f4 52       		.byte	0x52
ARM GAS  C:\Users\CHONGY~1\AppData\Local\Temp\ccVMee3A.s 			page 26


 1341 01f5 93       		.byte	0x93
 1342 01f6 04       		.uleb128 0x4
 1343 01f7 53       		.byte	0x53
 1344 01f8 93       		.byte	0x93
 1345 01f9 04       		.uleb128 0x4
 1346 01fa 24000000 		.4byte	.LVL34
 1347 01fe 78000000 		.4byte	.LFE5
 1348 0202 0600     		.2byte	0x6
 1349 0204 F3       		.byte	0xf3
 1350 0205 03       		.uleb128 0x3
 1351 0206 F5       		.byte	0xf5
 1352 0207 02       		.uleb128 0x2
 1353 0208 25       		.uleb128 0x25
 1354 0209 9F       		.byte	0x9f
 1355 020a 00000000 		.4byte	0
 1356 020e 00000000 		.4byte	0
 1357              	.LLST14:
 1358 0212 10000000 		.4byte	.LVL30
 1359 0216 1C000000 		.4byte	.LVL32
 1360 021a 0100     		.2byte	0x1
 1361 021c 53       		.byte	0x53
 1362 021d 1E000000 		.4byte	.LVL33
 1363 0221 26000000 		.4byte	.LVL35
 1364 0225 0100     		.2byte	0x1
 1365 0227 53       		.byte	0x53
 1366 0228 00000000 		.4byte	0
 1367 022c 00000000 		.4byte	0
 1368              	.LLST15:
 1369 0230 4A000000 		.4byte	.LVL36
 1370 0234 4E000000 		.4byte	.LVL37
 1371 0238 0200     		.2byte	0x2
 1372 023a 30       		.byte	0x30
 1373 023b 9F       		.byte	0x9f
 1374 023c 4E000000 		.4byte	.LVL37
 1375 0240 6B000000 		.4byte	.LVL40-1
 1376 0244 0100     		.2byte	0x1
 1377 0246 52       		.byte	0x52
 1378 0247 00000000 		.4byte	0
 1379 024b 00000000 		.4byte	0
 1380              		.section	.debug_aranges,"",%progbits
 1381 0000 3C000000 		.4byte	0x3c
 1382 0004 0200     		.2byte	0x2
 1383 0006 00000000 		.4byte	.Ldebug_info0
 1384 000a 04       		.byte	0x4
 1385 000b 00       		.byte	0
 1386 000c 0000     		.2byte	0
 1387 000e 0000     		.2byte	0
 1388 0010 00000000 		.4byte	.LFB1
 1389 0014 16000000 		.4byte	.LFE1-.LFB1
 1390 0018 00000000 		.4byte	.LFB2
 1391 001c 50000000 		.4byte	.LFE2-.LFB2
 1392 0020 00000000 		.4byte	.LFB3
 1393 0024 2A000000 		.4byte	.LFE3-.LFB3
 1394 0028 00000000 		.4byte	.LFB4
 1395 002c 54000000 		.4byte	.LFE4-.LFB4
 1396 0030 00000000 		.4byte	.LFB5
 1397 0034 78000000 		.4byte	.LFE5-.LFB5
ARM GAS  C:\Users\CHONGY~1\AppData\Local\Temp\ccVMee3A.s 			page 27


 1398 0038 00000000 		.4byte	0
 1399 003c 00000000 		.4byte	0
 1400              		.section	.debug_ranges,"",%progbits
 1401              	.Ldebug_ranges0:
 1402 0000 10000000 		.4byte	.LBB4
 1403 0004 1C000000 		.4byte	.LBE4
 1404 0008 1E000000 		.4byte	.LBB5
 1405 000c 22000000 		.4byte	.LBE5
 1406 0010 00000000 		.4byte	0
 1407 0014 00000000 		.4byte	0
 1408 0018 00000000 		.4byte	.LFB1
 1409 001c 16000000 		.4byte	.LFE1
 1410 0020 00000000 		.4byte	.LFB2
 1411 0024 50000000 		.4byte	.LFE2
 1412 0028 00000000 		.4byte	.LFB3
 1413 002c 2A000000 		.4byte	.LFE3
 1414 0030 00000000 		.4byte	.LFB4
 1415 0034 54000000 		.4byte	.LFE4
 1416 0038 00000000 		.4byte	.LFB5
 1417 003c 78000000 		.4byte	.LFE5
 1418 0040 00000000 		.4byte	0
 1419 0044 00000000 		.4byte	0
 1420              		.section	.debug_line,"",%progbits
 1421              	.Ldebug_line0:
 1422 0000 C3000000 		.section	.debug_str,"MS",%progbits,1
 1422      02002600 
 1422      00000201 
 1422      FB0E0D00 
 1422      01010101 
 1423              	.LASF16:
 1424 0000 73776170 		.ascii	"swap\000"
 1424      00
 1425              	.LASF20:
 1426 0005 6D656469 		.ascii	"medianFilter\000"
 1426      616E4669 
 1426      6C746572 
 1426      00
 1427              	.LASF13:
 1428 0012 68696768 		.ascii	"high\000"
 1428      00
 1429              	.LASF29:
 1430 0017 433A5C55 		.ascii	"C:\\Users\\Chong Yen Juin\\Desktop\\Monash\\ECE4191"
 1430      73657273 
 1430      5C43686F 
 1430      6E672059 
 1430      656E204A 
 1431 0045 5C303920 		.ascii	"\\09 - Implementation\\ECE4191-G15\\ECE4191\\ColorB"
 1431      2D20496D 
 1431      706C656D 
 1431      656E7461 
 1431      74696F6E 
 1432 0074 6F776C52 		.ascii	"owlRobot_G15.cydsn\000"
 1432      6F626F74 
 1432      5F473135 
 1432      2E637964 
 1432      736E00
 1433              	.LASF21:
ARM GAS  C:\Users\CHONGY~1\AppData\Local\Temp\ccVMee3A.s 			page 28


 1434 0087 6669666F 		.ascii	"fifo\000"
 1434      00
 1435              	.LASF28:
 1436 008c 6D656469 		.ascii	"median_filter.c\000"
 1436      616E5F66 
 1436      696C7465 
 1436      722E6300 
 1437              	.LASF17:
 1438 009c 71756963 		.ascii	"quickSort\000"
 1438      6B536F72 
 1438      7400
 1439              	.LASF2:
 1440 00a6 756E7369 		.ascii	"unsigned char\000"
 1440      676E6564 
 1440      20636861 
 1440      7200
 1441              	.LASF27:
 1442 00b4 474E5520 		.ascii	"GNU C11 5.4.1 20160609 (release) [ARM/embedded-5-br"
 1442      43313120 
 1442      352E342E 
 1442      31203230 
 1442      31363036 
 1443 00e7 616E6368 		.ascii	"anch revision 237715] -mcpu=cortex-m3 -mthumb -g -O"
 1443      20726576 
 1443      6973696F 
 1443      6E203233 
 1443      37373135 
 1444 011a 67202D66 		.ascii	"g -ffunction-sections -ffat-lto-objects\000"
 1444      66756E63 
 1444      74696F6E 
 1444      2D736563 
 1444      74696F6E 
 1445              	.LASF25:
 1446 0142 74656D70 		.ascii	"tempArray\000"
 1446      41727261 
 1446      7900
 1447              	.LASF6:
 1448 014c 6C6F6E67 		.ascii	"long unsigned int\000"
 1448      20756E73 
 1448      69676E65 
 1448      6420696E 
 1448      7400
 1449              	.LASF14:
 1450 015e 74656D70 		.ascii	"temp\000"
 1450      00
 1451              	.LASF4:
 1452 0163 73686F72 		.ascii	"short unsigned int\000"
 1452      7420756E 
 1452      7369676E 
 1452      65642069 
 1452      6E7400
 1453              	.LASF0:
 1454 0176 646F7562 		.ascii	"double\000"
 1454      6C6500
 1455              	.LASF3:
 1456 017d 73686F72 		.ascii	"short int\000"
 1456      7420696E 
ARM GAS  C:\Users\CHONGY~1\AppData\Local\Temp\ccVMee3A.s 			page 29


 1456      7400
 1457              	.LASF18:
 1458 0187 70617274 		.ascii	"partition\000"
 1458      6974696F 
 1458      6E00
 1459              	.LASF9:
 1460 0191 756E7369 		.ascii	"unsigned int\000"
 1460      676E6564 
 1460      20696E74 
 1460      00
 1461              	.LASF24:
 1462 019e 6973496E 		.ascii	"isInitialized\000"
 1462      69746961 
 1462      6C697A65 
 1462      6400
 1463              	.LASF8:
 1464 01ac 6C6F6E67 		.ascii	"long long unsigned int\000"
 1464      206C6F6E 
 1464      6720756E 
 1464      7369676E 
 1464      65642069 
 1465              	.LASF23:
 1466 01c3 63757272 		.ascii	"currentIndex\000"
 1466      656E7449 
 1466      6E646578 
 1466      00
 1467              	.LASF19:
 1468 01d0 66696E64 		.ascii	"findMedian\000"
 1468      4D656469 
 1468      616E00
 1469              	.LASF11:
 1470 01db 73697A65 		.ascii	"sizetype\000"
 1470      74797065 
 1470      00
 1471              	.LASF7:
 1472 01e4 6C6F6E67 		.ascii	"long long int\000"
 1472      206C6F6E 
 1472      6720696E 
 1472      7400
 1473              	.LASF12:
 1474 01f2 63686172 		.ascii	"char\000"
 1474      00
 1475              	.LASF22:
 1476 01f7 6E657756 		.ascii	"newValue\000"
 1476      616C7565 
 1476      00
 1477              	.LASF5:
 1478 0200 6C6F6E67 		.ascii	"long int\000"
 1478      20696E74 
 1478      00
 1479              	.LASF15:
 1480 0209 7069766F 		.ascii	"pivot\000"
 1480      7400
 1481              	.LASF10:
 1482 020f 6C6F6E67 		.ascii	"long double\000"
 1482      20646F75 
 1482      626C6500 
ARM GAS  C:\Users\CHONGY~1\AppData\Local\Temp\ccVMee3A.s 			page 30


 1483              	.LASF26:
 1484 021b 6D656469 		.ascii	"median\000"
 1484      616E00
 1485              	.LASF1:
 1486 0222 7369676E 		.ascii	"signed char\000"
 1486      65642063 
 1486      68617200 
 1487              		.ident	"GCC: (GNU Tools for ARM Embedded Processors) 5.4.1 20160609 (release) [ARM/embedded-5-bran
