ARM GAS  C:\Users\CHONGY~1\AppData\Local\Temp\ccXIiQYV.s 			page 1


   1              		.syntax unified
   2              		.cpu cortex-m3
   3              		.fpu softvfp
   4              		.eabi_attribute 20, 1
   5              		.eabi_attribute 21, 1
   6              		.eabi_attribute 23, 3
   7              		.eabi_attribute 24, 1
   8              		.eabi_attribute 25, 1
   9              		.eabi_attribute 26, 1
  10              		.eabi_attribute 30, 1
  11              		.eabi_attribute 34, 1
  12              		.eabi_attribute 18, 4
  13              		.thumb
  14              		.syntax unified
  15              		.file	"motor_control.c"
  16              		.text
  17              	.Ltext0:
  18              		.cfi_sections	.debug_frame
  19              		.section	.text.motor_status,"ax",%progbits
  20              		.align	2
  21              		.global	motor_status
  22              		.thumb
  23              		.thumb_func
  24              		.type	motor_status, %function
  25              	motor_status:
  26              	.LFB63:
  27              		.file 1 "motor_control.c"
   1:motor_control.c **** /* ========================================
   2:motor_control.c ****  *
   3:motor_control.c ****  * Copyright YOUR COMPANY, THE YEAR
   4:motor_control.c ****  * All Rights Reserved
   5:motor_control.c ****  * UNPUBLISHED, LICENSED SOFTWARE.
   6:motor_control.c ****  *
   7:motor_control.c ****  * CONFIDENTIAL AND PROPRIETARY INFORMATION
   8:motor_control.c ****  * WHICH IS THE PROPERTY OF your company.
   9:motor_control.c ****  *
  10:motor_control.c ****  * ========================================
  11:motor_control.c **** */
  12:motor_control.c **** 
  13:motor_control.c **** /* [] END OF FILE */
  14:motor_control.c **** #include "motor_control.h"
  15:motor_control.c **** #include "project.h" // Include the necessary project-specific header file
  16:motor_control.c **** 
  17:motor_control.c **** void motor_status(int mode) {
  28              		.loc 1 17 0
  29              		.cfi_startproc
  30              		@ args = 0, pretend = 0, frame = 0
  31              		@ frame_needed = 0, uses_anonymous_args = 0
  32              	.LVL0:
  33 0000 08B5     		push	{r3, lr}
  34              		.cfi_def_cfa_offset 8
  35              		.cfi_offset 3, -8
  36              		.cfi_offset 14, -4
  18:motor_control.c ****     if (mode == ENABLE) {
  37              		.loc 1 18 0
  38 0002 0128     		cmp	r0, #1
  39 0004 02D1     		bne	.L2
ARM GAS  C:\Users\CHONGY~1\AppData\Local\Temp\ccXIiQYV.s 			page 2


  19:motor_control.c ****         PWM_1_Start();
  40              		.loc 1 19 0
  41 0006 FFF7FEFF 		bl	PWM_1_Start
  42              	.LVL1:
  43 000a 08BD     		pop	{r3, pc}
  44              	.LVL2:
  45              	.L2:
  20:motor_control.c ****     }
  21:motor_control.c ****     else if (mode == DISABLE) {
  46              		.loc 1 21 0
  47 000c 08B9     		cbnz	r0, .L1
  22:motor_control.c ****         PWM_1_Stop();
  48              		.loc 1 22 0
  49 000e FFF7FEFF 		bl	PWM_1_Stop
  50              	.LVL3:
  51              	.L1:
  52 0012 08BD     		pop	{r3, pc}
  53              		.cfi_endproc
  54              	.LFE63:
  55              		.size	motor_status, .-motor_status
  56              		.section	.text.motor_pwm_control,"ax",%progbits
  57              		.align	2
  58              		.global	motor_pwm_control
  59              		.thumb
  60              		.thumb_func
  61              		.type	motor_pwm_control, %function
  62              	motor_pwm_control:
  63              	.LFB64:
  23:motor_control.c ****     }
  24:motor_control.c **** }
  25:motor_control.c **** 
  26:motor_control.c **** void motor_pwm_control(int pwm_value) {
  64              		.loc 1 26 0
  65              		.cfi_startproc
  66              		@ args = 0, pretend = 0, frame = 0
  67              		@ frame_needed = 0, uses_anonymous_args = 0
  68              	.LVL4:
  69 0000 08B5     		push	{r3, lr}
  70              		.cfi_def_cfa_offset 8
  71              		.cfi_offset 3, -8
  72              		.cfi_offset 14, -4
  27:motor_control.c ****     PWM_1_WriteCompare(pwm_value);
  73              		.loc 1 27 0
  74 0002 C0B2     		uxtb	r0, r0
  75              	.LVL5:
  76 0004 FFF7FEFF 		bl	PWM_1_WriteCompare
  77              	.LVL6:
  78 0008 08BD     		pop	{r3, pc}
  79              		.cfi_endproc
  80              	.LFE64:
  81              		.size	motor_pwm_control, .-motor_pwm_control
  82              		.section	.text.quad_decoder_status,"ax",%progbits
  83              		.align	2
  84              		.global	quad_decoder_status
  85              		.thumb
  86              		.thumb_func
  87              		.type	quad_decoder_status, %function
ARM GAS  C:\Users\CHONGY~1\AppData\Local\Temp\ccXIiQYV.s 			page 3


  88              	quad_decoder_status:
  89              	.LFB65:
  28:motor_control.c **** }
  29:motor_control.c **** 
  30:motor_control.c **** void quad_decoder_status(int mode) {
  90              		.loc 1 30 0
  91              		.cfi_startproc
  92              		@ args = 0, pretend = 0, frame = 0
  93              		@ frame_needed = 0, uses_anonymous_args = 0
  94              	.LVL7:
  95 0000 08B5     		push	{r3, lr}
  96              		.cfi_def_cfa_offset 8
  97              		.cfi_offset 3, -8
  98              		.cfi_offset 14, -4
  31:motor_control.c ****     if (mode == ENABLE) {
  99              		.loc 1 31 0
 100 0002 0128     		cmp	r0, #1
 101 0004 04D1     		bne	.L8
  32:motor_control.c ****         QuadDec_1_Start();
 102              		.loc 1 32 0
 103 0006 FFF7FEFF 		bl	QuadDec_1_Start
 104              	.LVL8:
  33:motor_control.c ****         QuadDec_2_Start();
 105              		.loc 1 33 0
 106 000a FFF7FEFF 		bl	QuadDec_2_Start
 107              	.LVL9:
 108 000e 08BD     		pop	{r3, pc}
 109              	.LVL10:
 110              	.L8:
  34:motor_control.c ****     }
  35:motor_control.c ****     else if (mode == DISABLE) {
 111              		.loc 1 35 0
 112 0010 18B9     		cbnz	r0, .L7
  36:motor_control.c ****         QuadDec_1_Stop();
 113              		.loc 1 36 0
 114 0012 FFF7FEFF 		bl	QuadDec_1_Stop
 115              	.LVL11:
  37:motor_control.c ****         QuadDec_2_Stop();
 116              		.loc 1 37 0
 117 0016 FFF7FEFF 		bl	QuadDec_2_Stop
 118              	.LVL12:
 119              	.L7:
 120 001a 08BD     		pop	{r3, pc}
 121              		.cfi_endproc
 122              	.LFE65:
 123              		.size	quad_decoder_status, .-quad_decoder_status
 124              		.global	__aeabi_i2d
 125              		.global	__aeabi_ddiv
 126              		.global	__aeabi_dadd
 127              		.global	__aeabi_dmul
 128              		.global	__aeabi_ui2d
 129              		.section	.text.compute_angular_velocities,"ax",%progbits
 130              		.align	2
 131              		.global	compute_angular_velocities
 132              		.thumb
 133              		.thumb_func
 134              		.type	compute_angular_velocities, %function
ARM GAS  C:\Users\CHONGY~1\AppData\Local\Temp\ccXIiQYV.s 			page 4


 135              	compute_angular_velocities:
 136              	.LFB66:
  38:motor_control.c ****     }
  39:motor_control.c **** }
  40:motor_control.c **** 
  41:motor_control.c **** void compute_angular_velocities(double *angular_velocity_left, double *angular_velocity_right) {
 137              		.loc 1 41 0
 138              		.cfi_startproc
 139              		@ args = 0, pretend = 0, frame = 16
 140              		@ frame_needed = 0, uses_anonymous_args = 0
 141              	.LVL13:
 142 0000 2DE9F04F 		push	{r4, r5, r6, r7, r8, r9, r10, fp, lr}
 143              		.cfi_def_cfa_offset 36
 144              		.cfi_offset 4, -36
 145              		.cfi_offset 5, -32
 146              		.cfi_offset 6, -28
 147              		.cfi_offset 7, -24
 148              		.cfi_offset 8, -20
 149              		.cfi_offset 9, -16
 150              		.cfi_offset 10, -12
 151              		.cfi_offset 11, -8
 152              		.cfi_offset 14, -4
 153 0004 85B0     		sub	sp, sp, #20
 154              		.cfi_def_cfa_offset 56
 155 0006 8346     		mov	fp, r0
 156 0008 8A46     		mov	r10, r1
  42:motor_control.c ****     static int16 QuadDec_1_prevCounterValue = 0;
  43:motor_control.c ****     static int16 QuadDec_2_prevCounterValue = 0;
  44:motor_control.c ****     static uint32 prevTime = 0;
  45:motor_control.c **** 
  46:motor_control.c ****     // Get the current counter values for both encoders
  47:motor_control.c ****     int16 QuadDec_1_currentCounterValue = QuadDec_1_GetCounter();
 157              		.loc 1 47 0
 158 000a FFF7FEFF 		bl	QuadDec_1_GetCounter
 159              	.LVL14:
 160 000e 0746     		mov	r7, r0
 161              	.LVL15:
  48:motor_control.c ****     int16 QuadDec_2_currentCounterValue = QuadDec_2_GetCounter();
 162              		.loc 1 48 0
 163 0010 FFF7FEFF 		bl	QuadDec_2_GetCounter
 164              	.LVL16:
 165 0014 0646     		mov	r6, r0
 166              	.LVL17:
  49:motor_control.c **** 
  50:motor_control.c ****     // Calculate time difference
  51:motor_control.c ****     uint32 currentTime = Cy_SysTick_GetCount();
 167              		.loc 1 51 0
 168 0016 FFF7FEFF 		bl	Cy_SysTick_GetCount
 169              	.LVL18:
 170 001a 0546     		mov	r5, r0
 171              	.LVL19:
  52:motor_control.c ****     uint32 deltaTime = currentTime - prevTime;
 172              		.loc 1 52 0
 173 001c 284C     		ldr	r4, .L13+8
 174 001e 2368     		ldr	r3, [r4]
 175 0020 C3EB0008 		rsb	r8, r3, r0
 176              	.LVL20:
ARM GAS  C:\Users\CHONGY~1\AppData\Local\Temp\ccXIiQYV.s 			page 5


  53:motor_control.c **** 
  54:motor_control.c ****     // Calculate angular displacement for both wheels
  55:motor_control.c ****     double angular_displacement_left = ((double)(QuadDec_1_currentCounterValue - QuadDec_1_prevCoun
 177              		.loc 1 55 0
 178 0024 B4F90400 		ldrsh	r0, [r4, #4]
 179              	.LVL21:
 180 0028 381A     		subs	r0, r7, r0
 181 002a FFF7FEFF 		bl	__aeabi_i2d
 182              	.LVL22:
 183 002e 0022     		movs	r2, #0
 184 0030 244B     		ldr	r3, .L13+12
 185 0032 FFF7FEFF 		bl	__aeabi_ddiv
 186              	.LVL23:
 187 0036 0246     		mov	r2, r0
 188 0038 0B46     		mov	r3, r1
 189 003a FFF7FEFF 		bl	__aeabi_dadd
 190              	.LVL24:
 191 003e 1EA3     		adr	r3, .L13
 192 0040 D3E90023 		ldrd	r2, [r3]
 193 0044 FFF7FEFF 		bl	__aeabi_dmul
 194              	.LVL25:
 195 0048 CDE90001 		strd	r0, [sp]
 196              	.LVL26:
  56:motor_control.c ****     double angular_displacement_right = ((double)(QuadDec_2_currentCounterValue - QuadDec_2_prevCou
 197              		.loc 1 56 0
 198 004c B4F90600 		ldrsh	r0, [r4, #6]
 199              	.LVL27:
 200 0050 301A     		subs	r0, r6, r0
 201 0052 FFF7FEFF 		bl	__aeabi_i2d
 202              	.LVL28:
 203 0056 0022     		movs	r2, #0
 204 0058 1A4B     		ldr	r3, .L13+12
 205 005a FFF7FEFF 		bl	__aeabi_ddiv
 206              	.LVL29:
 207 005e 0246     		mov	r2, r0
 208 0060 0B46     		mov	r3, r1
 209 0062 FFF7FEFF 		bl	__aeabi_dadd
 210              	.LVL30:
 211 0066 14A3     		adr	r3, .L13
 212 0068 D3E90023 		ldrd	r2, [r3]
 213 006c FFF7FEFF 		bl	__aeabi_dmul
 214              	.LVL31:
 215 0070 CDE90201 		strd	r0, [sp, #8]
 216              	.LVL32:
  57:motor_control.c **** 
  58:motor_control.c ****     // Calculate angular velocities for left and right wheels
  59:motor_control.c ****     *angular_velocity_left = angular_displacement_left / ((double)deltaTime / (double)TICKS_PER_SEC
 217              		.loc 1 59 0
 218 0074 4046     		mov	r0, r8
 219              	.LVL33:
 220 0076 FFF7FEFF 		bl	__aeabi_ui2d
 221              	.LVL34:
 222 007a 0022     		movs	r2, #0
 223 007c 114B     		ldr	r3, .L13+12
 224 007e FFF7FEFF 		bl	__aeabi_ddiv
 225              	.LVL35:
 226 0082 8046     		mov	r8, r0
ARM GAS  C:\Users\CHONGY~1\AppData\Local\Temp\ccXIiQYV.s 			page 6


 227              	.LVL36:
 228 0084 8946     		mov	r9, r1
 229 0086 0246     		mov	r2, r0
 230 0088 0B46     		mov	r3, r1
 231 008a DDE90001 		ldrd	r0, [sp]
 232 008e FFF7FEFF 		bl	__aeabi_ddiv
 233              	.LVL37:
 234 0092 CBE90001 		strd	r0, [fp]
  60:motor_control.c ****     *angular_velocity_right = angular_displacement_right / ((double)deltaTime / (double)TICKS_PER_S
 235              		.loc 1 60 0
 236 0096 4246     		mov	r2, r8
 237 0098 4B46     		mov	r3, r9
 238 009a DDE90201 		ldrd	r0, [sp, #8]
 239 009e FFF7FEFF 		bl	__aeabi_ddiv
 240              	.LVL38:
 241 00a2 CAE90001 		strd	r0, [r10]
  61:motor_control.c **** 
  62:motor_control.c ****     // Update previous values
  63:motor_control.c ****     QuadDec_1_prevCounterValue = QuadDec_1_currentCounterValue;
 242              		.loc 1 63 0
 243 00a6 A780     		strh	r7, [r4, #4]	@ movhi
  64:motor_control.c ****     QuadDec_2_prevCounterValue = QuadDec_2_currentCounterValue;
 244              		.loc 1 64 0
 245 00a8 E680     		strh	r6, [r4, #6]	@ movhi
  65:motor_control.c ****     prevTime = currentTime;
 246              		.loc 1 65 0
 247 00aa 2560     		str	r5, [r4]
  66:motor_control.c **** }
 248              		.loc 1 66 0
 249 00ac 05B0     		add	sp, sp, #20
 250              		.cfi_def_cfa_offset 36
 251              	.LVL39:
 252              		@ sp needed
 253 00ae BDE8F08F 		pop	{r4, r5, r6, r7, r8, r9, r10, fp, pc}
 254              	.LVL40:
 255              	.L14:
 256 00b2 00BFAFF3 		.align	3
 256      0080
 257              	.L13:
 258 00b8 4AD8124D 		.word	1293080650
 259 00bc FB210940 		.word	1074340347
 260 00c0 00000000 		.word	.LANCHOR0
 261 00c4 00408F40 		.word	1083129856
 262              		.cfi_endproc
 263              	.LFE66:
 264              		.size	compute_angular_velocities, .-compute_angular_velocities
 265              		.section	.text.motor_move,"ax",%progbits
 266              		.align	2
 267              		.global	motor_move
 268              		.thumb
 269              		.thumb_func
 270              		.type	motor_move, %function
 271              	motor_move:
 272              	.LFB67:
  67:motor_control.c **** /*
  68:motor_control.c **** void compute_metrics(double* displacement, double* velocity) {
  69:motor_control.c ****     static int16 QuadDec_1_prevCounterValue = 0;
ARM GAS  C:\Users\CHONGY~1\AppData\Local\Temp\ccXIiQYV.s 			page 7


  70:motor_control.c ****     static int16 QuadDec_1_currentCounterValue = 0;
  71:motor_control.c ****     static int16 QuadDec_2_prevCounterValue = 0;
  72:motor_control.c ****     static int16 QuadDec_2_currentCounterValue = 0;
  73:motor_control.c ****     static uint32 prevTime;
  74:motor_control.c ****     
  75:motor_control.c ****     uint32 currentTime = Cy_SysLib_GetTicks(); 
  76:motor_control.c ****     uint32 deltaTime = currentTime - prevTime;
  77:motor_control.c ****     
  78:motor_control.c ****     // Calculate displacement for both wheels
  79:motor_control.c ****     *displacement_1 = ((double)QuadDec_1_currentCounterValue / TICKS_PER_REVOLUTION) * 2 * PI * WHE
  80:motor_control.c ****     *displacement_2 = ((double)QuadDec_2_currentCounterValue / TICKS_PER_REVOLUTION) * 2 * PI * WHE
  81:motor_control.c ****     
  82:motor_control.c ****     *displacement = ((double)currentCounterValue / TICKS_PER_REVOLUTION) * 2 * PI * WHEEL_RADIUS;
  83:motor_control.c ****     *velocity = (double)(currentCounterValue - prevCounterValue) / TICKS_PER_REVOLUTION / (deltaTim
  84:motor_control.c **** 
  85:motor_control.c ****     // Update previous values
  86:motor_control.c ****     prevCounterValue = currentCounterValue;
  87:motor_control.c ****     prevVelocity = *velocity;
  88:motor_control.c ****     prevTime = currentTime;
  89:motor_control.c **** }
  90:motor_control.c **** */
  91:motor_control.c **** void motor_move(int mode, int direction, int speed) {
 273              		.loc 1 91 0
 274              		.cfi_startproc
 275              		@ args = 0, pretend = 0, frame = 0
 276              		@ frame_needed = 0, uses_anonymous_args = 0
 277              	.LVL41:
 278 0000 70B5     		push	{r4, r5, r6, lr}
 279              		.cfi_def_cfa_offset 16
 280              		.cfi_offset 4, -16
 281              		.cfi_offset 5, -12
 282              		.cfi_offset 6, -8
 283              		.cfi_offset 14, -4
 284 0002 0546     		mov	r5, r0
 285 0004 0C46     		mov	r4, r1
 286 0006 1646     		mov	r6, r2
  92:motor_control.c ****     motor_status(mode);
 287              		.loc 1 92 0
 288 0008 FFF7FEFF 		bl	motor_status
 289              	.LVL42:
  93:motor_control.c ****     
  94:motor_control.c ****     if (!mode) {
 290              		.loc 1 94 0
 291 000c 6DB3     		cbz	r5, .L15
  95:motor_control.c ****         return;
  96:motor_control.c ****     }
  97:motor_control.c ****     
  98:motor_control.c ****     motor_pwm_control(speed);
 292              		.loc 1 98 0
 293 000e 3046     		mov	r0, r6
 294 0010 FFF7FEFF 		bl	motor_pwm_control
 295              	.LVL43:
  99:motor_control.c **** 
 100:motor_control.c ****     if (direction == FORWARD || direction == BACKWARD) {
 296              		.loc 1 100 0
 297 0014 012C     		cmp	r4, #1
 298 0016 10D8     		bhi	.L17
ARM GAS  C:\Users\CHONGY~1\AppData\Local\Temp\ccXIiQYV.s 			page 8


 101:motor_control.c ****         MOTOR_1_IN_LEFT_Write(direction);
 299              		.loc 1 101 0
 300 0018 E0B2     		uxtb	r0, r4
 301 001a FFF7FEFF 		bl	MOTOR_1_IN_LEFT_Write
 302              	.LVL44:
 102:motor_control.c ****         MOTOR_1_IN_RIGHT_Write(!direction);
 303              		.loc 1 102 0
 304 001e B4FA84F0 		clz	r0, r4
 305 0022 4009     		lsrs	r0, r0, #5
 306 0024 FFF7FEFF 		bl	MOTOR_1_IN_RIGHT_Write
 307              	.LVL45:
 103:motor_control.c **** 
 104:motor_control.c ****         MOTOR_2_IN_LEFT_Write(MOTOR_1_IN_LEFT_Read());
 308              		.loc 1 104 0
 309 0028 FFF7FEFF 		bl	MOTOR_1_IN_LEFT_Read
 310              	.LVL46:
 311 002c FFF7FEFF 		bl	MOTOR_2_IN_LEFT_Write
 312              	.LVL47:
 105:motor_control.c ****         MOTOR_2_IN_RIGHT_Write(MOTOR_1_IN_RIGHT_Read());
 313              		.loc 1 105 0
 314 0030 FFF7FEFF 		bl	MOTOR_1_IN_RIGHT_Read
 315              	.LVL48:
 316 0034 FFF7FEFF 		bl	MOTOR_2_IN_RIGHT_Write
 317              	.LVL49:
 318 0038 70BD     		pop	{r4, r5, r6, pc}
 319              	.LVL50:
 320              	.L17:
 106:motor_control.c ****     } else {
 107:motor_control.c ****         direction -= 2;
 108:motor_control.c ****         MOTOR_1_IN_LEFT_Write(!direction);
 321              		.loc 1 108 0
 322 003a A51E     		subs	r5, r4, #2
 323              	.LVL51:
 324 003c 022C     		cmp	r4, #2
 325 003e 14BF     		ite	ne
 326 0040 0020     		movne	r0, #0
 327 0042 0120     		moveq	r0, #1
 328 0044 FFF7FEFF 		bl	MOTOR_1_IN_LEFT_Write
 329              	.LVL52:
 109:motor_control.c ****         MOTOR_1_IN_RIGHT_Write(direction);
 330              		.loc 1 109 0
 331 0048 E8B2     		uxtb	r0, r5
 332 004a FFF7FEFF 		bl	MOTOR_1_IN_RIGHT_Write
 333              	.LVL53:
 110:motor_control.c **** 
 111:motor_control.c ****         MOTOR_2_IN_LEFT_Write(!MOTOR_1_IN_LEFT_Read());
 334              		.loc 1 111 0
 335 004e FFF7FEFF 		bl	MOTOR_1_IN_LEFT_Read
 336              	.LVL54:
 337 0052 B0FA80F0 		clz	r0, r0
 338 0056 4009     		lsrs	r0, r0, #5
 339 0058 FFF7FEFF 		bl	MOTOR_2_IN_LEFT_Write
 340              	.LVL55:
 112:motor_control.c ****         MOTOR_2_IN_RIGHT_Write(!MOTOR_1_IN_RIGHT_Read());
 341              		.loc 1 112 0
 342 005c FFF7FEFF 		bl	MOTOR_1_IN_RIGHT_Read
 343              	.LVL56:
ARM GAS  C:\Users\CHONGY~1\AppData\Local\Temp\ccXIiQYV.s 			page 9


 344 0060 B0FA80F0 		clz	r0, r0
 345 0064 4009     		lsrs	r0, r0, #5
 346 0066 FFF7FEFF 		bl	MOTOR_2_IN_RIGHT_Write
 347              	.LVL57:
 348              	.L15:
 349 006a 70BD     		pop	{r4, r5, r6, pc}
 350              		.cfi_endproc
 351              	.LFE67:
 352              		.size	motor_move, .-motor_move
 353              		.bss
 354              		.align	2
 355              		.set	.LANCHOR0,. + 0
 356              		.type	prevTime.5956, %object
 357              		.size	prevTime.5956, 4
 358              	prevTime.5956:
 359 0000 00000000 		.space	4
 360              		.type	QuadDec_1_prevCounterValue.5954, %object
 361              		.size	QuadDec_1_prevCounterValue.5954, 2
 362              	QuadDec_1_prevCounterValue.5954:
 363 0004 0000     		.space	2
 364              		.type	QuadDec_2_prevCounterValue.5955, %object
 365              		.size	QuadDec_2_prevCounterValue.5955, 2
 366              	QuadDec_2_prevCounterValue.5955:
 367 0006 0000     		.space	2
 368              		.text
 369              	.Letext0:
 370              		.file 2 "c:\\program files (x86)\\cypress\\psoc creator\\4.4\\psoc creator\\import\\gnu\\arm\\5.4.
 371              		.file 3 "c:\\program files (x86)\\cypress\\psoc creator\\4.4\\psoc creator\\import\\gnu\\arm\\5.4.
 372              		.file 4 "Generated_Source\\PSoC5/cytypes.h"
 373              		.file 5 "Generated_Source\\PSoC5/PWM_1.h"
 374              		.file 6 "Generated_Source\\PSoC5/QuadDec_1.h"
 375              		.file 7 "Generated_Source\\PSoC5/QuadDec_2.h"
 376              		.file 8 "Generated_Source\\PSoC5/MOTOR_1_IN_LEFT.h"
 377              		.file 9 "Generated_Source\\PSoC5/MOTOR_1_IN_RIGHT.h"
 378              		.file 10 "Generated_Source\\PSoC5/MOTOR_2_IN_LEFT.h"
 379              		.file 11 "Generated_Source\\PSoC5/MOTOR_2_IN_RIGHT.h"
 380              		.file 12 "Generated_Source\\PSoC5/core_cm3.h"
 381              		.section	.debug_info,"",%progbits
 382              	.Ldebug_info0:
 383 0000 1D040000 		.4byte	0x41d
 384 0004 0400     		.2byte	0x4
 385 0006 00000000 		.4byte	.Ldebug_abbrev0
 386 000a 04       		.byte	0x4
 387 000b 01       		.uleb128 0x1
 388 000c 1F010000 		.4byte	.LASF54
 389 0010 0C       		.byte	0xc
 390 0011 30030000 		.4byte	.LASF55
 391 0015 FF010000 		.4byte	.LASF56
 392 0019 00000000 		.4byte	.Ldebug_ranges0+0
 393 001d 00000000 		.4byte	0
 394 0021 00000000 		.4byte	.Ldebug_line0
 395 0025 02       		.uleb128 0x2
 396 0026 01       		.byte	0x1
 397 0027 06       		.byte	0x6
 398 0028 1B040000 		.4byte	.LASF0
 399 002c 02       		.uleb128 0x2
 400 002d 01       		.byte	0x1
ARM GAS  C:\Users\CHONGY~1\AppData\Local\Temp\ccXIiQYV.s 			page 10


 401 002e 08       		.byte	0x8
 402 002f 11010000 		.4byte	.LASF1
 403 0033 02       		.uleb128 0x2
 404 0034 02       		.byte	0x2
 405 0035 05       		.byte	0x5
 406 0036 ED030000 		.4byte	.LASF2
 407 003a 02       		.uleb128 0x2
 408 003b 02       		.byte	0x2
 409 003c 07       		.byte	0x7
 410 003d 27040000 		.4byte	.LASF3
 411 0041 03       		.uleb128 0x3
 412 0042 3F000000 		.4byte	.LASF9
 413 0046 02       		.byte	0x2
 414 0047 3F       		.byte	0x3f
 415 0048 4C000000 		.4byte	0x4c
 416 004c 02       		.uleb128 0x2
 417 004d 04       		.byte	0x4
 418 004e 05       		.byte	0x5
 419 004f 06040000 		.4byte	.LASF4
 420 0053 02       		.uleb128 0x2
 421 0054 04       		.byte	0x4
 422 0055 07       		.byte	0x7
 423 0056 C7010000 		.4byte	.LASF5
 424 005a 02       		.uleb128 0x2
 425 005b 08       		.byte	0x8
 426 005c 05       		.byte	0x5
 427 005d BB030000 		.4byte	.LASF6
 428 0061 02       		.uleb128 0x2
 429 0062 08       		.byte	0x8
 430 0063 07       		.byte	0x7
 431 0064 FA000000 		.4byte	.LASF7
 432 0068 04       		.uleb128 0x4
 433 0069 04       		.byte	0x4
 434 006a 05       		.byte	0x5
 435 006b 696E7400 		.ascii	"int\000"
 436 006f 02       		.uleb128 0x2
 437 0070 04       		.byte	0x4
 438 0071 07       		.byte	0x7
 439 0072 06030000 		.4byte	.LASF8
 440 0076 03       		.uleb128 0x3
 441 0077 BC000000 		.4byte	.LASF10
 442 007b 03       		.byte	0x3
 443 007c 2C       		.byte	0x2c
 444 007d 41000000 		.4byte	0x41
 445 0081 05       		.uleb128 0x5
 446 0082 E5020000 		.4byte	.LASF11
 447 0086 04       		.byte	0x4
 448 0087 EA01     		.2byte	0x1ea
 449 0089 53000000 		.4byte	0x53
 450 008d 05       		.uleb128 0x5
 451 008e C1010000 		.4byte	.LASF12
 452 0092 04       		.byte	0x4
 453 0093 EC01     		.2byte	0x1ec
 454 0095 33000000 		.4byte	0x33
 455 0099 02       		.uleb128 0x2
 456 009a 04       		.byte	0x4
 457 009b 04       		.byte	0x4
ARM GAS  C:\Users\CHONGY~1\AppData\Local\Temp\ccXIiQYV.s 			page 11


 458 009c F4000000 		.4byte	.LASF13
 459 00a0 02       		.uleb128 0x2
 460 00a1 08       		.byte	0x8
 461 00a2 04       		.byte	0x4
 462 00a3 AD020000 		.4byte	.LASF14
 463 00a7 02       		.uleb128 0x2
 464 00a8 01       		.byte	0x1
 465 00a9 08       		.byte	0x8
 466 00aa D3030000 		.4byte	.LASF15
 467 00ae 02       		.uleb128 0x2
 468 00af 08       		.byte	0x8
 469 00b0 04       		.byte	0x4
 470 00b1 0F040000 		.4byte	.LASF16
 471 00b5 02       		.uleb128 0x2
 472 00b6 04       		.byte	0x4
 473 00b7 07       		.byte	0x7
 474 00b8 9F030000 		.4byte	.LASF17
 475 00bc 06       		.uleb128 0x6
 476 00bd 32000000 		.4byte	.LASF18
 477 00c1 01       		.byte	0x1
 478 00c2 11       		.byte	0x11
 479 00c3 00000000 		.4byte	.LFB63
 480 00c7 14000000 		.4byte	.LFE63-.LFB63
 481 00cb 01       		.uleb128 0x1
 482 00cc 9C       		.byte	0x9c
 483 00cd F3000000 		.4byte	0xf3
 484 00d1 07       		.uleb128 0x7
 485 00d2 40030000 		.4byte	.LASF20
 486 00d6 01       		.byte	0x1
 487 00d7 11       		.byte	0x11
 488 00d8 68000000 		.4byte	0x68
 489 00dc 00000000 		.4byte	.LLST0
 490 00e0 08       		.uleb128 0x8
 491 00e1 0A000000 		.4byte	.LVL1
 492 00e5 70030000 		.4byte	0x370
 493 00e9 08       		.uleb128 0x8
 494 00ea 12000000 		.4byte	.LVL3
 495 00ee 7B030000 		.4byte	0x37b
 496 00f2 00       		.byte	0
 497 00f3 06       		.uleb128 0x6
 498 00f4 E2000000 		.4byte	.LASF19
 499 00f8 01       		.byte	0x1
 500 00f9 1A       		.byte	0x1a
 501 00fa 00000000 		.4byte	.LFB64
 502 00fe 0A000000 		.4byte	.LFE64-.LFB64
 503 0102 01       		.uleb128 0x1
 504 0103 9C       		.byte	0x9c
 505 0104 29010000 		.4byte	0x129
 506 0108 07       		.uleb128 0x7
 507 0109 8F030000 		.4byte	.LASF21
 508 010d 01       		.byte	0x1
 509 010e 1A       		.byte	0x1a
 510 010f 68000000 		.4byte	0x68
 511 0113 3A000000 		.4byte	.LLST1
 512 0117 09       		.uleb128 0x9
 513 0118 08000000 		.4byte	.LVL6
 514 011c 86030000 		.4byte	0x386
ARM GAS  C:\Users\CHONGY~1\AppData\Local\Temp\ccXIiQYV.s 			page 12


 515 0120 0A       		.uleb128 0xa
 516 0121 01       		.uleb128 0x1
 517 0122 50       		.byte	0x50
 518 0123 03       		.uleb128 0x3
 519 0124 F3       		.byte	0xf3
 520 0125 01       		.uleb128 0x1
 521 0126 50       		.byte	0x50
 522 0127 00       		.byte	0
 523 0128 00       		.byte	0
 524 0129 06       		.uleb128 0x6
 525 012a 13030000 		.4byte	.LASF22
 526 012e 01       		.byte	0x1
 527 012f 1E       		.byte	0x1e
 528 0130 00000000 		.4byte	.LFB65
 529 0134 1C000000 		.4byte	.LFE65-.LFB65
 530 0138 01       		.uleb128 0x1
 531 0139 9C       		.byte	0x9c
 532 013a 72010000 		.4byte	0x172
 533 013e 07       		.uleb128 0x7
 534 013f 40030000 		.4byte	.LASF20
 535 0143 01       		.byte	0x1
 536 0144 1E       		.byte	0x1e
 537 0145 68000000 		.4byte	0x68
 538 0149 5B000000 		.4byte	.LLST2
 539 014d 08       		.uleb128 0x8
 540 014e 0A000000 		.4byte	.LVL8
 541 0152 91030000 		.4byte	0x391
 542 0156 08       		.uleb128 0x8
 543 0157 0E000000 		.4byte	.LVL9
 544 015b 9C030000 		.4byte	0x39c
 545 015f 08       		.uleb128 0x8
 546 0160 16000000 		.4byte	.LVL11
 547 0164 A7030000 		.4byte	0x3a7
 548 0168 08       		.uleb128 0x8
 549 0169 1A000000 		.4byte	.LVL12
 550 016d B2030000 		.4byte	0x3b2
 551 0171 00       		.byte	0
 552 0172 0B       		.uleb128 0xb
 553 0173 50040000 		.4byte	.LASF23
 554 0177 01       		.byte	0x1
 555 0178 29       		.byte	0x29
 556 0179 00000000 		.4byte	.LFB66
 557 017d C8000000 		.4byte	.LFE66-.LFB66
 558 0181 01       		.uleb128 0x1
 559 0182 9C       		.byte	0x9c
 560 0183 5F020000 		.4byte	0x25f
 561 0187 07       		.uleb128 0x7
 562 0188 3A040000 		.4byte	.LASF24
 563 018c 01       		.byte	0x1
 564 018d 29       		.byte	0x29
 565 018e 5F020000 		.4byte	0x25f
 566 0192 95000000 		.4byte	.LLST3
 567 0196 07       		.uleb128 0x7
 568 0197 10000000 		.4byte	.LASF25
 569 019b 01       		.byte	0x1
 570 019c 29       		.byte	0x29
 571 019d 5F020000 		.4byte	0x25f
ARM GAS  C:\Users\CHONGY~1\AppData\Local\Temp\ccXIiQYV.s 			page 13


 572 01a1 C1000000 		.4byte	.LLST4
 573 01a5 0C       		.uleb128 0xc
 574 01a6 92020000 		.4byte	.LASF26
 575 01aa 01       		.byte	0x1
 576 01ab 2A       		.byte	0x2a
 577 01ac 8D000000 		.4byte	0x8d
 578 01b0 05       		.uleb128 0x5
 579 01b1 03       		.byte	0x3
 580 01b2 04000000 		.4byte	QuadDec_1_prevCounterValue.5954
 581 01b6 0C       		.uleb128 0xc
 582 01b7 CA020000 		.4byte	.LASF27
 583 01bb 01       		.byte	0x1
 584 01bc 2B       		.byte	0x2b
 585 01bd 8D000000 		.4byte	0x8d
 586 01c1 05       		.uleb128 0x5
 587 01c2 03       		.byte	0x3
 588 01c3 06000000 		.4byte	QuadDec_2_prevCounterValue.5955
 589 01c7 0C       		.uleb128 0xc
 590 01c8 27030000 		.4byte	.LASF28
 591 01cc 01       		.byte	0x1
 592 01cd 2C       		.byte	0x2c
 593 01ce 81000000 		.4byte	0x81
 594 01d2 05       		.uleb128 0x5
 595 01d3 03       		.byte	0x3
 596 01d4 00000000 		.4byte	prevTime.5956
 597 01d8 0D       		.uleb128 0xd
 598 01d9 5A030000 		.4byte	.LASF29
 599 01dd 01       		.byte	0x1
 600 01de 2F       		.byte	0x2f
 601 01df 8D000000 		.4byte	0x8d
 602 01e3 ED000000 		.4byte	.LLST5
 603 01e7 0D       		.uleb128 0xd
 604 01e8 C4000000 		.4byte	.LASF30
 605 01ec 01       		.byte	0x1
 606 01ed 30       		.byte	0x30
 607 01ee 8D000000 		.4byte	0x8d
 608 01f2 0F010000 		.4byte	.LLST6
 609 01f6 0D       		.uleb128 0xd
 610 01f7 91000000 		.4byte	.LASF31
 611 01fb 01       		.byte	0x1
 612 01fc 33       		.byte	0x33
 613 01fd 81000000 		.4byte	0x81
 614 0201 31010000 		.4byte	.LLST7
 615 0205 0E       		.uleb128 0xe
 616 0206 AD010000 		.4byte	.LASF47
 617 020a 01       		.byte	0x1
 618 020b 33       		.byte	0x33
 619 020c 68000000 		.4byte	0x68
 620 0210 16020000 		.4byte	0x216
 621 0214 0F       		.uleb128 0xf
 622 0215 00       		.byte	0
 623 0216 0D       		.uleb128 0xd
 624 0217 C9030000 		.4byte	.LASF32
 625 021b 01       		.byte	0x1
 626 021c 34       		.byte	0x34
 627 021d 81000000 		.4byte	0x81
 628 0221 5E010000 		.4byte	.LLST8
ARM GAS  C:\Users\CHONGY~1\AppData\Local\Temp\ccXIiQYV.s 			page 14


 629 0225 0D       		.uleb128 0xd
 630 0226 D9010000 		.4byte	.LASF33
 631 022a 01       		.byte	0x1
 632 022b 37       		.byte	0x37
 633 022c A0000000 		.4byte	0xa0
 634 0230 71010000 		.4byte	.LLST9
 635 0234 0D       		.uleb128 0xd
 636 0235 49000000 		.4byte	.LASF34
 637 0239 01       		.byte	0x1
 638 023a 38       		.byte	0x38
 639 023b A0000000 		.4byte	0xa0
 640 023f AD010000 		.4byte	.LLST10
 641 0243 08       		.uleb128 0x8
 642 0244 0E000000 		.4byte	.LVL14
 643 0248 BD030000 		.4byte	0x3bd
 644 024c 08       		.uleb128 0x8
 645 024d 14000000 		.4byte	.LVL16
 646 0251 C8030000 		.4byte	0x3c8
 647 0255 08       		.uleb128 0x8
 648 0256 1A000000 		.4byte	.LVL18
 649 025a D3030000 		.4byte	0x3d3
 650 025e 00       		.byte	0
 651 025f 10       		.uleb128 0x10
 652 0260 04       		.byte	0x4
 653 0261 A0000000 		.4byte	0xa0
 654 0265 06       		.uleb128 0x6
 655 0266 27000000 		.4byte	.LASF35
 656 026a 01       		.byte	0x1
 657 026b 5B       		.byte	0x5b
 658 026c 00000000 		.4byte	.LFB67
 659 0270 6C000000 		.4byte	.LFE67-.LFB67
 660 0274 01       		.uleb128 0x1
 661 0275 9C       		.byte	0x9c
 662 0276 5F030000 		.4byte	0x35f
 663 027a 07       		.uleb128 0x7
 664 027b 40030000 		.4byte	.LASF20
 665 027f 01       		.byte	0x1
 666 0280 5B       		.byte	0x5b
 667 0281 68000000 		.4byte	0x68
 668 0285 DD010000 		.4byte	.LLST11
 669 0289 07       		.uleb128 0x7
 670 028a 9D000000 		.4byte	.LASF36
 671 028e 01       		.byte	0x1
 672 028f 5B       		.byte	0x5b
 673 0290 68000000 		.4byte	0x68
 674 0294 09020000 		.4byte	.LLST12
 675 0298 07       		.uleb128 0x7
 676 0299 99030000 		.4byte	.LASF37
 677 029d 01       		.byte	0x1
 678 029e 5B       		.byte	0x5b
 679 029f 68000000 		.4byte	0x68
 680 02a3 3F020000 		.4byte	.LLST13
 681 02a7 11       		.uleb128 0x11
 682 02a8 0C000000 		.4byte	.LVL42
 683 02ac BC000000 		.4byte	0xbc
 684 02b0 BB020000 		.4byte	0x2bb
 685 02b4 0A       		.uleb128 0xa
ARM GAS  C:\Users\CHONGY~1\AppData\Local\Temp\ccXIiQYV.s 			page 15


 686 02b5 01       		.uleb128 0x1
 687 02b6 50       		.byte	0x50
 688 02b7 02       		.uleb128 0x2
 689 02b8 75       		.byte	0x75
 690 02b9 00       		.sleb128 0
 691 02ba 00       		.byte	0
 692 02bb 11       		.uleb128 0x11
 693 02bc 14000000 		.4byte	.LVL43
 694 02c0 F3000000 		.4byte	0xf3
 695 02c4 CF020000 		.4byte	0x2cf
 696 02c8 0A       		.uleb128 0xa
 697 02c9 01       		.uleb128 0x1
 698 02ca 50       		.byte	0x50
 699 02cb 02       		.uleb128 0x2
 700 02cc 76       		.byte	0x76
 701 02cd 00       		.sleb128 0
 702 02ce 00       		.byte	0
 703 02cf 11       		.uleb128 0x11
 704 02d0 1E000000 		.4byte	.LVL44
 705 02d4 DE030000 		.4byte	0x3de
 706 02d8 E3020000 		.4byte	0x2e3
 707 02dc 0A       		.uleb128 0xa
 708 02dd 01       		.uleb128 0x1
 709 02de 50       		.byte	0x50
 710 02df 02       		.uleb128 0x2
 711 02e0 74       		.byte	0x74
 712 02e1 00       		.sleb128 0
 713 02e2 00       		.byte	0
 714 02e3 11       		.uleb128 0x11
 715 02e4 28000000 		.4byte	.LVL45
 716 02e8 E9030000 		.4byte	0x3e9
 717 02ec F9020000 		.4byte	0x2f9
 718 02f0 0A       		.uleb128 0xa
 719 02f1 01       		.uleb128 0x1
 720 02f2 50       		.byte	0x50
 721 02f3 04       		.uleb128 0x4
 722 02f4 74       		.byte	0x74
 723 02f5 00       		.sleb128 0
 724 02f6 30       		.byte	0x30
 725 02f7 29       		.byte	0x29
 726 02f8 00       		.byte	0
 727 02f9 08       		.uleb128 0x8
 728 02fa 2C000000 		.4byte	.LVL46
 729 02fe F4030000 		.4byte	0x3f4
 730 0302 08       		.uleb128 0x8
 731 0303 30000000 		.4byte	.LVL47
 732 0307 FF030000 		.4byte	0x3ff
 733 030b 08       		.uleb128 0x8
 734 030c 34000000 		.4byte	.LVL48
 735 0310 0A040000 		.4byte	0x40a
 736 0314 08       		.uleb128 0x8
 737 0315 38000000 		.4byte	.LVL49
 738 0319 15040000 		.4byte	0x415
 739 031d 08       		.uleb128 0x8
 740 031e 48000000 		.4byte	.LVL52
 741 0322 DE030000 		.4byte	0x3de
 742 0326 11       		.uleb128 0x11
ARM GAS  C:\Users\CHONGY~1\AppData\Local\Temp\ccXIiQYV.s 			page 16


 743 0327 4E000000 		.4byte	.LVL53
 744 032b E9030000 		.4byte	0x3e9
 745 032f 3A030000 		.4byte	0x33a
 746 0333 0A       		.uleb128 0xa
 747 0334 01       		.uleb128 0x1
 748 0335 50       		.byte	0x50
 749 0336 02       		.uleb128 0x2
 750 0337 75       		.byte	0x75
 751 0338 00       		.sleb128 0
 752 0339 00       		.byte	0
 753 033a 08       		.uleb128 0x8
 754 033b 52000000 		.4byte	.LVL54
 755 033f F4030000 		.4byte	0x3f4
 756 0343 08       		.uleb128 0x8
 757 0344 5C000000 		.4byte	.LVL55
 758 0348 FF030000 		.4byte	0x3ff
 759 034c 08       		.uleb128 0x8
 760 034d 60000000 		.4byte	.LVL56
 761 0351 0A040000 		.4byte	0x40a
 762 0355 08       		.uleb128 0x8
 763 0356 6A000000 		.4byte	.LVL57
 764 035a 15040000 		.4byte	0x415
 765 035e 00       		.byte	0
 766 035f 12       		.uleb128 0x12
 767 0360 85020000 		.4byte	.LASF57
 768 0364 0C       		.byte	0xc
 769 0365 1207     		.2byte	0x712
 770 0367 6B030000 		.4byte	0x36b
 771 036b 13       		.uleb128 0x13
 772 036c 76000000 		.4byte	0x76
 773 0370 14       		.uleb128 0x14
 774 0371 F3010000 		.4byte	.LASF38
 775 0375 F3010000 		.4byte	.LASF38
 776 0379 05       		.byte	0x5
 777 037a 92       		.byte	0x92
 778 037b 14       		.uleb128 0x14
 779 037c FB020000 		.4byte	.LASF39
 780 0380 FB020000 		.4byte	.LASF39
 781 0384 05       		.byte	0x5
 782 0385 93       		.byte	0x93
 783 0386 14       		.uleb128 0x14
 784 0387 A8030000 		.4byte	.LASF40
 785 038b A8030000 		.4byte	.LASF40
 786 038f 05       		.byte	0x5
 787 0390 C3       		.byte	0xc3
 788 0391 14       		.uleb128 0x14
 789 0392 00000000 		.4byte	.LASF41
 790 0396 00000000 		.4byte	.LASF41
 791 039a 06       		.byte	0x6
 792 039b 48       		.byte	0x48
 793 039c 14       		.uleb128 0x14
 794 039d 6B040000 		.4byte	.LASF42
 795 03a1 6B040000 		.4byte	.LASF42
 796 03a5 07       		.byte	0x7
 797 03a6 48       		.byte	0x48
 798 03a7 14       		.uleb128 0x14
 799 03a8 F7030000 		.4byte	.LASF43
ARM GAS  C:\Users\CHONGY~1\AppData\Local\Temp\ccXIiQYV.s 			page 17


 800 03ac F7030000 		.4byte	.LASF43
 801 03b0 06       		.byte	0x6
 802 03b1 49       		.byte	0x49
 803 03b2 14       		.uleb128 0x14
 804 03b3 EC020000 		.4byte	.LASF44
 805 03b7 EC020000 		.4byte	.LASF44
 806 03bb 07       		.byte	0x7
 807 03bc 49       		.byte	0x49
 808 03bd 14       		.uleb128 0x14
 809 03be A7000000 		.4byte	.LASF45
 810 03c2 A7000000 		.4byte	.LASF45
 811 03c6 06       		.byte	0x6
 812 03c7 4E       		.byte	0x4e
 813 03c8 14       		.uleb128 0x14
 814 03c9 45030000 		.4byte	.LASF46
 815 03cd 45030000 		.4byte	.LASF46
 816 03d1 07       		.byte	0x7
 817 03d2 4E       		.byte	0x4e
 818 03d3 14       		.uleb128 0x14
 819 03d4 AD010000 		.4byte	.LASF47
 820 03d8 AD010000 		.4byte	.LASF47
 821 03dc 01       		.byte	0x1
 822 03dd 33       		.byte	0x33
 823 03de 14       		.uleb128 0x14
 824 03df B4020000 		.4byte	.LASF48
 825 03e3 B4020000 		.4byte	.LASF48
 826 03e7 08       		.byte	0x8
 827 03e8 26       		.byte	0x26
 828 03e9 14       		.uleb128 0x14
 829 03ea 78030000 		.4byte	.LASF49
 830 03ee 78030000 		.4byte	.LASF49
 831 03f2 09       		.byte	0x9
 832 03f3 26       		.byte	0x26
 833 03f4 14       		.uleb128 0x14
 834 03f5 D8030000 		.4byte	.LASF50
 835 03f9 D8030000 		.4byte	.LASF50
 836 03fd 08       		.byte	0x8
 837 03fe 29       		.byte	0x29
 838 03ff 14       		.uleb128 0x14
 839 0400 6F020000 		.4byte	.LASF51
 840 0404 6F020000 		.4byte	.LASF51
 841 0408 0A       		.byte	0xa
 842 0409 26       		.byte	0x26
 843 040a 14       		.uleb128 0x14
 844 040b 64000000 		.4byte	.LASF52
 845 040f 64000000 		.4byte	.LASF52
 846 0413 09       		.byte	0x9
 847 0414 29       		.byte	0x29
 848 0415 14       		.uleb128 0x14
 849 0416 7A000000 		.4byte	.LASF53
 850 041a 7A000000 		.4byte	.LASF53
 851 041e 0B       		.byte	0xb
 852 041f 26       		.byte	0x26
 853 0420 00       		.byte	0
 854              		.section	.debug_abbrev,"",%progbits
 855              	.Ldebug_abbrev0:
 856 0000 01       		.uleb128 0x1
ARM GAS  C:\Users\CHONGY~1\AppData\Local\Temp\ccXIiQYV.s 			page 18


 857 0001 11       		.uleb128 0x11
 858 0002 01       		.byte	0x1
 859 0003 25       		.uleb128 0x25
 860 0004 0E       		.uleb128 0xe
 861 0005 13       		.uleb128 0x13
 862 0006 0B       		.uleb128 0xb
 863 0007 03       		.uleb128 0x3
 864 0008 0E       		.uleb128 0xe
 865 0009 1B       		.uleb128 0x1b
 866 000a 0E       		.uleb128 0xe
 867 000b 55       		.uleb128 0x55
 868 000c 17       		.uleb128 0x17
 869 000d 11       		.uleb128 0x11
 870 000e 01       		.uleb128 0x1
 871 000f 10       		.uleb128 0x10
 872 0010 17       		.uleb128 0x17
 873 0011 00       		.byte	0
 874 0012 00       		.byte	0
 875 0013 02       		.uleb128 0x2
 876 0014 24       		.uleb128 0x24
 877 0015 00       		.byte	0
 878 0016 0B       		.uleb128 0xb
 879 0017 0B       		.uleb128 0xb
 880 0018 3E       		.uleb128 0x3e
 881 0019 0B       		.uleb128 0xb
 882 001a 03       		.uleb128 0x3
 883 001b 0E       		.uleb128 0xe
 884 001c 00       		.byte	0
 885 001d 00       		.byte	0
 886 001e 03       		.uleb128 0x3
 887 001f 16       		.uleb128 0x16
 888 0020 00       		.byte	0
 889 0021 03       		.uleb128 0x3
 890 0022 0E       		.uleb128 0xe
 891 0023 3A       		.uleb128 0x3a
 892 0024 0B       		.uleb128 0xb
 893 0025 3B       		.uleb128 0x3b
 894 0026 0B       		.uleb128 0xb
 895 0027 49       		.uleb128 0x49
 896 0028 13       		.uleb128 0x13
 897 0029 00       		.byte	0
 898 002a 00       		.byte	0
 899 002b 04       		.uleb128 0x4
 900 002c 24       		.uleb128 0x24
 901 002d 00       		.byte	0
 902 002e 0B       		.uleb128 0xb
 903 002f 0B       		.uleb128 0xb
 904 0030 3E       		.uleb128 0x3e
 905 0031 0B       		.uleb128 0xb
 906 0032 03       		.uleb128 0x3
 907 0033 08       		.uleb128 0x8
 908 0034 00       		.byte	0
 909 0035 00       		.byte	0
 910 0036 05       		.uleb128 0x5
 911 0037 16       		.uleb128 0x16
 912 0038 00       		.byte	0
 913 0039 03       		.uleb128 0x3
ARM GAS  C:\Users\CHONGY~1\AppData\Local\Temp\ccXIiQYV.s 			page 19


 914 003a 0E       		.uleb128 0xe
 915 003b 3A       		.uleb128 0x3a
 916 003c 0B       		.uleb128 0xb
 917 003d 3B       		.uleb128 0x3b
 918 003e 05       		.uleb128 0x5
 919 003f 49       		.uleb128 0x49
 920 0040 13       		.uleb128 0x13
 921 0041 00       		.byte	0
 922 0042 00       		.byte	0
 923 0043 06       		.uleb128 0x6
 924 0044 2E       		.uleb128 0x2e
 925 0045 01       		.byte	0x1
 926 0046 3F       		.uleb128 0x3f
 927 0047 19       		.uleb128 0x19
 928 0048 03       		.uleb128 0x3
 929 0049 0E       		.uleb128 0xe
 930 004a 3A       		.uleb128 0x3a
 931 004b 0B       		.uleb128 0xb
 932 004c 3B       		.uleb128 0x3b
 933 004d 0B       		.uleb128 0xb
 934 004e 27       		.uleb128 0x27
 935 004f 19       		.uleb128 0x19
 936 0050 11       		.uleb128 0x11
 937 0051 01       		.uleb128 0x1
 938 0052 12       		.uleb128 0x12
 939 0053 06       		.uleb128 0x6
 940 0054 40       		.uleb128 0x40
 941 0055 18       		.uleb128 0x18
 942 0056 9742     		.uleb128 0x2117
 943 0058 19       		.uleb128 0x19
 944 0059 01       		.uleb128 0x1
 945 005a 13       		.uleb128 0x13
 946 005b 00       		.byte	0
 947 005c 00       		.byte	0
 948 005d 07       		.uleb128 0x7
 949 005e 05       		.uleb128 0x5
 950 005f 00       		.byte	0
 951 0060 03       		.uleb128 0x3
 952 0061 0E       		.uleb128 0xe
 953 0062 3A       		.uleb128 0x3a
 954 0063 0B       		.uleb128 0xb
 955 0064 3B       		.uleb128 0x3b
 956 0065 0B       		.uleb128 0xb
 957 0066 49       		.uleb128 0x49
 958 0067 13       		.uleb128 0x13
 959 0068 02       		.uleb128 0x2
 960 0069 17       		.uleb128 0x17
 961 006a 00       		.byte	0
 962 006b 00       		.byte	0
 963 006c 08       		.uleb128 0x8
 964 006d 898201   		.uleb128 0x4109
 965 0070 00       		.byte	0
 966 0071 11       		.uleb128 0x11
 967 0072 01       		.uleb128 0x1
 968 0073 31       		.uleb128 0x31
 969 0074 13       		.uleb128 0x13
 970 0075 00       		.byte	0
ARM GAS  C:\Users\CHONGY~1\AppData\Local\Temp\ccXIiQYV.s 			page 20


 971 0076 00       		.byte	0
 972 0077 09       		.uleb128 0x9
 973 0078 898201   		.uleb128 0x4109
 974 007b 01       		.byte	0x1
 975 007c 11       		.uleb128 0x11
 976 007d 01       		.uleb128 0x1
 977 007e 31       		.uleb128 0x31
 978 007f 13       		.uleb128 0x13
 979 0080 00       		.byte	0
 980 0081 00       		.byte	0
 981 0082 0A       		.uleb128 0xa
 982 0083 8A8201   		.uleb128 0x410a
 983 0086 00       		.byte	0
 984 0087 02       		.uleb128 0x2
 985 0088 18       		.uleb128 0x18
 986 0089 9142     		.uleb128 0x2111
 987 008b 18       		.uleb128 0x18
 988 008c 00       		.byte	0
 989 008d 00       		.byte	0
 990 008e 0B       		.uleb128 0xb
 991 008f 2E       		.uleb128 0x2e
 992 0090 01       		.byte	0x1
 993 0091 3F       		.uleb128 0x3f
 994 0092 19       		.uleb128 0x19
 995 0093 03       		.uleb128 0x3
 996 0094 0E       		.uleb128 0xe
 997 0095 3A       		.uleb128 0x3a
 998 0096 0B       		.uleb128 0xb
 999 0097 3B       		.uleb128 0x3b
 1000 0098 0B       		.uleb128 0xb
 1001 0099 27       		.uleb128 0x27
 1002 009a 19       		.uleb128 0x19
 1003 009b 11       		.uleb128 0x11
 1004 009c 01       		.uleb128 0x1
 1005 009d 12       		.uleb128 0x12
 1006 009e 06       		.uleb128 0x6
 1007 009f 40       		.uleb128 0x40
 1008 00a0 18       		.uleb128 0x18
 1009 00a1 9642     		.uleb128 0x2116
 1010 00a3 19       		.uleb128 0x19
 1011 00a4 01       		.uleb128 0x1
 1012 00a5 13       		.uleb128 0x13
 1013 00a6 00       		.byte	0
 1014 00a7 00       		.byte	0
 1015 00a8 0C       		.uleb128 0xc
 1016 00a9 34       		.uleb128 0x34
 1017 00aa 00       		.byte	0
 1018 00ab 03       		.uleb128 0x3
 1019 00ac 0E       		.uleb128 0xe
 1020 00ad 3A       		.uleb128 0x3a
 1021 00ae 0B       		.uleb128 0xb
 1022 00af 3B       		.uleb128 0x3b
 1023 00b0 0B       		.uleb128 0xb
 1024 00b1 49       		.uleb128 0x49
 1025 00b2 13       		.uleb128 0x13
 1026 00b3 02       		.uleb128 0x2
 1027 00b4 18       		.uleb128 0x18
ARM GAS  C:\Users\CHONGY~1\AppData\Local\Temp\ccXIiQYV.s 			page 21


 1028 00b5 00       		.byte	0
 1029 00b6 00       		.byte	0
 1030 00b7 0D       		.uleb128 0xd
 1031 00b8 34       		.uleb128 0x34
 1032 00b9 00       		.byte	0
 1033 00ba 03       		.uleb128 0x3
 1034 00bb 0E       		.uleb128 0xe
 1035 00bc 3A       		.uleb128 0x3a
 1036 00bd 0B       		.uleb128 0xb
 1037 00be 3B       		.uleb128 0x3b
 1038 00bf 0B       		.uleb128 0xb
 1039 00c0 49       		.uleb128 0x49
 1040 00c1 13       		.uleb128 0x13
 1041 00c2 02       		.uleb128 0x2
 1042 00c3 17       		.uleb128 0x17
 1043 00c4 00       		.byte	0
 1044 00c5 00       		.byte	0
 1045 00c6 0E       		.uleb128 0xe
 1046 00c7 2E       		.uleb128 0x2e
 1047 00c8 01       		.byte	0x1
 1048 00c9 3F       		.uleb128 0x3f
 1049 00ca 19       		.uleb128 0x19
 1050 00cb 03       		.uleb128 0x3
 1051 00cc 0E       		.uleb128 0xe
 1052 00cd 3A       		.uleb128 0x3a
 1053 00ce 0B       		.uleb128 0xb
 1054 00cf 3B       		.uleb128 0x3b
 1055 00d0 0B       		.uleb128 0xb
 1056 00d1 49       		.uleb128 0x49
 1057 00d2 13       		.uleb128 0x13
 1058 00d3 3C       		.uleb128 0x3c
 1059 00d4 19       		.uleb128 0x19
 1060 00d5 01       		.uleb128 0x1
 1061 00d6 13       		.uleb128 0x13
 1062 00d7 00       		.byte	0
 1063 00d8 00       		.byte	0
 1064 00d9 0F       		.uleb128 0xf
 1065 00da 18       		.uleb128 0x18
 1066 00db 00       		.byte	0
 1067 00dc 00       		.byte	0
 1068 00dd 00       		.byte	0
 1069 00de 10       		.uleb128 0x10
 1070 00df 0F       		.uleb128 0xf
 1071 00e0 00       		.byte	0
 1072 00e1 0B       		.uleb128 0xb
 1073 00e2 0B       		.uleb128 0xb
 1074 00e3 49       		.uleb128 0x49
 1075 00e4 13       		.uleb128 0x13
 1076 00e5 00       		.byte	0
 1077 00e6 00       		.byte	0
 1078 00e7 11       		.uleb128 0x11
 1079 00e8 898201   		.uleb128 0x4109
 1080 00eb 01       		.byte	0x1
 1081 00ec 11       		.uleb128 0x11
 1082 00ed 01       		.uleb128 0x1
 1083 00ee 31       		.uleb128 0x31
 1084 00ef 13       		.uleb128 0x13
ARM GAS  C:\Users\CHONGY~1\AppData\Local\Temp\ccXIiQYV.s 			page 22


 1085 00f0 01       		.uleb128 0x1
 1086 00f1 13       		.uleb128 0x13
 1087 00f2 00       		.byte	0
 1088 00f3 00       		.byte	0
 1089 00f4 12       		.uleb128 0x12
 1090 00f5 34       		.uleb128 0x34
 1091 00f6 00       		.byte	0
 1092 00f7 03       		.uleb128 0x3
 1093 00f8 0E       		.uleb128 0xe
 1094 00f9 3A       		.uleb128 0x3a
 1095 00fa 0B       		.uleb128 0xb
 1096 00fb 3B       		.uleb128 0x3b
 1097 00fc 05       		.uleb128 0x5
 1098 00fd 49       		.uleb128 0x49
 1099 00fe 13       		.uleb128 0x13
 1100 00ff 3F       		.uleb128 0x3f
 1101 0100 19       		.uleb128 0x19
 1102 0101 3C       		.uleb128 0x3c
 1103 0102 19       		.uleb128 0x19
 1104 0103 00       		.byte	0
 1105 0104 00       		.byte	0
 1106 0105 13       		.uleb128 0x13
 1107 0106 35       		.uleb128 0x35
 1108 0107 00       		.byte	0
 1109 0108 49       		.uleb128 0x49
 1110 0109 13       		.uleb128 0x13
 1111 010a 00       		.byte	0
 1112 010b 00       		.byte	0
 1113 010c 14       		.uleb128 0x14
 1114 010d 2E       		.uleb128 0x2e
 1115 010e 00       		.byte	0
 1116 010f 3F       		.uleb128 0x3f
 1117 0110 19       		.uleb128 0x19
 1118 0111 3C       		.uleb128 0x3c
 1119 0112 19       		.uleb128 0x19
 1120 0113 6E       		.uleb128 0x6e
 1121 0114 0E       		.uleb128 0xe
 1122 0115 03       		.uleb128 0x3
 1123 0116 0E       		.uleb128 0xe
 1124 0117 3A       		.uleb128 0x3a
 1125 0118 0B       		.uleb128 0xb
 1126 0119 3B       		.uleb128 0x3b
 1127 011a 0B       		.uleb128 0xb
 1128 011b 00       		.byte	0
 1129 011c 00       		.byte	0
 1130 011d 00       		.byte	0
 1131              		.section	.debug_loc,"",%progbits
 1132              	.Ldebug_loc0:
 1133              	.LLST0:
 1134 0000 00000000 		.4byte	.LVL0
 1135 0004 09000000 		.4byte	.LVL1-1
 1136 0008 0100     		.2byte	0x1
 1137 000a 50       		.byte	0x50
 1138 000b 09000000 		.4byte	.LVL1-1
 1139 000f 0C000000 		.4byte	.LVL2
 1140 0013 0400     		.2byte	0x4
 1141 0015 F3       		.byte	0xf3
ARM GAS  C:\Users\CHONGY~1\AppData\Local\Temp\ccXIiQYV.s 			page 23


 1142 0016 01       		.uleb128 0x1
 1143 0017 50       		.byte	0x50
 1144 0018 9F       		.byte	0x9f
 1145 0019 0C000000 		.4byte	.LVL2
 1146 001d 11000000 		.4byte	.LVL3-1
 1147 0021 0100     		.2byte	0x1
 1148 0023 50       		.byte	0x50
 1149 0024 11000000 		.4byte	.LVL3-1
 1150 0028 14000000 		.4byte	.LFE63
 1151 002c 0400     		.2byte	0x4
 1152 002e F3       		.byte	0xf3
 1153 002f 01       		.uleb128 0x1
 1154 0030 50       		.byte	0x50
 1155 0031 9F       		.byte	0x9f
 1156 0032 00000000 		.4byte	0
 1157 0036 00000000 		.4byte	0
 1158              	.LLST1:
 1159 003a 00000000 		.4byte	.LVL4
 1160 003e 04000000 		.4byte	.LVL5
 1161 0042 0100     		.2byte	0x1
 1162 0044 50       		.byte	0x50
 1163 0045 04000000 		.4byte	.LVL5
 1164 0049 0A000000 		.4byte	.LFE64
 1165 004d 0400     		.2byte	0x4
 1166 004f F3       		.byte	0xf3
 1167 0050 01       		.uleb128 0x1
 1168 0051 50       		.byte	0x50
 1169 0052 9F       		.byte	0x9f
 1170 0053 00000000 		.4byte	0
 1171 0057 00000000 		.4byte	0
 1172              	.LLST2:
 1173 005b 00000000 		.4byte	.LVL7
 1174 005f 09000000 		.4byte	.LVL8-1
 1175 0063 0100     		.2byte	0x1
 1176 0065 50       		.byte	0x50
 1177 0066 09000000 		.4byte	.LVL8-1
 1178 006a 10000000 		.4byte	.LVL10
 1179 006e 0400     		.2byte	0x4
 1180 0070 F3       		.byte	0xf3
 1181 0071 01       		.uleb128 0x1
 1182 0072 50       		.byte	0x50
 1183 0073 9F       		.byte	0x9f
 1184 0074 10000000 		.4byte	.LVL10
 1185 0078 15000000 		.4byte	.LVL11-1
 1186 007c 0100     		.2byte	0x1
 1187 007e 50       		.byte	0x50
 1188 007f 15000000 		.4byte	.LVL11-1
 1189 0083 1C000000 		.4byte	.LFE65
 1190 0087 0400     		.2byte	0x4
 1191 0089 F3       		.byte	0xf3
 1192 008a 01       		.uleb128 0x1
 1193 008b 50       		.byte	0x50
 1194 008c 9F       		.byte	0x9f
 1195 008d 00000000 		.4byte	0
 1196 0091 00000000 		.4byte	0
 1197              	.LLST3:
 1198 0095 00000000 		.4byte	.LVL13
ARM GAS  C:\Users\CHONGY~1\AppData\Local\Temp\ccXIiQYV.s 			page 24


 1199 0099 0D000000 		.4byte	.LVL14-1
 1200 009d 0100     		.2byte	0x1
 1201 009f 50       		.byte	0x50
 1202 00a0 0D000000 		.4byte	.LVL14-1
 1203 00a4 B2000000 		.4byte	.LVL40
 1204 00a8 0100     		.2byte	0x1
 1205 00aa 5B       		.byte	0x5b
 1206 00ab B2000000 		.4byte	.LVL40
 1207 00af C8000000 		.4byte	.LFE66
 1208 00b3 0400     		.2byte	0x4
 1209 00b5 F3       		.byte	0xf3
 1210 00b6 01       		.uleb128 0x1
 1211 00b7 50       		.byte	0x50
 1212 00b8 9F       		.byte	0x9f
 1213 00b9 00000000 		.4byte	0
 1214 00bd 00000000 		.4byte	0
 1215              	.LLST4:
 1216 00c1 00000000 		.4byte	.LVL13
 1217 00c5 0D000000 		.4byte	.LVL14-1
 1218 00c9 0100     		.2byte	0x1
 1219 00cb 51       		.byte	0x51
 1220 00cc 0D000000 		.4byte	.LVL14-1
 1221 00d0 B2000000 		.4byte	.LVL40
 1222 00d4 0100     		.2byte	0x1
 1223 00d6 5A       		.byte	0x5a
 1224 00d7 B2000000 		.4byte	.LVL40
 1225 00db C8000000 		.4byte	.LFE66
 1226 00df 0400     		.2byte	0x4
 1227 00e1 F3       		.byte	0xf3
 1228 00e2 01       		.uleb128 0x1
 1229 00e3 51       		.byte	0x51
 1230 00e4 9F       		.byte	0x9f
 1231 00e5 00000000 		.4byte	0
 1232 00e9 00000000 		.4byte	0
 1233              	.LLST5:
 1234 00ed 10000000 		.4byte	.LVL15
 1235 00f1 B2000000 		.4byte	.LVL40
 1236 00f5 0100     		.2byte	0x1
 1237 00f7 57       		.byte	0x57
 1238 00f8 B2000000 		.4byte	.LVL40
 1239 00fc C8000000 		.4byte	.LFE66
 1240 0100 0500     		.2byte	0x5
 1241 0102 03       		.byte	0x3
 1242 0103 04000000 		.4byte	QuadDec_1_prevCounterValue.5954
 1243 0107 00000000 		.4byte	0
 1244 010b 00000000 		.4byte	0
 1245              	.LLST6:
 1246 010f 16000000 		.4byte	.LVL17
 1247 0113 B2000000 		.4byte	.LVL40
 1248 0117 0100     		.2byte	0x1
 1249 0119 56       		.byte	0x56
 1250 011a B2000000 		.4byte	.LVL40
 1251 011e C8000000 		.4byte	.LFE66
 1252 0122 0500     		.2byte	0x5
 1253 0124 03       		.byte	0x3
 1254 0125 06000000 		.4byte	QuadDec_2_prevCounterValue.5955
 1255 0129 00000000 		.4byte	0
ARM GAS  C:\Users\CHONGY~1\AppData\Local\Temp\ccXIiQYV.s 			page 25


 1256 012d 00000000 		.4byte	0
 1257              	.LLST7:
 1258 0131 1C000000 		.4byte	.LVL19
 1259 0135 28000000 		.4byte	.LVL21
 1260 0139 0100     		.2byte	0x1
 1261 013b 50       		.byte	0x50
 1262 013c 28000000 		.4byte	.LVL21
 1263 0140 B2000000 		.4byte	.LVL40
 1264 0144 0100     		.2byte	0x1
 1265 0146 55       		.byte	0x55
 1266 0147 B2000000 		.4byte	.LVL40
 1267 014b C8000000 		.4byte	.LFE66
 1268 014f 0500     		.2byte	0x5
 1269 0151 03       		.byte	0x3
 1270 0152 00000000 		.4byte	prevTime.5956
 1271 0156 00000000 		.4byte	0
 1272 015a 00000000 		.4byte	0
 1273              	.LLST8:
 1274 015e 24000000 		.4byte	.LVL20
 1275 0162 84000000 		.4byte	.LVL36
 1276 0166 0100     		.2byte	0x1
 1277 0168 58       		.byte	0x58
 1278 0169 00000000 		.4byte	0
 1279 016d 00000000 		.4byte	0
 1280              	.LLST9:
 1281 0171 4C000000 		.4byte	.LVL26
 1282 0175 50000000 		.4byte	.LVL27
 1283 0179 0600     		.2byte	0x6
 1284 017b 50       		.byte	0x50
 1285 017c 93       		.byte	0x93
 1286 017d 04       		.uleb128 0x4
 1287 017e 51       		.byte	0x51
 1288 017f 93       		.byte	0x93
 1289 0180 04       		.uleb128 0x4
 1290 0181 50000000 		.4byte	.LVL27
 1291 0185 AE000000 		.4byte	.LVL39
 1292 0189 0200     		.2byte	0x2
 1293 018b 7D       		.byte	0x7d
 1294 018c 00       		.sleb128 0
 1295 018d AE000000 		.4byte	.LVL39
 1296 0191 B2000000 		.4byte	.LVL40
 1297 0195 0200     		.2byte	0x2
 1298 0197 91       		.byte	0x91
 1299 0198 48       		.sleb128 -56
 1300 0199 B2000000 		.4byte	.LVL40
 1301 019d C8000000 		.4byte	.LFE66
 1302 01a1 0200     		.2byte	0x2
 1303 01a3 7D       		.byte	0x7d
 1304 01a4 48       		.sleb128 -56
 1305 01a5 00000000 		.4byte	0
 1306 01a9 00000000 		.4byte	0
 1307              	.LLST10:
 1308 01ad 74000000 		.4byte	.LVL32
 1309 01b1 76000000 		.4byte	.LVL33
 1310 01b5 0600     		.2byte	0x6
 1311 01b7 50       		.byte	0x50
 1312 01b8 93       		.byte	0x93
ARM GAS  C:\Users\CHONGY~1\AppData\Local\Temp\ccXIiQYV.s 			page 26


 1313 01b9 04       		.uleb128 0x4
 1314 01ba 51       		.byte	0x51
 1315 01bb 93       		.byte	0x93
 1316 01bc 04       		.uleb128 0x4
 1317 01bd 76000000 		.4byte	.LVL33
 1318 01c1 B2000000 		.4byte	.LVL40
 1319 01c5 0200     		.2byte	0x2
 1320 01c7 91       		.byte	0x91
 1321 01c8 50       		.sleb128 -48
 1322 01c9 B2000000 		.4byte	.LVL40
 1323 01cd C8000000 		.4byte	.LFE66
 1324 01d1 0200     		.2byte	0x2
 1325 01d3 7D       		.byte	0x7d
 1326 01d4 50       		.sleb128 -48
 1327 01d5 00000000 		.4byte	0
 1328 01d9 00000000 		.4byte	0
 1329              	.LLST11:
 1330 01dd 00000000 		.4byte	.LVL41
 1331 01e1 0B000000 		.4byte	.LVL42-1
 1332 01e5 0100     		.2byte	0x1
 1333 01e7 50       		.byte	0x50
 1334 01e8 0B000000 		.4byte	.LVL42-1
 1335 01ec 3C000000 		.4byte	.LVL51
 1336 01f0 0100     		.2byte	0x1
 1337 01f2 55       		.byte	0x55
 1338 01f3 3C000000 		.4byte	.LVL51
 1339 01f7 6C000000 		.4byte	.LFE67
 1340 01fb 0400     		.2byte	0x4
 1341 01fd F3       		.byte	0xf3
 1342 01fe 01       		.uleb128 0x1
 1343 01ff 50       		.byte	0x50
 1344 0200 9F       		.byte	0x9f
 1345 0201 00000000 		.4byte	0
 1346 0205 00000000 		.4byte	0
 1347              	.LLST12:
 1348 0209 00000000 		.4byte	.LVL41
 1349 020d 0B000000 		.4byte	.LVL42-1
 1350 0211 0100     		.2byte	0x1
 1351 0213 51       		.byte	0x51
 1352 0214 0B000000 		.4byte	.LVL42-1
 1353 0218 3A000000 		.4byte	.LVL50
 1354 021c 0100     		.2byte	0x1
 1355 021e 54       		.byte	0x54
 1356 021f 3A000000 		.4byte	.LVL50
 1357 0223 3C000000 		.4byte	.LVL51
 1358 0227 0300     		.2byte	0x3
 1359 0229 74       		.byte	0x74
 1360 022a 7E       		.sleb128 -2
 1361 022b 9F       		.byte	0x9f
 1362 022c 3C000000 		.4byte	.LVL51
 1363 0230 6A000000 		.4byte	.LVL57
 1364 0234 0100     		.2byte	0x1
 1365 0236 55       		.byte	0x55
 1366 0237 00000000 		.4byte	0
 1367 023b 00000000 		.4byte	0
 1368              	.LLST13:
 1369 023f 00000000 		.4byte	.LVL41
ARM GAS  C:\Users\CHONGY~1\AppData\Local\Temp\ccXIiQYV.s 			page 27


 1370 0243 0B000000 		.4byte	.LVL42-1
 1371 0247 0100     		.2byte	0x1
 1372 0249 52       		.byte	0x52
 1373 024a 0B000000 		.4byte	.LVL42-1
 1374 024e 6C000000 		.4byte	.LFE67
 1375 0252 0100     		.2byte	0x1
 1376 0254 56       		.byte	0x56
 1377 0255 00000000 		.4byte	0
 1378 0259 00000000 		.4byte	0
 1379              		.section	.debug_aranges,"",%progbits
 1380 0000 3C000000 		.4byte	0x3c
 1381 0004 0200     		.2byte	0x2
 1382 0006 00000000 		.4byte	.Ldebug_info0
 1383 000a 04       		.byte	0x4
 1384 000b 00       		.byte	0
 1385 000c 0000     		.2byte	0
 1386 000e 0000     		.2byte	0
 1387 0010 00000000 		.4byte	.LFB63
 1388 0014 14000000 		.4byte	.LFE63-.LFB63
 1389 0018 00000000 		.4byte	.LFB64
 1390 001c 0A000000 		.4byte	.LFE64-.LFB64
 1391 0020 00000000 		.4byte	.LFB65
 1392 0024 1C000000 		.4byte	.LFE65-.LFB65
 1393 0028 00000000 		.4byte	.LFB66
 1394 002c C8000000 		.4byte	.LFE66-.LFB66
 1395 0030 00000000 		.4byte	.LFB67
 1396 0034 6C000000 		.4byte	.LFE67-.LFB67
 1397 0038 00000000 		.4byte	0
 1398 003c 00000000 		.4byte	0
 1399              		.section	.debug_ranges,"",%progbits
 1400              	.Ldebug_ranges0:
 1401 0000 00000000 		.4byte	.LFB63
 1402 0004 14000000 		.4byte	.LFE63
 1403 0008 00000000 		.4byte	.LFB64
 1404 000c 0A000000 		.4byte	.LFE64
 1405 0010 00000000 		.4byte	.LFB65
 1406 0014 1C000000 		.4byte	.LFE65
 1407 0018 00000000 		.4byte	.LFB66
 1408 001c C8000000 		.4byte	.LFE66
 1409 0020 00000000 		.4byte	.LFB67
 1410 0024 6C000000 		.4byte	.LFE67
 1411 0028 00000000 		.4byte	0
 1412 002c 00000000 		.4byte	0
 1413              		.section	.debug_line,"",%progbits
 1414              	.Ldebug_line0:
 1415 0000 4C020000 		.section	.debug_str,"MS",%progbits,1
 1415      0200D401 
 1415      00000201 
 1415      FB0E0D00 
 1415      01010101 
 1416              	.LASF41:
 1417 0000 51756164 		.ascii	"QuadDec_1_Start\000"
 1417      4465635F 
 1417      315F5374 
 1417      61727400 
 1418              	.LASF25:
 1419 0010 616E6775 		.ascii	"angular_velocity_right\000"
ARM GAS  C:\Users\CHONGY~1\AppData\Local\Temp\ccXIiQYV.s 			page 28


 1419      6C61725F 
 1419      76656C6F 
 1419      63697479 
 1419      5F726967 
 1420              	.LASF35:
 1421 0027 6D6F746F 		.ascii	"motor_move\000"
 1421      725F6D6F 
 1421      766500
 1422              	.LASF18:
 1423 0032 6D6F746F 		.ascii	"motor_status\000"
 1423      725F7374 
 1423      61747573 
 1423      00
 1424              	.LASF9:
 1425 003f 5F5F696E 		.ascii	"__int32_t\000"
 1425      7433325F 
 1425      7400
 1426              	.LASF34:
 1427 0049 616E6775 		.ascii	"angular_displacement_right\000"
 1427      6C61725F 
 1427      64697370 
 1427      6C616365 
 1427      6D656E74 
 1428              	.LASF52:
 1429 0064 4D4F544F 		.ascii	"MOTOR_1_IN_RIGHT_Read\000"
 1429      525F315F 
 1429      494E5F52 
 1429      49474854 
 1429      5F526561 
 1430              	.LASF53:
 1431 007a 4D4F544F 		.ascii	"MOTOR_2_IN_RIGHT_Write\000"
 1431      525F325F 
 1431      494E5F52 
 1431      49474854 
 1431      5F577269 
 1432              	.LASF31:
 1433 0091 63757272 		.ascii	"currentTime\000"
 1433      656E7454 
 1433      696D6500 
 1434              	.LASF36:
 1435 009d 64697265 		.ascii	"direction\000"
 1435      6374696F 
 1435      6E00
 1436              	.LASF45:
 1437 00a7 51756164 		.ascii	"QuadDec_1_GetCounter\000"
 1437      4465635F 
 1437      315F4765 
 1437      74436F75 
 1437      6E746572 
 1438              	.LASF10:
 1439 00bc 696E7433 		.ascii	"int32_t\000"
 1439      325F7400 
 1440              	.LASF30:
 1441 00c4 51756164 		.ascii	"QuadDec_2_currentCounterValue\000"
 1441      4465635F 
 1441      325F6375 
 1441      7272656E 
ARM GAS  C:\Users\CHONGY~1\AppData\Local\Temp\ccXIiQYV.s 			page 29


 1441      74436F75 
 1442              	.LASF19:
 1443 00e2 6D6F746F 		.ascii	"motor_pwm_control\000"
 1443      725F7077 
 1443      6D5F636F 
 1443      6E74726F 
 1443      6C00
 1444              	.LASF13:
 1445 00f4 666C6F61 		.ascii	"float\000"
 1445      7400
 1446              	.LASF7:
 1447 00fa 6C6F6E67 		.ascii	"long long unsigned int\000"
 1447      206C6F6E 
 1447      6720756E 
 1447      7369676E 
 1447      65642069 
 1448              	.LASF1:
 1449 0111 756E7369 		.ascii	"unsigned char\000"
 1449      676E6564 
 1449      20636861 
 1449      7200
 1450              	.LASF54:
 1451 011f 474E5520 		.ascii	"GNU C11 5.4.1 20160609 (release) [ARM/embedded-5-br"
 1451      43313120 
 1451      352E342E 
 1451      31203230 
 1451      31363036 
 1452 0152 616E6368 		.ascii	"anch revision 237715] -mcpu=cortex-m3 -mthumb -g -O"
 1452      20726576 
 1452      6973696F 
 1452      6E203233 
 1452      37373135 
 1453 0185 67202D66 		.ascii	"g -ffunction-sections -ffat-lto-objects\000"
 1453      66756E63 
 1453      74696F6E 
 1453      2D736563 
 1453      74696F6E 
 1454              	.LASF47:
 1455 01ad 43795F53 		.ascii	"Cy_SysTick_GetCount\000"
 1455      79735469 
 1455      636B5F47 
 1455      6574436F 
 1455      756E7400 
 1456              	.LASF12:
 1457 01c1 696E7431 		.ascii	"int16\000"
 1457      3600
 1458              	.LASF5:
 1459 01c7 6C6F6E67 		.ascii	"long unsigned int\000"
 1459      20756E73 
 1459      69676E65 
 1459      6420696E 
 1459      7400
 1460              	.LASF33:
 1461 01d9 616E6775 		.ascii	"angular_displacement_left\000"
 1461      6C61725F 
 1461      64697370 
 1461      6C616365 
ARM GAS  C:\Users\CHONGY~1\AppData\Local\Temp\ccXIiQYV.s 			page 30


 1461      6D656E74 
 1462              	.LASF38:
 1463 01f3 50574D5F 		.ascii	"PWM_1_Start\000"
 1463      315F5374 
 1463      61727400 
 1464              	.LASF56:
 1465 01ff 433A5C55 		.ascii	"C:\\Users\\Chong Yen Juin\\Desktop\\Monash\\ECE4191"
 1465      73657273 
 1465      5C43686F 
 1465      6E672059 
 1465      656E204A 
 1466 022d 5C303920 		.ascii	"\\09 - Implementation\\ECE4191-G15\\ECE4191\\ColorB"
 1466      2D20496D 
 1466      706C656D 
 1466      656E7461 
 1466      74696F6E 
 1467 025c 6F776C52 		.ascii	"owlRobot_G15.cydsn\000"
 1467      6F626F74 
 1467      5F473135 
 1467      2E637964 
 1467      736E00
 1468              	.LASF51:
 1469 026f 4D4F544F 		.ascii	"MOTOR_2_IN_LEFT_Write\000"
 1469      525F325F 
 1469      494E5F4C 
 1469      4546545F 
 1469      57726974 
 1470              	.LASF57:
 1471 0285 49544D5F 		.ascii	"ITM_RxBuffer\000"
 1471      52784275 
 1471      66666572 
 1471      00
 1472              	.LASF26:
 1473 0292 51756164 		.ascii	"QuadDec_1_prevCounterValue\000"
 1473      4465635F 
 1473      315F7072 
 1473      6576436F 
 1473      756E7465 
 1474              	.LASF14:
 1475 02ad 646F7562 		.ascii	"double\000"
 1475      6C6500
 1476              	.LASF48:
 1477 02b4 4D4F544F 		.ascii	"MOTOR_1_IN_LEFT_Write\000"
 1477      525F315F 
 1477      494E5F4C 
 1477      4546545F 
 1477      57726974 
 1478              	.LASF27:
 1479 02ca 51756164 		.ascii	"QuadDec_2_prevCounterValue\000"
 1479      4465635F 
 1479      325F7072 
 1479      6576436F 
 1479      756E7465 
 1480              	.LASF11:
 1481 02e5 75696E74 		.ascii	"uint32\000"
 1481      333200
 1482              	.LASF44:
ARM GAS  C:\Users\CHONGY~1\AppData\Local\Temp\ccXIiQYV.s 			page 31


 1483 02ec 51756164 		.ascii	"QuadDec_2_Stop\000"
 1483      4465635F 
 1483      325F5374 
 1483      6F7000
 1484              	.LASF39:
 1485 02fb 50574D5F 		.ascii	"PWM_1_Stop\000"
 1485      315F5374 
 1485      6F7000
 1486              	.LASF8:
 1487 0306 756E7369 		.ascii	"unsigned int\000"
 1487      676E6564 
 1487      20696E74 
 1487      00
 1488              	.LASF22:
 1489 0313 71756164 		.ascii	"quad_decoder_status\000"
 1489      5F646563 
 1489      6F646572 
 1489      5F737461 
 1489      74757300 
 1490              	.LASF28:
 1491 0327 70726576 		.ascii	"prevTime\000"
 1491      54696D65 
 1491      00
 1492              	.LASF55:
 1493 0330 6D6F746F 		.ascii	"motor_control.c\000"
 1493      725F636F 
 1493      6E74726F 
 1493      6C2E6300 
 1494              	.LASF20:
 1495 0340 6D6F6465 		.ascii	"mode\000"
 1495      00
 1496              	.LASF46:
 1497 0345 51756164 		.ascii	"QuadDec_2_GetCounter\000"
 1497      4465635F 
 1497      325F4765 
 1497      74436F75 
 1497      6E746572 
 1498              	.LASF29:
 1499 035a 51756164 		.ascii	"QuadDec_1_currentCounterValue\000"
 1499      4465635F 
 1499      315F6375 
 1499      7272656E 
 1499      74436F75 
 1500              	.LASF49:
 1501 0378 4D4F544F 		.ascii	"MOTOR_1_IN_RIGHT_Write\000"
 1501      525F315F 
 1501      494E5F52 
 1501      49474854 
 1501      5F577269 
 1502              	.LASF21:
 1503 038f 70776D5F 		.ascii	"pwm_value\000"
 1503      76616C75 
 1503      6500
 1504              	.LASF37:
 1505 0399 73706565 		.ascii	"speed\000"
 1505      6400
 1506              	.LASF17:
ARM GAS  C:\Users\CHONGY~1\AppData\Local\Temp\ccXIiQYV.s 			page 32


 1507 039f 73697A65 		.ascii	"sizetype\000"
 1507      74797065 
 1507      00
 1508              	.LASF40:
 1509 03a8 50574D5F 		.ascii	"PWM_1_WriteCompare\000"
 1509      315F5772 
 1509      69746543 
 1509      6F6D7061 
 1509      726500
 1510              	.LASF6:
 1511 03bb 6C6F6E67 		.ascii	"long long int\000"
 1511      206C6F6E 
 1511      6720696E 
 1511      7400
 1512              	.LASF32:
 1513 03c9 64656C74 		.ascii	"deltaTime\000"
 1513      6154696D 
 1513      6500
 1514              	.LASF15:
 1515 03d3 63686172 		.ascii	"char\000"
 1515      00
 1516              	.LASF50:
 1517 03d8 4D4F544F 		.ascii	"MOTOR_1_IN_LEFT_Read\000"
 1517      525F315F 
 1517      494E5F4C 
 1517      4546545F 
 1517      52656164 
 1518              	.LASF2:
 1519 03ed 73686F72 		.ascii	"short int\000"
 1519      7420696E 
 1519      7400
 1520              	.LASF43:
 1521 03f7 51756164 		.ascii	"QuadDec_1_Stop\000"
 1521      4465635F 
 1521      315F5374 
 1521      6F7000
 1522              	.LASF4:
 1523 0406 6C6F6E67 		.ascii	"long int\000"
 1523      20696E74 
 1523      00
 1524              	.LASF16:
 1525 040f 6C6F6E67 		.ascii	"long double\000"
 1525      20646F75 
 1525      626C6500 
 1526              	.LASF0:
 1527 041b 7369676E 		.ascii	"signed char\000"
 1527      65642063 
 1527      68617200 
 1528              	.LASF3:
 1529 0427 73686F72 		.ascii	"short unsigned int\000"
 1529      7420756E 
 1529      7369676E 
 1529      65642069 
 1529      6E7400
 1530              	.LASF24:
 1531 043a 616E6775 		.ascii	"angular_velocity_left\000"
 1531      6C61725F 
ARM GAS  C:\Users\CHONGY~1\AppData\Local\Temp\ccXIiQYV.s 			page 33


 1531      76656C6F 
 1531      63697479 
 1531      5F6C6566 
 1532              	.LASF23:
 1533 0450 636F6D70 		.ascii	"compute_angular_velocities\000"
 1533      7574655F 
 1533      616E6775 
 1533      6C61725F 
 1533      76656C6F 
 1534              	.LASF42:
 1535 046b 51756164 		.ascii	"QuadDec_2_Start\000"
 1535      4465635F 
 1535      325F5374 
 1535      61727400 
 1536              		.ident	"GCC: (GNU Tools for ARM Embedded Processors) 5.4.1 20160609 (release) [ARM/embedded-5-bran
