--------------- Build Started: 08/15/2023 20:29:58 Project: ColorBowlRobot_G15, Configuration: ARM GCC 5.4-2016-q2-update Debug ---------------
cydsfit.exe -.appdatapath "C:\Users\Chong Yen Juin\AppData\Local\Cypress Semiconductor\PSoC Creator\4.4" -.fdsnotice -.fdswarpdepfile=warp_dependencies.txt -.fdselabdepfile=elab_dependencies.txt -.fdsbldfile=generated_files.txt -.fdsreffile=referenced_files.txt -p "C:\Users\Chong Yen Juin\Desktop\Monash\ECE4191\09 - Implementation\ECE4191-G15\ECE4191\ColorBowlRobot_G15.cydsn\ColorBowlRobot_G15.cyprj" -d CY8C5888LTI-LP097 -s "C:\Users\Chong Yen Juin\Desktop\Monash\ECE4191\09 - Implementation\ECE4191-G15\ECE4191\ColorBowlRobot_G15.cydsn\Generated_Source\PSoC5" -- -yv2 -q10 -ygs -o2 -v3 -.fftcfgtype=LE
Elaborating Design...
HDL Generation...
Synthesis...
Tech Mapping...
Analog Placement...
Analog Routing...
Analog Code Generation...
Digital Placement...
Digital Routing...
Bitstream Generation...
Bitstream Verification...
Static timing analysis...
API Generation...
Dependency Generation...
Cleanup...
arm-none-eabi-gcc.exe -mcpu=cortex-m3 -mthumb -I. -IGenerated_Source\PSoC5 -Wa,-alh=.\CortexM3\ARM_GCC_541\Debug/main.lst -g -D DEBUG -D CY_CORE_ID=0 -Wall -ffunction-sections -ffat-lto-objects -Og -c main.c -o .\CortexM3\ARM_GCC_541\Debug\main.o
arm-none-eabi-gcc.exe -mcpu=cortex-m3 -mthumb -I. -IGenerated_Source\PSoC5 -Wa,-alh=.\CortexM3\ARM_GCC_541\Debug/motor_control.lst -g -D DEBUG -D CY_CORE_ID=0 -Wall -ffunction-sections -ffat-lto-objects -Og -c motor_control.c -o .\CortexM3\ARM_GCC_541\Debug\motor_control.o
motor_control.c: In function 'compute_angular_velocities':
motor_control.c:110:26: error: expected expression before ';' token
     uint32 currentTime = ;
                          ^
The command 'arm-none-eabi-gcc.exe' failed with exit code '1'.
--------------- Build Failed: 08/15/2023 20:30:10 ---------------
